0.14426536858081818
0.2499789148569107
0.08368108421564102
0.13686060905456543
0.21666163206100464
0.19778338074684143
0.3491813540458679
0.1920819729566574
0.23106388747692108
0.2693968117237091
0.23973920941352844
0.05916735902428627
0.03929571062326431
0.10969940572977066
0.18370966613292694
0.1374054253101349
0.09006541222333908
0.05288269370794296
0.16515952348709106
0.1548996865749359
0.12679055333137512
0.1271359771490097
0.13339537382125854
0.13406167924404144
0.09256498515605927
0.13165807723999023
0.388547420501709
0.13966257870197296
0.07299909740686417
0.061563462018966675
0.11311325430870056
0.0748245120048523
0.19725149869918823
0.04900481924414635
0.07966192066669464
0.1560308039188385
0.13053934276103973
0.11654387414455414
0.23668530583381653
0.15973541140556335
0.11015017330646515
0.208754763007164
0.09419838339090347
0.05420638620853424
0.07954356074333191
0.13184265792369843
0.24020960927009583
0.3088979125022888
0.05843816697597504
0.3034326732158661
0.17364613711833954
0.17642374336719513
0.21327438950538635
0.08783244341611862
0.06855406612157822
0.19384776055812836
0.13208460807800293
0.07141703367233276
0.17844153940677643
0.11559182405471802
0.2799197733402252
0.3486986756324768
0.23971039056777954
0.07469899952411652
0.06770816445350647
0.09298150986433029
0.14278744161128998
0.34355393052101135
0.12041466683149338
0.16512048244476318
0.13315917551517487
0.06384997069835663
0.06194578483700752
0.12513354420661926
0.261438250541687
0.15102936327457428
0.24475522339344025
0.1932038813829422
0.09064757823944092
0.10954755544662476
0.13120950758457184
0.07402889430522919
0.169033020734787
0.2277022749185562
0.055998727679252625
0.16353043913841248
0.20641812682151794
0.24181832373142242
0.17476977407932281
0.16274157166481018
0.13631479442119598
0.23887082934379578
0.0979754626750946
0.2995378077030182
0.27222591638565063
0.12097926437854767
0.08805616945028305
0.2768235206604004
0.18733654916286469
0.08090174943208694
0.12603358924388885
0.18934068083763123
0.212295800447464
0.13211631774902344
0.07796964794397354
0.324223130941391
0.08321590721607208
0.100539430975914
0.1389082819223404
0.25782522559165955
0.22539524734020233
0.19411084055900574
0.24923603236675262
0.15049384534358978
0.10385321080684662
0.18134553730487823
0.08806067705154419
0.17368993163108826
0.13402307033538818
0.08240402489900589
0.1785801202058792
0.12422547489404678
0.1865478754043579
0.04339764267206192
0.2277720868587494
0.08428028225898743
0.24917888641357422
0.2145891636610031
0.1265602707862854
0.09980122745037079
0.12403770536184311
0.17750507593154907
0.24891608953475952
0.05360034108161926
0.054762862622737885
0.0972147136926651
0.11949101835489273
0.1128895953297615
0.1518697887659073
0.1015952005982399
0.13947081565856934
0.09609190374612808
0.11561272293329239
0.2546199858188629
0.22570006549358368
0.09047269076108932
0.40520143508911133
0.11968132108449936
0.16085712611675262
0.12114069610834122
0.208308145403862
0.19311580061912537
0.04901692643761635
0.09616970270872116
0.13349565863609314
0.08483904600143433
0.1845298856496811
0.18339456617832184
0.11745676398277283
0.0426158532500267
0.40394267439842224
0.14455364644527435
0.1834903359413147
0.10277914255857468
0.1052527204155922
0.11466164141893387
0.07247046381235123
0.0762038454413414
0.18809874355793
0.15319842100143433
0.1744188517332077
0.11769704520702362
0.31966492533683777
0.11198092252016068
0.19702616333961487
0.1245211586356163
0.2305770069360733
0.0840475931763649
0.17165018618106842
0.1936025470495224
0.180238738656044
0.13576029241085052
0.3644007444381714
0.29986098408699036
0.09869758039712906
0.1102098748087883
0.10285177826881409
0.14315396547317505
0.19323322176933289
0.06939924508333206
0.0811128243803978
0.21729563176631927
0.17683571577072144
0.1306295245885849
0.1028018444776535
0.09936923533678055
0.094977468252182
0.13472016155719757
0.05331796407699585
0.05019602179527283
0.11810485273599625
0.05476067215204239
0.23569674789905548
0.22411169111728668
0.07036775350570679
0.11014298349618912
0.05900456756353378
0.21563008427619934
0.20414228737354279
0.09418363869190216
0.1718626171350479
0.15507227182388306
0.10628586262464523
0.0474393293261528
0.1956135630607605
0.1767185628414154
0.03132706135511398
0.05819300562143326
0.13674655556678772
0.12528476119041443
0.05377969145774841
0.08825454115867615
0.16276700794696808
0.10830137133598328
0.19228751957416534
0.09732191264629364
0.297647088766098
0.09557714313268661
0.0750797837972641
0.05531907454133034
0.2187664806842804
0.0541602224111557
0.12158048897981644
0.07886349409818649
0.13482777774333954
0.1883491575717926
0.1261729598045349
0.07686775177717209
0.07627147436141968
0.3861997723579407
0.25817617774009705
0.08787358552217484
0.27855220437049866
0.1763094961643219
0.35637760162353516
0.23015426099300385
0.12988489866256714
0.15199238061904907
0.19989022612571716
0.0724988505244255
0.13325044512748718
0.0411292128264904
0.05866321921348572
0.2085821032524109
0.16819259524345398
0.2459169179201126
0.31234756112098694
0.10564260184764862
0.3353298604488373
0.06381771713495255
0.11362826079130173
0.1483466476202011
0.1342548280954361
0.06498602032661438
0.2696647644042969
0.14827542006969452
0.24125789105892181
0.2997123599052429
0.2535531520843506
0.15727725625038147
0.1716565638780594
0.046408794820308685
0.0926094800233841
0.17787210643291473
0.18380604684352875
0.1350162923336029
0.11600197106599808
0.10408215969800949
0.10790169984102249
0.08909634500741959
0.12486328929662704
0.1565456986427307
0.10065917670726776
0.08037685602903366
0.10468737035989761
0.09873213618993759
0.17065349221229553
0.12285766750574112
0.1638845056295395
0.23053620755672455
0.22829532623291016
0.24058865010738373
0.11695747822523117
0.1253957897424698
0.0602525919675827
0.10448232293128967
0.06035182997584343
0.12480705231428146
0.10742631554603577
0.16340185701847076
0.04964007809758186
0.08948250114917755
0.14702840149402618
0.14847011864185333
0.1345909982919693
0.15286989510059357
0.08363843709230423
0.17204341292381287
0.11914965510368347
0.18918579816818237
0.06598570942878723
0.29224881529808044
0.147869274020195
0.06828641146421432
0.18537859618663788
0.22857815027236938
0.19258299469947815
0.11486463993787766
0.10227926820516586
0.2198134958744049
0.18157169222831726
0.08951947838068008
0.050775401294231415
0.16983598470687866
0.13145935535430908
0.04144313558936119
0.14196807146072388
0.11501771956682205
0.24967828392982483
0.11723692715167999
0.4324701130390167
0.17326898872852325
0.07292355597019196
0.16562862694263458
0.06314565986394882
0.21041549742221832
0.10196667164564133
0.14397212862968445
0.03711559623479843
0.12509514391422272
0.11522819846868515
0.10678090155124664
0.1414976865053177
0.14645850658416748
0.1293758600950241
0.14285387098789215
0.10728806257247925
0.1834445744752884
0.067865289747715
0.10678430646657944
0.08728446066379547
0.10102203488349915
0.14458633959293365
0.19759061932563782
0.15176287293434143
0.07121938467025757
0.12193974107503891
0.0935448557138443
0.30582746863365173
0.16477051377296448
0.12271866202354431
0.14314043521881104
0.0304391011595726
0.21878594160079956
0.06223943829536438
0.20326095819473267
0.1714262217283249
0.4732309877872467
0.08426645398139954
0.09821578860282898
0.07691453397274017
0.10233309119939804
0.09176052361726761
0.08258682489395142
0.09287567436695099
0.17405496537685394
0.09124755859375
0.10986514389514923
0.25215792655944824
0.24390549957752228
0.1917700171470642
0.11823892593383789
0.11124233901500702
0.2735793888568878
0.12278037518262863
0.14886830747127533
0.06498105078935623
0.06934145838022232
0.10046560317277908
0.1034010574221611
0.15680231153964996
0.28707823157310486
0.0845198929309845
0.060728296637535095
0.1637059897184372
0.253483384847641
0.2185342013835907
0.1908143311738968
0.05964866280555725
0.12286440283060074
0.10424688458442688
0.045788586139678955
0.06628459692001343
0.2504473924636841
0.24168680608272552
0.06501313298940659
0.08053191751241684
0.11846763640642166
0.10433241724967957
0.12869714200496674
0.1503368318080902
0.1875322014093399
0.20624001324176788
0.12225961685180664
0.16820351779460907
0.15257693827152252
0.25340068340301514
0.19017553329467773
0.12904539704322815
0.17246559262275696
0.1382571905851364
0.17355291545391083
0.12330097705125809
0.14920617640018463
0.09826987981796265
0.03399232402443886
0.08670518547296524
0.17378132045269012
0.27263501286506653
0.1392912119626999
0.0987977534532547
0.21594557166099548
0.10965703427791595
0.3450332283973694
0.09974904358386993
0.06334149092435837
0.10230368375778198
0.16013510525226593
0.10609361529350281
0.10861406475305557
0.2769201993942261
0.1135825663805008
0.09904029220342636
0.08629627525806427
0.2630324363708496
0.1227925717830658
0.09980456531047821
0.17557163536548615
0.08696921169757843
0.20357178151607513
0.18452931940555573
0.10021307319402695
0.29573044180870056
0.07628689706325531
0.12551164627075195
0.10299123078584671
0.09975260496139526
0.22165560722351074
0.1718345284461975
0.11010440438985825
0.06909593194723129
0.18594272434711456
0.042651500552892685
0.1341615617275238
0.05023469775915146
0.19519421458244324
0.16153906285762787
0.18203365802764893
0.1440446823835373
0.2233349084854126
0.02841190993785858
0.1495457887649536
0.0903000757098198
0.0704268291592598
0.14930590987205505
0.23181235790252686
0.08878908306360245
0.1768476665019989
0.116689532995224
0.09100843220949173
0.07545965909957886
0.19241444766521454
0.11534827202558517
0.23788537085056305
0.22713002562522888
0.15853004157543182
0.13878124952316284
0.1015152782201767
0.16890466213226318
0.09557345509529114
0.08424059301614761
0.20019322633743286
0.09826910495758057
0.12337158620357513
0.1714511513710022
0.18052296340465546
0.27547594904899597
0.1289667934179306
0.05260369926691055
0.20001673698425293
0.23626777529716492
0.06530967354774475
0.14242853224277496
0.15490734577178955
0.12018416076898575
0.09377985447645187
0.3724657893180847
0.11229977756738663
0.06279290467500687
0.10173077136278152
0.10469420254230499
0.13763636350631714
0.286754846572876
0.10492542386054993
0.12999826669692993
0.08815956860780716
0.0986395850777626
0.17717844247817993
0.1610018014907837
0.07855984568595886
0.07643488049507141
0.060893721878528595
0.14734411239624023
0.1788782924413681
0.1715894639492035
0.06761014461517334
0.13179786503314972
0.1355009824037552
0.043444082140922546
0.31558606028556824
0.030090654268860817
0.10093757510185242
0.1209280788898468
0.2726500928401947
0.05150895193219185
0.12138526886701584
0.2682041525840759
0.09172337502241135
0.10038907080888748
0.06643978506326675
0.1259450763463974
0.1721482127904892
0.2692243754863739
0.15285295248031616
0.073640838265419
0.18982242047786713
0.2270764857530594
0.04989111050963402
0.1219574585556984
0.12608112394809723
0.15786035358905792
0.02938801422715187
0.1602160632610321
0.16564609110355377
0.04420214891433716
0.086185023188591
0.07617101073265076
0.17149512469768524
0.1713862419128418
0.13144299387931824
0.06490777432918549
0.16946806013584137
0.1482657939195633
0.22701938450336456
0.08079569041728973
0.15984368324279785
0.15445874631404877
0.11462920159101486
0.2296980917453766
0.15605628490447998
0.16429157555103302
0.178821861743927
0.14216288924217224
0.060830775648355484
0.1510358601808548
0.12788037955760956
0.10695686936378479
0.09935681521892548
0.09091651439666748
0.1107497289776802
0.10552163422107697
0.09553863853216171
0.16540230810642242
0.16467981040477753
0.2517760694026947
0.1089782565832138
0.06538037210702896
0.1338198184967041
0.1590609848499298
0.24636338651180267
0.09262289851903915
0.1386391520500183
0.11154848337173462
0.04234698787331581
0.12701329588890076
0.10952197015285492
0.1327577382326126
0.13935214281082153
0.1730271726846695
0.18306922912597656
0.09066890925168991
0.21916988492012024
0.05389830842614174
0.30831441283226013
0.14661887288093567
0.10811324417591095
0.15384803712368011
0.29555845260620117
0.36333000659942627
0.14341160655021667
0.02457183413207531
0.15822958946228027
0.11522456258535385
0.0936099961400032
0.20408861339092255
0.06122517213225365
0.12472992390394211
0.22825071215629578
0.18122224509716034
0.11189430207014084
0.22278334200382233
0.18318256735801697
0.17779012024402618
0.20060297846794128
0.1019422635436058
0.13357414305210114
0.18351121246814728
0.16245271265506744
0.12163226306438446
0.03120730072259903
0.082208052277565
0.2430797666311264
0.217834010720253
0.12785013020038605
0.05806146189570427
0.2223229706287384
0.069877028465271
0.13749894499778748
0.09123610705137253
0.1033543050289154
0.10032423585653305
0.025274043902754784
0.15688715875148773
0.2191282957792282
0.17349907755851746
0.1561741679906845
0.18382009863853455
0.2418544590473175
0.19936679303646088
0.19096779823303223
0.1753844916820526
0.1099020391702652
0.1802387237548828
0.17320798337459564
0.375542551279068
0.1363261193037033
0.23203271627426147
0.1623871624469757
0.08268637955188751
0.10681580007076263
0.12064708024263382
0.08678992837667465
0.1423429548740387
0.12798112630844116
0.16126219928264618
0.12112102657556534
0.10846824944019318
0.13197007775306702
0.12283734977245331
0.08766445517539978
0.12669894099235535
0.12966544926166534
0.1055702194571495
0.06503314524888992
0.056702982634305954
0.07189041376113892
0.04721870645880699
0.08728841692209244
0.1082509458065033
0.07822651416063309
0.2817268669605255
0.1762116253376007
0.0727478563785553
0.06576749682426453
0.12359792739152908
0.0498812273144722
0.07265444099903107
0.1928885579109192
0.17675866186618805
0.12792986631393433
0.06405694782733917
0.2217884212732315
0.2864868640899658
0.04097868129611015
0.23564907908439636
0.08949200809001923
0.06755813956260681
0.2985181212425232
0.03290547803044319
0.303596168756485
0.0705425813794136
0.1909884214401245
0.3157927095890045
0.059158600866794586
0.08988546580076218
0.11785778403282166
0.08452264964580536
0.09468812495470047
0.1016249880194664
0.07338690757751465
0.15207137167453766
0.047228019684553146
0.18204723298549652
0.10255689173936844
0.15734824538230896
0.18076886236667633
0.2003750056028366
0.14627884328365326
0.12710872292518616
0.12424562126398087
0.12117666006088257
0.09348035603761673
0.07132842391729355
0.1288657784461975
0.20821532607078552
0.1274193674325943
0.281141996383667
0.10278166085481644
0.10847385972738266
0.21546714007854462
0.15581484138965607
0.0849544033408165
0.10042789578437805
0.2846241593360901
0.07625885307788849
0.06792841106653214
0.1897798627614975
0.14060746133327484
0.25182676315307617
0.10437296330928802
0.12384369224309921
0.15511296689510345
0.11199706047773361
0.2049551159143448
0.23399916291236877
0.13706958293914795
0.2460286170244217
0.13493895530700684
0.10710351914167404
0.06533484905958176
0.06282476335763931
0.07052219659090042
0.2490525096654892
0.2168150544166565
0.20683135092258453
0.23495972156524658
0.12555664777755737
0.06368918716907501
0.1263832151889801
0.12677320837974548
0.06903823465108871
0.309581458568573
0.10011433064937592
0.0798233151435852
0.1251022219657898
0.08786571770906448
0.5328661799430847
0.24784283339977264
0.14740800857543945
0.18801827728748322
0.08533991873264313
0.15816165506839752
0.05789344385266304
0.18145005404949188
0.04613684490323067
0.14368613064289093
0.22763080894947052
0.07449907809495926
0.05522932484745979
0.12668031454086304
0.12365350872278214
0.11425930261611938
0.2428877353668213
0.09041821956634521
0.19881680607795715
0.1709841787815094
0.11284273117780685
0.2127424031496048
0.08775246143341064
0.13141605257987976
0.09245115518569946
0.14997579157352448
0.13819605112075806
0.19832979142665863
0.046632830053567886
0.061901528388261795
0.13153532147407532
0.3192305266857147
0.1704242080450058
0.09243340790271759
0.27155229449272156
0.16491782665252686
0.19966621696949005
0.11234442889690399
0.1513659805059433
0.11947387456893921
0.09713172167539597
0.16587114334106445
0.2695437967777252
0.049554493278265
0.24781224131584167
0.2010321319103241
0.043066222220659256
0.13150379061698914
0.0950397327542305
0.12006500363349915
0.06912174820899963
0.15781959891319275
0.25346577167510986
0.14594383537769318
0.03948255628347397
0.1778518557548523
0.10365160554647446
0.19069302082061768
0.20900899171829224
0.27890169620513916
0.14877909421920776
0.15628069639205933
0.3576948046684265
0.17989470064640045
0.17956730723381042
0.06536810100078583
0.11635806411504745
0.09637510776519775
0.05258024111390114
0.1426977813243866
0.16196343302726746
0.07052908092737198
0.22018040716648102
0.06469380855560303
0.10826417803764343
0.11960247904062271
0.12807640433311462
0.1452038735151291
0.22876130044460297
0.19367486238479614
0.11764924973249435
0.3596493899822235
0.06496936082839966
0.12047228217124939
0.17089121043682098
0.14657039940357208
0.05799068138003349
0.09766931086778641
0.0696624293923378
0.08758754283189774
0.22317348420619965
0.11654186993837357
0.14015157520771027
0.04840371757745743
0.073226198554039
0.17793063819408417
0.20709465444087982
0.038262948393821716
0.10389450192451477
0.09336600452661514
0.15660111606121063
0.14660075306892395
0.13094490766525269
0.10287287086248398
0.25283172726631165
0.11562100052833557
0.19536921381950378
0.17411212623119354
0.17868123948574066
0.09111542999744415
0.13601863384246826
0.029049605131149292
0.08815023303031921
0.10146604478359222
0.09112917631864548
0.396943598985672
0.1683991253376007
0.07331275939941406
0.025630036368966103
0.05115140974521637
0.17827749252319336
0.038079872727394104
0.22953543066978455
0.13760559260845184
0.15365447103977203
0.0910261943936348
0.16325101256370544
0.13570347428321838
0.14971913397312164
0.13655203580856323
0.15817542374134064
0.19305409491062164
0.06589958816766739
0.06564413756132126
0.21527116000652313
0.22428995370864868
0.09563367068767548
0.04725097864866257
0.19332018494606018
0.10021012276411057
0.06456422060728073
0.06776753067970276
0.027622830122709274
0.119744673371315
0.14096184074878693
0.10693114995956421
0.12728483974933624
0.053972337394952774
0.09983046352863312
0.10700876265764236
0.19716307520866394
0.28990432620048523
0.1355859637260437
0.09214901179075241
0.1287487894296646
0.15246056020259857
0.396621972322464
0.10629307478666306
0.10986734181642532
0.3424778878688812
0.14637073874473572
0.23311753571033478
0.09457921981811523
0.28535962104797363
0.41641828417778015
0.19653980433940887
0.14603541791439056
0.07492838054895401
0.10428820550441742
0.09438977390527725
0.1046692281961441
0.0512407012283802
0.13733355700969696
0.10395973175764084
