0.26247721910476685
0.18220080435276031
0.13706736266613007
0.2952467203140259
0.18805526196956635
0.12328194826841354
0.21034210920333862
0.16288354992866516
0.14311081171035767
0.0756312906742096
0.15754368901252747
0.187896728515625
0.13054004311561584
0.15317463874816895
0.3666210472583771
0.2408054769039154
0.17622533440589905
0.14750823378562927
0.06741547584533691
0.4747917950153351
0.2598802149295807
0.09093194454908371
0.33922937512397766
0.1995786875486374
0.39441215991973877
0.19275838136672974
0.2282380610704422
0.09629242867231369
0.13068345189094543
0.10482367128133774
0.13089951872825623
0.1217934712767601
0.17041166126728058
0.14262627065181732
0.22714318335056305
0.15652792155742645
0.15611368417739868
0.12366417795419693
0.1166924387216568
0.1610890030860901
0.058465950191020966
0.12735067307949066
0.1869966983795166
0.2420150339603424
0.2643696069717407
0.2746370732784271
0.10384814441204071
0.29901623725891113
0.08599868416786194
0.1588977426290512
0.18583683669567108
0.13830944895744324
0.40514707565307617
0.1140158548951149
0.09868382662534714
0.35474932193756104
0.12795664370059967
0.09956199675798416
0.14632169902324677
0.22361122071743011
0.11053944379091263
0.2630695104598999
0.12740467488765717
0.19415704905986786
0.17770810425281525
0.15893122553825378
0.1448005735874176
0.25689497590065
0.19255554676055908
0.14909863471984863
0.3174310028553009
0.27309945225715637
0.23317141830921173
0.1843433380126953
0.298377126455307
0.043030526489019394
0.1805189996957779
0.2878129184246063
0.15499454736709595
0.22845591604709625
0.1293489634990692
0.107201486825943
0.08296399563550949
0.14431749284267426
0.23983784019947052
0.3475034832954407
0.436297744512558
0.15559996664524078
0.13348808884620667
0.23791049420833588
0.3021140396595001
0.2651212811470032
0.10414152592420578
0.14576062560081482
0.3866720199584961
0.27421873807907104
0.1546182930469513
0.15547366440296173
0.12439596652984619
0.12356021255254745
0.08272232860326767
0.19417984783649445
0.10883031785488129
0.24887219071388245
0.1226615309715271
0.21267162263393402
0.2793775796890259
0.1256904900074005
0.10758902132511139
0.14294716715812683
0.07553516328334808
0.22133061289787292
0.062116172164678574
0.566445529460907
0.1666249930858612
0.25595036149024963
0.04513494297862053
0.18261779844760895
0.1578039973974228
0.19465325772762299
0.1429700404405594
0.13371886312961578
0.053394950926303864
0.3306242525577545
0.10907495021820068
0.16775867342948914
0.21905799210071564
0.13296298682689667
0.06917627900838852
0.11157809942960739
0.2512255311012268
0.09131104499101639
0.20884017646312714
0.1550792157649994
0.1471615433692932
0.12989243865013123
0.270953893661499
0.16631583869457245
0.0764850601553917
0.16984324157238007
0.20280960202217102
0.18504463136196136
0.07761568576097488
0.2778237760066986
0.18079261481761932
0.1357247680425644
0.2564221918582916
0.1625882238149643
0.15963782370090485
0.24273550510406494
0.21245519816875458
0.1618763506412506
0.19246403872966766
0.059981416910886765
0.14310957491397858
0.10480182617902756
0.445345938205719
0.20217841863632202
0.11972557753324509
0.0573417954146862
0.4686604142189026
0.24164851009845734
0.12979283928871155
0.21466472744941711
0.13625957071781158
0.19099397957324982
0.11435326188802719
0.2866189777851105
0.22750450670719147
0.1418030858039856
0.14201577007770538
0.30923670530319214
0.1548229604959488
0.24062997102737427
0.3250569999217987
0.10217070579528809
0.16567853093147278
0.25527942180633545
0.0979013592004776
0.23767444491386414
0.151227205991745
0.2662801742553711
0.09257038682699203
0.187945157289505
0.1212274432182312
0.2472340166568756
0.26313525438308716
0.3056330680847168
0.24662649631500244
0.32049036026000977
0.20127536356449127
0.2663431167602539
0.1186443343758583
0.09968702495098114
0.15697942674160004
0.09105274826288223
0.14972946047782898
0.11808279156684875
0.07926658540964127
0.19339457154273987
0.3904014527797699
0.06425191462039948
0.23475806415081024
0.14763395488262177
0.08036255091428757
0.1269330084323883
0.23489722609519958
0.30821987986564636
0.1284269243478775
0.04690632224082947
0.1956787109375
0.14382459223270416
0.12313546985387802
0.21773310005664825
0.14591124653816223
0.1703534722328186
0.1717759519815445
0.15581832826137543
0.2609180808067322
0.11700520664453506
0.06682831794023514
0.12448898702859879
0.07310735434293747
0.20112912356853485
0.27451518177986145
0.1803712397813797
0.2269480675458908
0.21944671869277954
0.2392871379852295
0.2238718420267105
0.11488490551710129
0.20794318616390228
0.2986350953578949
0.19339609146118164
0.4225664734840393
0.25009751319885254
0.2973724603652954
0.059067659080028534
0.17922775447368622
0.13596707582473755
0.25237801671028137
0.2946695387363434
0.15780292451381683
0.15858612954616547
0.18670335412025452
0.20135530829429626
0.599188506603241
0.20196260511875153
0.13064683973789215
0.07534226775169373
0.11396985501050949
0.3615652620792389
0.302974134683609
0.29101940989494324
0.09241490811109543
0.18560543656349182
0.4001947045326233
0.13959263265132904
0.1199520081281662
0.2130034863948822
0.053711310029029846
0.13378460705280304
0.09322333335876465
0.11743795871734619
0.10895874351263046
0.12399891018867493
0.12908309698104858
0.1491890251636505
0.11679007112979889
0.2106163203716278
0.24555815756320953
0.1136714443564415
0.1543336808681488
0.13439837098121643
0.25533148646354675
0.18989671766757965
0.28337132930755615
0.2089802473783493
0.21725048124790192
0.11108154058456421
0.2656610608100891
0.07753919810056686
0.22591397166252136
0.3021198511123657
0.14797480404376984
0.11399051547050476
0.06289505213499069
0.14087100327014923
0.112637460231781
0.14590908586978912
0.22000810503959656
0.2131112664937973
0.11569415032863617
0.08421856164932251
0.11943211406469345
0.2238524705171585
0.11524525284767151
0.26943618059158325
0.06462669372558594
0.17245176434516907
0.2551041543483734
0.18799321353435516
0.3190254271030426
0.14635440707206726
0.10601341724395752
0.13555005192756653
0.08106852322816849
0.09768153727054596
0.41743203997612
0.10206102579832077
0.18620645999908447
0.17582188546657562
0.19171516597270966
0.20266947150230408
0.11481539160013199
0.29187360405921936
0.105940081179142
0.20274119079113007
0.1766495257616043
0.17520084977149963
0.05393269285559654
0.17954714596271515
0.18587833642959595
0.17126797139644623
0.16720050573349
0.11811309307813644
0.14729289710521698
0.04666806012392044
0.2373379021883011
0.11460020393133163
0.1735730767250061
0.2766420841217041
0.22034330666065216
0.06803683191537857
0.10354860126972198
0.1047915369272232
0.15175403654575348
0.26796451210975647
0.24698658287525177
0.23753221333026886
0.1311667561531067
0.11560845375061035
0.166958287358284
0.14635203778743744
0.0979827418923378
0.26959922909736633
0.15152418613433838
0.276786208152771
0.13148795068264008
0.1637226939201355
0.11517506837844849
0.3211219608783722
0.17315250635147095
0.1121891662478447
0.1845051795244217
0.19591361284255981
0.1873331218957901
0.22303572297096252
0.10799039155244827
0.2624853551387787
0.23054447770118713
0.14280231297016144
0.15873102843761444
0.23497359454631805
0.10262542217969894
0.049797795712947845
0.05181432142853737
0.04758672043681145
0.2655329406261444
0.2248496264219284
0.0748106837272644
0.16586731374263763
0.15679821372032166
0.23021315038204193
0.22068987786769867
0.16546855866909027
0.17167961597442627
0.1473272293806076
0.08820280432701111
0.09804742783308029
0.14324907958507538
0.2045494168996811
0.25183019042015076
0.04048061743378639
0.1088758260011673
0.21778255701065063
0.20750483870506287
0.20635659992694855
0.15877671539783478
0.21698488295078278
0.14598511159420013
0.10283694416284561
0.24784640967845917
0.17103463411331177
0.17455992102622986
0.11862201988697052
0.06080273538827896
0.1996437907218933
0.18935222923755646
0.22395315766334534
0.1329343169927597
0.10621210932731628
0.14267216622829437
0.23632767796516418
0.23056672513484955
0.21933148801326752
0.3010510504245758
0.07430326193571091
0.14596636593341827
0.22788158059120178
0.09343452006578445
0.2720893919467926
0.025194643065333366
0.14538705348968506
0.12341263145208359
0.13152442872524261
0.11662834882736206
0.16654834151268005
0.3058868646621704
0.11427569389343262
0.24814265966415405
0.061506178230047226
0.13698433339595795
0.1197950467467308
0.10783912241458893
0.23084616661071777
0.17686007916927338
0.13687250018119812
0.21173769235610962
0.14090274274349213
0.26310741901397705
0.14886890351772308
0.13091710209846497
0.1008644849061966
0.19260835647583008
0.06461551040410995
0.2271702140569687
0.26155799627304077
0.32510167360305786
0.10584874451160431
0.1079821065068245
0.3612675666809082
0.3854103088378906
0.0776185616850853
0.08158285170793533
0.07369143515825272
0.2092069536447525
0.2250220626592636
0.19038410484790802
0.22139818966388702
0.21445271372795105
0.1195824146270752
0.23941302299499512
0.28844842314720154
0.18276198208332062
0.10813817381858826
0.34525108337402344
0.10238325595855713
0.24024417996406555
0.14349931478500366
0.06450700014829636
0.05537918582558632
0.20590431988239288
0.0938650593161583
0.27585044503211975
0.09069227427244186
0.043085645884275436
0.15418855845928192
0.06032075732946396
0.2556692957878113
0.16951003670692444
0.2526334524154663
0.27715301513671875
0.10612848401069641
0.18125103414058685
0.16210755705833435
0.07436292618513107
0.23842133581638336
0.1317177563905716
0.05055207759141922
0.08398456126451492
0.1368749886751175
0.10728946328163147
0.27525123953819275
0.19358684122562408
0.1128835529088974
0.10901404917240143
0.0905529335141182
0.2889654338359833
0.4736385941505432
0.11875216662883759
0.0920449048280716
0.19081221520900726
0.20165786147117615
0.14473575353622437
0.13841167092323303
0.13125233352184296
0.1437147706747055
0.25900307297706604
0.05918525159358978
0.1312972903251648
0.2671825885772705
0.22756288945674896
0.13345229625701904
0.12734517455101013
0.12509237229824066
0.20750552415847778
0.13424870371818542
0.2718738615512848
0.12992888689041138
0.1532386839389801
0.0534953810274601
0.21193967759609222
0.14296841621398926
0.11531762778759003
0.11868599057197571
0.22481895983219147
0.17256192862987518
0.1839088648557663
0.20527547597885132
0.3487187922000885
0.07242235541343689
0.15450648963451385
0.18833103775978088
0.2641579508781433
0.219996377825737
0.1923450529575348
0.1065807119011879
0.09531636536121368
0.21487239003181458
0.13243162631988525
0.17315195500850677
0.06719078868627548
0.06739558279514313
0.14064083993434906
0.3060224950313568
0.06557469069957733
0.18431586027145386
0.16147831082344055
0.18814964592456818
0.18573644757270813
0.21086494624614716
0.2095029652118683
0.13824132084846497
0.13623686134815216
0.20010384917259216
0.25017502903938293
0.07909347116947174
0.2829875349998474
0.20217616856098175
0.30700308084487915
0.18361447751522064
0.16532817482948303
0.13751651346683502
0.15747836232185364
0.14764739573001862
0.1635430008172989
0.1764235943555832
0.11900114268064499
0.33191952109336853
0.06408300995826721
0.10717109590768814
0.1670324057340622
0.13729643821716309
0.151621475815773
0.1390552818775177
0.20051638782024384
0.18707740306854248
0.1758323460817337
0.06717196106910706
0.37869536876678467
0.35755208134651184
0.37343308329582214
0.07712535560131073
0.11072403937578201
0.3080858290195465
0.1164170652627945
0.12678201496601105
0.10200230777263641
0.1916925609111786
0.22721606492996216
0.13461875915527344
0.1282346099615097
0.11540034413337708
0.39256447553634644
0.2574526071548462
0.09032554924488068
0.2497015744447708
0.1968938112258911
0.1550561636686325
0.13382330536842346
0.20821817219257355
0.19868744909763336
0.18921102583408356
0.20124872028827667
0.2526912987232208
0.09339302033185959
0.2252993881702423
0.1914815604686737
0.1818176954984665
0.2271561324596405
0.1945250928401947
0.33177104592323303
0.12419585883617401
0.1522880345582962
0.2404407560825348
0.26537853479385376
0.16196779906749725
0.1481204628944397
0.21615837514400482
0.10742925852537155
0.20926114916801453
0.06823015958070755
0.19044308364391327
0.07034486532211304
0.24991725385189056
0.18671779334545135
0.17734913527965546
0.15372389554977417
0.29933232069015503
0.25951719284057617
0.16377855837345123
0.13468967378139496
0.19030530750751495
0.3434993326663971
0.16987057030200958
0.15801626443862915
0.17457371950149536
0.08917142450809479
0.3092501759529114
0.1706874966621399
0.3748490512371063
0.30049389600753784
0.10292021930217743
0.1602022647857666
0.31634077429771423
0.35572999715805054
0.060127489268779755
0.1498623490333557
0.10963933169841766
0.23333561420440674
0.21835149824619293
0.1889486163854599
0.1304236501455307
0.30797305703163147
0.06432460248470306
0.31432369351387024
0.1309565305709839
0.05104298144578934
0.1768585443496704
0.15226708352565765
0.11766233295202255
0.1664741337299347
0.1269061416387558
0.07942032068967819
0.08250895887613297
0.13029737770557404
0.10625001043081284
0.19407878816127777
0.2138572633266449
0.2963259518146515
0.08603024482727051
0.18386027216911316
0.18463711440563202
0.1998397409915924
0.27816903591156006
0.1534261852502823
0.181653693318367
0.1987679898738861
0.14926044642925262
0.12946511805057526
0.240108922123909
0.1426853984594345
0.08016399294137955
0.16707992553710938
0.05268255993723869
0.21149109303951263
0.25702932476997375
0.09638340026140213
0.19868026673793793
0.10260435938835144
0.13753297924995422
0.11023258417844772
0.24298164248466492
0.32076671719551086
0.3538343608379364
0.07174748182296753
0.1104440689086914
0.13417160511016846
0.19121460616588593
0.1884784996509552
0.12206520140171051
0.09734777361154556
0.26943475008010864
0.19503554701805115
0.1484041064977646
0.14904354512691498
0.18268555402755737
0.2230427861213684
0.16286928951740265
0.14963264763355255
0.10933753103017807
0.14736779034137726
0.09333238750696182
0.10894405841827393
0.18840183317661285
0.19011875987052917
0.18918445706367493
0.08509854227304459
0.10464378446340561
0.10776720941066742
0.19431811571121216
0.15400034189224243
0.10456423461437225
0.31744831800460815
0.08831369131803513
0.10931894183158875
0.286734938621521
0.24179601669311523
0.1898830533027649
0.1443835198879242
0.17763152718544006
0.12702247500419617
0.18423764407634735
0.16930650174617767
0.2595749497413635
0.14739975333213806
0.35895323753356934
0.1149628758430481
0.08147670328617096
0.2110949009656906
0.2648269236087799
0.20678360760211945
0.1824633926153183
0.19263021647930145
0.13460557162761688
0.20764119923114777
0.11250873655080795
0.11697313189506531
0.2460142821073532
0.17625455558300018
0.14821016788482666
0.1330091804265976
0.11543811857700348
0.26325106620788574
0.135226771235466
0.1311691701412201
0.08655928820371628
0.09829975664615631
0.16939613223075867
0.19349627196788788
0.1362926959991455
0.11886961758136749
0.15411175787448883
0.2854430079460144
0.20744185149669647
0.23289376497268677
0.19835980236530304
0.3965485692024231
0.20801076292991638
0.08344903588294983
0.19219917058944702
0.10236795246601105
0.16509592533111572
0.09435608983039856
0.1514427214860916
0.22233960032463074
0.1439359188079834
0.4941541254520416
0.0986899808049202
0.163812518119812
0.07128598541021347
0.25191637873649597
0.1994943916797638
0.0883849635720253
0.3175064027309418
0.22167141735553741
0.20744702219963074
0.18199418485164642
0.18876375257968903
0.3015274405479431
0.12073329091072083
0.20318393409252167
0.06673924624919891
0.22239410877227783
0.09468109905719757
0.2409631907939911
0.30919989943504333
0.36393389105796814
0.2249966859817505
0.2735753655433655
0.2557584047317505
0.12870453298091888
0.11931112408638
0.33065226674079895
0.08623142540454865
0.2892378866672516
0.09453228861093521
0.1657313108444214
0.12240519374608994
0.4512281119823456
0.08604107052087784
0.17424383759498596
0.1519123762845993
0.2822900116443634
0.22254414856433868
0.3058343529701233
0.08461031317710876
0.27163028717041016
0.12414766103029251
0.07306529581546783
0.1414542943239212
0.18914100527763367
0.22440829873085022
0.13057465851306915
0.10736328363418579
0.20315274596214294
0.10548528283834457
0.15636175870895386
0.3881880044937134
0.1781887412071228
0.09423984587192535
0.10319674760103226
0.1277981400489807
0.1987924575805664
0.1758267879486084
0.06915231794118881
0.20239828526973724
0.1260121613740921
0.06401026993989944
0.22761854529380798
0.16269993782043457
0.05732613801956177
0.11078397929668427
0.1258472055196762
0.12033083289861679
0.2544717788696289
0.2607944905757904
0.20119522511959076
0.12547573447227478
0.30045875906944275
0.12487761676311493
0.2014617919921875
0.1597275584936142
0.16406677663326263
0.16870886087417603
0.2898244261741638
0.25474056601524353
0.14619740843772888
0.1579650342464447
0.06587132066488266
0.2112128734588623
0.1632288247346878
0.24457301199436188
0.17004704475402832
0.051705121994018555
0.07643140852451324
0.048114001750946045
0.08838935941457748
0.23049022257328033
0.11931261420249939
0.16684071719646454
0.1321231573820114
0.2094036191701889
0.11934183537960052
0.2651820778846741
0.06850169599056244
0.22047767043113708
0.3500678837299347
0.2807087004184723
0.14152935147285461
0.1335715502500534
0.12301052361726761
0.32322385907173157
0.053370725363492966
0.24250848591327667
0.21542300283908844
0.2601214349269867
0.08154129981994629
0.11729684472084045
0.09926745295524597
0.09924104809761047
0.255519837141037
0.18001890182495117
0.10335908085107803
0.14747819304466248
0.10858090221881866
0.13415421545505524
0.15028038620948792
0.1437375694513321
0.2686336040496826
0.09441068023443222
0.0779692605137825
0.1991172879934311
0.13553322851657867
0.11136361211538315
0.37590086460113525
0.17978739738464355
0.2824006676673889
0.21052537858486176
0.1159299686551094
0.11699586361646652
0.1468845009803772
0.16169798374176025
0.1586732119321823
0.06903693825006485
0.24940145015716553
0.07513196021318436
0.14395315945148468
0.17819379270076752
0.2737431228160858
0.13322266936302185
0.23170410096645355
0.09829453378915787
0.04786180332303047
0.1203317865729332
0.2901589572429657
0.12488416582345963
0.13931244611740112
0.05520970746874809
0.1901559978723526
0.11851143836975098
0.20716050267219543
0.08951067924499512
0.04917345568537712
0.4878173768520355
0.35622110962867737
0.2121453732252121
0.1128934919834137
0.2731289267539978
0.11002399772405624
0.13705188035964966
0.19864985346794128
0.3679701089859009
0.043948374688625336
0.21569806337356567
0.18664200603961945
0.10411319881677628
0.12186592072248459
0.2807447910308838
