0.3048897385597229
0.3374210298061371
0.3626720905303955
0.4432199001312256
0.29103198647499084
0.5759775042533875
0.3217281699180603
0.20544685423374176
0.3960438668727875
0.43658143281936646
0.3304625153541565
0.39945822954177856
0.4329380393028259
0.5105832815170288
0.4338439106941223
0.4085715711116791
0.2698304057121277
0.5982555150985718
0.35409045219421387
0.4043964147567749
0.40473803877830505
0.442478746175766
0.43449580669403076
0.2714158892631531
0.49819284677505493
0.2652943432331085
0.3238065540790558
0.32927682995796204
0.510340690612793
0.18816086649894714
0.7292541861534119
0.5095916390419006
0.29150286316871643
0.5843895077705383
0.4090501070022583
0.4665297567844391
0.2760271430015564
0.5017873048782349
0.19365079700946808
0.4188390076160431
0.3207743167877197
0.3583480715751648
0.29235613346099854
0.31247299909591675
0.4256652295589447
0.4539838433265686
0.24481411278247833
0.37051549553871155
0.5968607068061829
0.44933080673217773
0.2628779411315918
0.4387971758842468
0.29302677512168884
0.30946746468544006
0.36654573678970337
0.593428909778595
0.4248289167881012
0.5281060338020325
0.3715616762638092
0.32197630405426025
0.4502545893192291
0.46164414286613464
0.39764925837516785
0.24980895221233368
0.4809322655200958
0.594434380531311
0.3791740834712982
0.26728901267051697
0.3530970513820648
0.3765433728694916
0.4339253306388855
0.5196141600608826
0.40665704011917114
0.401790052652359
0.33851358294487
0.311364084482193
0.4666045010089874
0.4922396242618561
0.3766200542449951
0.40766623616218567
0.38542452454566956
0.37480226159095764
0.2394246757030487
0.305398553609848
0.5506877899169922
0.4041312038898468
0.42172905802726746
0.22225633263587952
0.3754596412181854
0.38191014528274536
0.3911566138267517
0.4470117688179016
0.6791934370994568
0.27666574716567993
0.4562779664993286
0.4097035527229309
0.3093143403530121
0.3209224343299866
0.6999466419219971
0.4000593423843384
0.3679179549217224
0.32723569869995117
0.28770360350608826
0.4320177733898163
0.2939554750919342
0.33710968494415283
0.2627250552177429
0.31580573320388794
0.3830406069755554
0.38114452362060547
0.2939527630805969
0.48301416635513306
0.5705963373184204
0.29934507608413696
0.6192521452903748
0.245827317237854
0.36861005425453186
0.32347002625465393
0.4656343162059784
0.2772848606109619
0.23837751150131226
0.44560766220092773
0.38424867391586304
0.34198319911956787
0.3627922832965851
0.16548395156860352
0.6047278046607971
0.22784744203090668
0.27303096652030945
0.37682533264160156
0.194301575422287
0.6039910316467285
0.2601902186870575
0.33196064829826355
0.28350722789764404
0.32344967126846313
0.41416120529174805
0.26269984245300293
0.29894277453422546
0.5697173476219177
0.28429168462753296
0.30003464221954346
0.3517099618911743
0.45290082693099976
0.35140207409858704
0.4140767753124237
0.14736220240592957
0.6201924085617065
0.43508976697921753
0.36709049344062805
0.5856768488883972
0.2379360795021057
0.32687389850616455
0.4168626368045807
0.32317104935646057
0.43947505950927734
0.2687445878982544
0.3817775249481201
0.46166765689849854
0.5062015652656555
0.20268239080905914
0.38345828652381897
0.46353957056999207
0.27343055605888367
0.3079868257045746
0.3621932864189148
0.2995295226573944
0.2635006904602051
0.38227379322052
0.5032605528831482
0.21364393830299377
0.4911069869995117
0.19842524826526642
0.3303268253803253
0.3464943766593933
0.3281257152557373
0.2994573712348938
0.2966219484806061
0.25718918442726135
0.2381737381219864
0.3752738833427429
0.35376372933387756
0.255706250667572
0.29239559173583984
0.3082907199859619
0.44472384452819824
0.7121140360832214
0.2570306360721588
0.4323168396949768
0.4797458350658417
0.2071525901556015
0.2840377688407898
0.3822508752346039
0.3196168541908264
0.4628130793571472
0.38670340180397034
0.38019195199012756
0.23174221813678741
0.35727325081825256
0.36758702993392944
0.33492979407310486
0.32450875639915466
0.40003105998039246
0.23682144284248352
0.4398890435695648
0.356190025806427
0.26695841550827026
0.5691325068473816
0.259924978017807
0.6832053661346436
0.2854102849960327
0.47804322838783264
0.37338709831237793
0.18224778771400452
0.28441065549850464
0.2838931083679199
0.376360148191452
0.5742326378822327
0.22005844116210938
0.2730216681957245
0.20468319952487946
0.47186779975891113
0.44078871607780457
0.257049024105072
0.4162028133869171
0.3464999794960022
0.3661143183708191
0.284128874540329
0.3062465786933899
0.25066977739334106
0.3132913410663605
0.3347182869911194
0.3986867368221283
0.24040158092975616
0.3702201843261719
0.21544311940670013
0.38848546147346497
0.49717631936073303
0.47588157653808594
0.4727872610092163
0.4028472602367401
0.33815309405326843
0.3144530951976776
0.2568073570728302
0.6234717965126038
0.35531845688819885
0.3726823627948761
0.40426555275917053
0.3878152072429657
0.37813565135002136
0.3005054295063019
0.3268955945968628
0.4315471351146698
0.2350047528743744
0.3520714044570923
0.1816246509552002
0.2946377992630005
0.3008245527744293
0.20842324197292328
0.37360846996307373
0.2978961169719696
0.4736175835132599
0.3977735638618469
0.32216230034828186
0.20080941915512085
0.23545296490192413
0.2975911796092987
0.3243408203125
0.3752385079860687
0.29797565937042236
0.32043683528900146
0.3731811046600342
0.5029497146606445
0.16892455518245697
0.33517616987228394
0.44795989990234375
0.14737443625926971
0.20913881063461304
0.49272042512893677
0.38355937600135803
0.6270716190338135
0.3809143006801605
0.3963475525379181
0.2554077208042145
0.33955830335617065
0.4032576382160187
0.2061612904071808
0.39171990752220154
0.3200318217277527
0.3715406060218811
0.24932949244976044
0.38628897070884705
0.25094038248062134
0.3540731370449066
0.6220183968544006
0.3461418151855469
0.4388611614704132
0.2833355963230133
0.355480432510376
0.3309876620769501
0.36720186471939087
0.4900064468383789
0.19015271961688995
0.48406293988227844
0.4249383807182312
0.40057462453842163
0.4089282155036926
0.37365251779556274
0.330614298582077
0.3010949492454529
0.4068217873573303
0.2254917472600937
0.3533698320388794
0.2578147053718567
0.4507503807544708
0.6063718199729919
0.4853719472885132
0.33887979388237
0.309832364320755
0.2648063004016876
0.3476037085056305
0.3044014573097229
0.36555951833724976
0.1687796413898468
0.2909371256828308
0.46079936623573303
0.26982206106185913
0.3088763654232025
0.4513304829597473
0.4654542803764343
0.46020087599754333
0.3427460193634033
0.2837551534175873
0.2838851511478424
0.3360534608364105
0.38491523265838623
0.3644159734249115
0.5213986039161682
0.5635937452316284
0.23666249215602875
0.6503579020500183
0.5722528696060181
0.38433489203453064
0.3799096345901489
0.4855661690235138
0.23820263147354126
0.3227013945579529
0.28802579641342163
0.20396862924098969
0.2090451866388321
0.48686811327934265
0.24870817363262177
0.1775624305009842
0.34094804525375366
0.3599292039871216
0.4048452377319336
0.28571364283561707
0.4162219166755676
0.25315210223197937
0.37506869435310364
0.217795267701149
0.34777382016181946
0.3667360842227936
0.39486148953437805
0.6986924409866333
0.32033246755599976
0.3037269711494446
0.4723156690597534
0.2025708258152008
0.4606226980686188
0.2804066836833954
0.3689468801021576
0.17255756258964539
0.24368137121200562
0.2884335219860077
0.3255768418312073
0.5306664109230042
0.3506655693054199
0.4164659380912781
0.40576261281967163
0.2919044494628906
0.26200684905052185
0.32465702295303345
0.24274107813835144
0.2972338795661926
0.38113558292388916
0.2046237289905548
0.4777829647064209
0.33510634303092957
0.35930609703063965
0.35622069239616394
0.29261916875839233
0.5451878905296326
0.4715205729007721
0.34547629952430725
0.46270641684532166
0.44598305225372314
0.2324337661266327
0.40833091735839844
0.1940932273864746
0.33802366256713867
0.4324750602245331
0.31935200095176697
0.22227239608764648
0.21381525695323944
0.3306244909763336
0.22046184539794922
0.37011441588401794
0.4408169388771057
0.30611804127693176
0.29707345366477966
0.22695666551589966
0.3195997178554535
0.1580384224653244
0.19580887258052826
0.40590447187423706
0.20651811361312866
0.3050009310245514
0.44740545749664307
0.28156203031539917
0.23566168546676636
0.5135499238967896
0.31439903378486633
0.3599541485309601
0.4866921901702881
0.23568199574947357
0.5387941002845764
0.264580637216568
0.27960991859436035
0.24400094151496887
0.3152552545070648
0.40701061487197876
0.44879868626594543
0.23858128488063812
0.38971441984176636
0.5606016516685486
0.2459307163953781
0.1992218941450119
0.23193123936653137
0.34238284826278687
0.2343151718378067
0.2990221083164215
0.319993257522583
0.3849390149116516
0.2990890145301819
0.25572001934051514
0.29978469014167786
0.3637692928314209
0.2545335292816162
0.45001211762428284
0.29183638095855713
0.3058258891105652
0.41801390051841736
0.2760298252105713
0.7166829705238342
0.3065628707408905
0.2776903510093689
0.5235490202903748
0.3227570950984955
0.3073618412017822
0.3212319314479828
0.16806118190288544
0.22465942800045013
0.38311001658439636
0.32593849301338196
0.32030224800109863
0.31376442313194275
0.32423123717308044
0.3007316291332245
0.2148163616657257
0.20138828456401825
0.2952345907688141
0.47393810749053955
0.34367015957832336
0.5334154963493347
0.2524411678314209
0.32182666659355164
0.33372315764427185
0.4192996621131897
0.32583385705947876
0.1948758363723755
0.2995503842830658
0.3096471130847931
0.2216549813747406
0.2906262278556824
0.3202049434185028
0.27357906103134155
0.49823784828186035
0.15334829688072205
0.45373427867889404
0.19638264179229736
0.3134864866733551
0.2993208169937134
0.2552390694618225
0.24015794694423676
0.37056416273117065
0.5425008535385132
0.18123017251491547
0.38321879506111145
0.2903909683227539
0.43455180525779724
0.5104086995124817
0.2909253239631653
0.4139670431613922
0.35155370831489563
0.23499098420143127
0.1407414674758911
0.20582830905914307
0.37729591131210327
0.5200371742248535
0.25611111521720886
0.24849137663841248
0.3062996566295624
0.3555687963962555
0.2890321612358093
0.2855778932571411
0.39086881279945374
0.22881987690925598
0.24725492298603058
0.41444289684295654
0.24712465703487396
0.3467942476272583
0.21071653068065643
0.34533634781837463
0.25124287605285645
0.34433746337890625
0.13705576956272125
0.2907758951187134
0.4001789391040802
0.29724958539009094
0.3315662443637848
0.274272084236145
0.6452247500419617
0.2666992247104645
0.19384148716926575
0.32916519045829773
0.31481093168258667
0.37572139501571655
0.11929592490196228
0.3645632565021515
0.38974934816360474
0.2742851972579956
0.38643836975097656
0.3812461495399475
0.40339088439941406
0.32155174016952515
0.14699934422969818
0.2362394630908966
0.4187687039375305
0.40082699060440063
0.1520846039056778
0.26814407110214233
0.36447644233703613
0.3447272777557373
0.11238468438386917
0.45506900548934937
0.39905962347984314
0.5253524780273438
0.20577989518642426
0.170410618185997
0.32869839668273926
0.3884475827217102
0.18737274408340454
0.2844471335411072
0.35933345556259155
0.24738532304763794
0.5071159601211548
0.35838207602500916
0.29887863993644714
0.2897599935531616
0.18352611362934113
0.2060915231704712
0.49204304814338684
0.39901620149612427
0.22509247064590454
0.13914133608341217
0.28934159874916077
0.16240763664245605
0.2390434890985489
0.13939502835273743
0.34756067395210266
0.4091561436653137
0.3931690454483032
0.2743847966194153
0.2197575718164444
0.4150308668613434
0.2776627242565155
0.3313130736351013
0.3934183418750763
0.31419745087623596
0.3917275667190552
0.39106684923171997
0.6057332754135132
0.24481236934661865
0.2849145829677582
0.4299650490283966
0.5392494201660156
0.3758894205093384
0.41108983755111694
0.30227503180503845
0.4072754383087158
0.26560869812965393
0.3263159394264221
0.32225582003593445
0.23252283036708832
0.3342870771884918
0.22712169587612152
0.3896538019180298
0.2583782374858856
0.42093193531036377
0.2260541468858719
0.26649871468544006
0.4472057521343231
0.4854060113430023
0.48905327916145325
0.23248475790023804
0.26729434728622437
0.33081820607185364
0.15100030601024628
0.2981414496898651
0.15084218978881836
0.512422502040863
0.4969616234302521
0.524879515171051
0.18765996396541595
0.4376714527606964
0.3747023642063141
0.33018139004707336
0.4037874937057495
0.25333771109580994
0.354072630405426
0.3289490342140198
0.3746976852416992
0.22524429857730865
0.1897314190864563
0.21313832700252533
0.26538515090942383
0.2506895661354065
0.3018036186695099
0.16382981836795807
0.2812909185886383
0.21277734637260437
0.30340343713760376
0.3575059473514557
0.2830809950828552
0.359039843082428
0.16834817826747894
0.3093634843826294
0.29624128341674805
0.3928215801715851
0.34655553102493286
0.19385141134262085
0.19309011101722717
0.35143062472343445
0.19399216771125793
0.2501879334449768
0.3004924952983856
0.43449732661247253
0.4612836539745331
0.5413212776184082
0.3519917130470276
0.34834837913513184
0.3972669243812561
0.2945525646209717
0.31961190700531006
0.34227800369262695
0.2600380480289459
0.37513428926467896
0.5426363945007324
0.1497754156589508
0.3689132332801819
0.45725125074386597
0.4621576964855194
0.2508012652397156
0.31951984763145447
0.3845173716545105
0.26343628764152527
0.19640634953975677
0.41087111830711365
0.3932088613510132
0.171688050031662
0.19994623959064484
0.2396281510591507
0.3180885314941406
0.3127329349517822
0.35098814964294434
0.30034950375556946
0.2289920598268509
0.2948172986507416
0.23797519505023956
0.1478925496339798
0.20695999264717102
0.1584332436323166
0.2833144962787628
0.39193227887153625
0.1555069386959076
0.307892769575119
0.38264015316963196
0.22146616876125336
0.48230811953544617
0.34433066844940186
0.36180371046066284
0.22670675814151764
0.23695504665374756
0.23687195777893066
0.11935608088970184
0.2852143943309784
0.3154916763305664
0.38374635577201843
0.3429613411426544
0.2153214067220688
0.20492014288902283
0.3261967897415161
0.38440561294555664
0.2909870445728302
0.4785265028476715
0.3385542929172516
0.14361989498138428
0.18106041848659515
0.4062170684337616
0.13213112950325012
0.2783125936985016
0.5211611986160278
0.29542607069015503
0.32299676537513733
0.44646716117858887
0.11368604004383087
0.22209660708904266
0.4986538589000702
0.1876794844865799
0.29211750626564026
0.42292287945747375
0.2097378373146057
0.3060413599014282
0.15140466392040253
0.1497872769832611
0.17348778247833252
0.2158183455467224
0.3347296416759491
0.33571454882621765
0.3469531536102295
0.26895374059677124
0.1900927871465683
0.08012629300355911
0.46221357583999634
0.2174365222454071
0.21646980941295624
0.2074684202671051
0.2005198746919632
0.29977238178253174
0.42761021852493286
0.2926827073097229
0.39818695187568665
0.19432342052459717
0.22239208221435547
0.3013117015361786
0.24469465017318726
0.32103991508483887
0.19007965922355652
0.4029436707496643
0.337054580450058
0.39246103167533875
0.22528323531150818
0.2306048572063446
0.3565326929092407
0.3334013521671295
0.29792171716690063
0.2040422558784485
0.24774304032325745
0.29841625690460205
0.19987447559833527
0.22119325399398804
0.2765144407749176
0.39608022570610046
0.3176708221435547
0.4587309658527374
0.22384458780288696
0.3467777371406555
0.31057900190353394
0.4409429728984833
0.3143913745880127
0.2442118376493454
0.2799574136734009
0.15975108742713928
0.30383074283599854
0.2313297837972641
0.21611307561397552
0.24510017037391663
0.2131076604127884
0.14371773600578308
0.158341184258461
0.3772163987159729
0.1971084177494049
0.2027917057275772
0.22436144948005676
0.2789912521839142
0.4051883816719055
0.3064364194869995
0.2616119980812073
0.4448215067386627
0.2385156899690628
0.40248623490333557
0.4055207669734955
0.24479374289512634
0.22798170149326324
0.22340548038482666
0.32104024291038513
0.15645790100097656
0.20897719264030457
0.26056432723999023
0.3116570711135864
0.17399132251739502
0.32777366042137146
0.2600216567516327
0.5305221080780029
0.24270063638687134
0.33166319131851196
0.24620351195335388
0.2831369638442993
0.3713853359222412
0.13893388211727142
0.34602946043014526
0.3516499698162079
0.27495113015174866
0.21359138190746307
0.20046930015087128
0.29360896348953247
0.3713342845439911
0.22694307565689087
0.4182929992675781
0.2585621476173401
0.17657028138637543
0.20689061284065247
0.15891651809215546
0.24062025547027588
0.2677980959415436
0.46033093333244324
0.23478151857852936
0.2553499639034271
0.22156310081481934
0.28570929169654846
0.14416591823101044
0.3635954260826111
0.22291387617588043
0.22095812857151031
0.21148797869682312
0.29277002811431885
0.23618130385875702
0.24224944412708282
0.14884908497333527
0.2784287929534912
0.3238890469074249
0.19333529472351074
0.23796889185905457
0.24248264729976654
0.2801271080970764
0.4846383333206177
0.12743894755840302
0.241891548037529
0.2611386179924011
0.36452698707580566
0.28777164220809937
0.16332873702049255
0.3802279531955719
0.49347788095474243
0.21685878932476044
0.31545647978782654
0.3218967318534851
0.3326912820339203
0.3214493989944458
0.1633962094783783
0.2750682532787323
0.2906125485897064
0.34221363067626953
0.28515541553497314
0.2120325118303299
0.14819125831127167
0.262500524520874
0.2652178406715393
0.4462848901748657
0.2469765692949295
0.4292287826538086
0.2851216495037079
0.1313142478466034
0.18937842547893524
0.2828473448753357
0.16754098236560822
0.1486440747976303
0.280426025390625
0.21496181190013885
0.2541905343532562
0.1682611107826233
0.3040180206298828
0.26747259497642517
0.4145220220088959
0.27860885858535767
0.39677226543426514
0.32523390650749207
0.3421008884906769
0.24788200855255127
0.40003666281700134
0.46789586544036865
0.3083963990211487
0.1763295829296112
0.3285590410232544
0.49155980348587036
0.205195814371109
0.3576708734035492
0.16405491530895233
0.4096401333808899
0.370975136756897
0.19154861569404602
0.4585980474948883
0.37107956409454346
0.27898362278938293
0.12091418355703354
0.3113555908203125
0.17523585259914398
0.462264746427536
0.25924262404441833
0.17832164466381073
0.23011009395122528
0.2551155388355255
0.3296303153038025
0.32139962911605835
0.1770823448896408
0.1752476543188095
0.33912885189056396
0.26919859647750854
0.27536624670028687
0.4334876835346222
0.2025064080953598
0.3642968535423279
0.23382817208766937
0.22739733755588531
0.4345077872276306
0.21708089113235474
0.28542521595954895
0.3881481885910034
0.08311691135168076
