9.375
10.9375
10.9375
10.9375
15.625
15.625
10.9375
15.625
15.625
6.25
17.1875
14.0625
26.5625
17.1875
23.4375
28.125
17.1875
40.625
25
35.9375
35.9375
34.375
37.5
26.5625
40.625
40.625
37.5
32.8125
34.375
56.25
51.5625
48.4375
54.6875
46.875
43.75
53.125
51.5625
48.4375
54.6875
53.125
57.8125
46.875
56.25
50
56.25
43.75
48.4375
62.5
57.8125
53.125
64.0625
54.6875
57.8125
53.125
71.875
59.375
71.875
53.125
48.4375
51.5625
53.125
59.375
51.5625
64.0625
75
51.5625
56.25
62.5
53.125
57.8125
53.125
57.8125
59.375
65.625
60.9375
54.6875
64.0625
73.4375
67.1875
79.6875
70.3125
64.0625
70.3125
64.0625
62.5
62.5
65.625
76.5625
65.625
56.25
54.6875
65.625
64.0625
59.375
60.9375
70.3125
64.0625
57.8125
70.3125
65.625
65.625
64.0625
64.0625
60.9375
57.8125
62.5
64.0625
67.1875
64.0625
57.8125
62.5
68.75
75
67.1875
62.5
67.1875
53.125
67.1875
60.9375
70.3125
78.125
70.3125
65.625
79.6875
67.1875
60.9375
67.1875
70.3125
78.125
65.625
62.5
71.875
84.375
68.75
75
70.3125
75
76.5625
70.3125
68.75
73.4375
67.1875
73.4375
70.3125
73.4375
68.75
76.5625
70.3125
67.1875
75
56.25
81.25
64.0625
71.875
75
68.75
73.4375
71.875
71.875
60.9375
67.1875
75
71.875
67.1875
79.6875
71.875
67.1875
65.625
71.875
65.625
78.125
71.875
75
79.6875
78.125
76.5625
82.8125
82.8125
76.5625
81.25
71.875
79.6875
79.6875
76.5625
67.1875
76.5625
76.5625
65.625
78.125
79.6875
75
68.75
78.125
84.375
62.5
84.375
76.5625
78.125
75
82.8125
76.5625
79.6875
70.3125
81.25
76.5625
76.5625
75
82.8125
70.3125
82.8125
79.6875
71.875
84.375
79.6875
78.125
78.125
79.6875
81.25
68.75
82.8125
75
81.25
70.3125
76.5625
76.5625
81.25
75
73.4375
73.4375
78.125
81.25
82.8125
79.6875
79.6875
70.3125
76.5625
75
78.125
81.25
79.6875
78.125
81.25
81.25
84.375
81.25
79.6875
76.5625
81.25
78.125
81.25
71.875
85.9375
84.375
76.5625
79.6875
71.875
81.25
75
87.5
76.5625
89.0625
85.9375
76.5625
84.375
76.5625
78.125
81.25
81.25
87.5
82.8125
87.5
87.5
79.6875
81.25
79.6875
78.125
89.0625
84.375
87.5
85.9375
81.25
81.25
75
84.375
81.25
79.6875
79.6875
82.8125
82.8125
84.375
81.25
79.6875
82.8125
82.8125
70.3125
76.5625
79.6875
79.6875
81.25
73.4375
70.3125
82.8125
87.5
78.125
76.5625
84.375
73.4375
90.625
85.9375
85.9375
89.0625
78.125
82.8125
73.4375
87.5
71.875
71.875
84.375
84.375
87.5
87.5
76.5625
79.6875
75
79.6875
75
87.5
89.0625
81.25
82.8125
82.8125
79.6875
85.9375
76.5625
78.125
93.75
82.8125
79.6875
82.8125
82.8125
84.375
84.375
89.0625
73.4375
79.6875
87.5
87.5
78.125
84.375
82.8125
76.5625
85.9375
85.9375
84.375
84.375
82.8125
79.6875
84.375
87.5
75
84.375
85.9375
84.375
84.375
87.5
79.6875
82.8125
82.8125
79.6875
85.9375
93.75
84.375
73.4375
82.8125
81.25
84.375
85.9375
85.9375
90.625
81.25
84.375
79.6875
79.6875
84.375
81.25
82.8125
81.25
84.375
89.0625
84.375
85.9375
79.6875
81.25
78.125
79.6875
81.25
84.375
85.9375
71.875
89.0625
84.375
81.25
87.5
81.25
84.375
75
78.125
84.375
85.9375
84.375
82.8125
92.1875
85.9375
85.9375
85.9375
84.375
81.25
89.0625
85.9375
82.8125
87.5
78.125
89.0625
79.6875
84.375
79.6875
76.5625
87.5
82.8125
85.9375
81.25
85.9375
89.0625
87.5
78.125
87.5
89.0625
92.1875
81.25
92.1875
82.8125
76.5625
84.375
84.375
90.625
82.8125
79.6875
76.5625
90.625
87.5
85.9375
87.5
79.6875
87.5
68.75
79.6875
78.125
84.375
82.8125
81.25
89.0625
90.625
84.375
82.8125
79.6875
87.5
93.75
82.8125
76.5625
92.1875
85.9375
87.5
82.8125
90.625
87.5
90.625
84.375
81.25
81.25
85.9375
85.9375
85.9375
92.1875
82.8125
84.375
75
84.375
90.625
89.0625
71.875
90.625
82.8125
84.375
85.9375
87.5
82.8125
87.5
89.0625
82.8125
92.1875
90.625
81.25
82.8125
85.9375
85.9375
78.125
81.25
79.6875
87.5
84.375
82.8125
85.9375
71.875
90.625
85.9375
89.0625
85.9375
82.8125
85.9375
90.625
84.375
78.125
70.3125
84.375
82.8125
89.0625
79.6875
84.375
84.375
78.125
81.25
89.0625
90.625
87.5
84.375
79.6875
89.0625
82.8125
79.6875
81.25
87.5
85.9375
76.5625
85.9375
85.9375
84.375
90.625
85.9375
85.9375
84.375
76.5625
85.9375
87.5
87.5
84.375
82.8125
81.25
87.5
85.9375
81.25
85.9375
85.9375
90.625
85.9375
87.5
90.625
87.5
89.0625
85.9375
93.75
85.9375
82.8125
87.5
81.25
87.5
82.8125
85.9375
84.375
89.0625
78.125
87.5
92.1875
82.8125
90.625
82.8125
90.625
85.9375
81.25
85.9375
82.8125
89.0625
84.375
87.5
82.8125
92.1875
79.6875
87.5
85.9375
87.5
81.25
81.25
81.25
81.25
76.5625
87.5
85.9375
76.5625
87.5
90.625
84.375
92.1875
85.9375
90.625
90.625
90.625
81.25
89.0625
82.8125
85.9375
85.9375
87.5
90.625
89.0625
87.5
87.5
89.0625
90.625
78.125
84.375
85.9375
90.625
89.0625
79.6875
93.75
87.5
87.5
85.9375
84.375
90.625
89.0625
89.0625
87.5
85.9375
90.625
85.9375
85.9375
81.25
82.8125
90.625
85.9375
85.9375
89.0625
85.9375
85.9375
82.8125
82.8125
87.5
90.625
82.8125
79.6875
89.0625
81.25
92.1875
82.8125
90.625
89.0625
93.75
87.5
89.0625
93.75
85.9375
93.75
89.0625
89.0625
82.8125
85.9375
82.8125
84.375
87.5
84.375
82.8125
78.125
87.5
90.625
82.8125
92.1875
89.0625
85.9375
87.5
79.6875
87.5
85.9375
92.1875
85.9375
82.8125
90.625
78.125
87.5
79.6875
85.9375
84.375
87.5
89.0625
78.125
89.0625
93.75
87.5
87.5
90.625
90.625
92.1875
92.1875
87.5
87.5
85.9375
90.625
81.25
85.9375
78.125
82.8125
84.375
85.9375
89.0625
84.375
92.1875
81.25
90.625
92.1875
87.5
87.5
95.3125
89.0625
85.9375
82.8125
87.5
84.375
82.8125
84.375
90.625
85.9375
84.375
84.375
85.9375
79.6875
92.1875
82.8125
93.75
87.5
95.3125
89.0625
84.375
87.5
87.5
85.9375
85.9375
84.375
89.0625
84.375
89.0625
84.375
79.6875
85.9375
89.0625
85.9375
89.0625
85.9375
92.1875
87.5
76.5625
85.9375
92.1875
81.25
78.125
85.9375
95.3125
89.0625
87.5
81.25
90.625
81.25
89.0625
85.9375
89.0625
84.375
82.8125
90.625
90.625
96.875
87.5
90.625
90.625
98.4375
85.9375
90.625
90.625
90.625
92.1875
84.375
85.9375
82.8125
84.375
85.9375
85.9375
82.8125
82.8125
93.75
93.75
87.5
85.9375
87.5
90.625
87.5
90.625
90.625
90.625
92.1875
85.9375
89.0625
87.5
89.0625
93.75
85.9375
89.0625
90.625
78.125
87.5
90.625
93.75
87.5
82.8125
90.625
90.625
84.375
89.0625
95.3125
87.5
79.6875
92.1875
85.9375
82.8125
90.625
89.0625
84.375
92.1875
85.9375
84.375
84.375
87.5
87.5
89.0625
87.5
85.9375
82.8125
90.625
81.25
95.3125
89.0625
95.3125
84.375
81.25
92.1875
81.25
87.5
85.9375
92.1875
82.8125
89.0625
93.75
87.5
89.0625
82.8125
92.1875
82.8125
81.25
84.375
92.1875
87.5
87.5
78.125
93.75
92.1875
90.625
89.0625
84.375
85.9375
79.6875
89.0625
96.875
87.5
87.5
89.0625
84.375
92.1875
89.0625
87.5
85.9375
84.375
84.375
82.8125
84.375
84.375
89.0625
90.625
90.625
90.625
90.625
85.9375
84.375
92.1875
90.625
92.1875
89.0625
76.5625
84.375
90.625
87.5
82.8125
95.83333333333334
89.0625
90.625
90.625
82.8125
87.5
82.8125
92.1875
87.5
90.625
87.5
100
85.9375
85.9375
89.0625
92.1875
85.9375
87.5
89.0625
91.66666666666666
89.0625
95.3125
100
