2.2965235710144043
2.313758373260498
2.2771289348602295
2.286698818206787
2.289289951324463
2.2618656158447266
2.2816107273101807
2.2764673233032227
2.2888190746307373
2.2888834476470947
2.2441422939300537
2.2484138011932373
2.2262234687805176
2.2121944427490234
2.2244720458984375
2.198406457901001
2.251495122909546
2.192301034927368
2.2099039554595947
2.2078216075897217
2.1913256645202637
2.2044265270233154
2.185084819793701
2.2136244773864746
2.189458131790161
2.1684389114379883
2.16774845123291
2.1964900493621826
2.1748011112213135
2.1182243824005127
2.112525463104248
2.1479122638702393
2.128636360168457
2.133408784866333
2.111459970474243
2.0909810066223145
2.092160701751709
2.1106555461883545
2.0642335414886475
2.077348232269287
2.033690929412842
2.0997157096862793
2.0160105228424072
2.045565366744995
2.008683919906616
2.1082229614257813
2.0791900157928467
2.000397205352783
2.001826763153076
2.0105061531066895
2.002934217453003
1.986746907234192
2.0145347118377686
1.9778881072998047
1.8950896263122559
1.991089940071106
1.8995468616485596
1.9703660011291504
1.9870636463165283
1.987166404724121
1.9192484617233276
1.8832879066467285
1.9455890655517578
1.8954318761825562
1.8426215648651123
1.9468846321105957
1.8569998741149902
1.8793556690216064
1.94270920753479
1.9048290252685547
1.8672231435775757
1.9224869012832642
1.8433276414871216
1.7876393795013428
1.90596342086792
1.8222968578338623
1.824601173400879
1.7620208263397217
1.725282907485962
1.6836285591125488
1.6948992013931274
1.6746143102645874
1.7361618280410767
1.71212637424469
1.7773182392120361
1.7470790147781372
1.69749116897583
1.5945348739624023
1.6956347227096558
1.7531468868255615
1.7497305870056152
1.670002818107605
1.6870723962783813
1.6416988372802734
1.6472749710083008
1.6021021604537964
1.7118432521820068
1.615127444267273
1.5714426040649414
1.5792113542556763
1.527843713760376
1.6012442111968994
1.6146609783172607
1.577276587486267
1.6199769973754883
1.4915523529052734
1.5742337703704834
1.5141572952270508
1.4692866802215576
1.5939069986343384
1.4909740686416626
1.463678240776062
1.3594350814819336
1.5198993682861328
1.5109847784042358
1.4284610748291016
1.5873457193374634
1.4929287433624268
1.5089629888534546
1.4443647861480713
1.3743516206741333
1.4747865200042725
1.3838231563568115
1.239668369293213
1.4243524074554443
1.5032246112823486
1.4365159273147583
1.3321938514709473
1.3090314865112305
1.505408525466919
1.3740307092666626
1.265136957168579
1.1517151594161987
1.3707599639892578
1.2389687299728394
1.2534210681915283
1.1865192651748657
1.2654601335525513
1.28659987449646
1.312403917312622
1.1682608127593994
1.2795227766036987
1.2836734056472778
1.1970710754394531
1.1437281370162964
1.2404054403305054
1.1743252277374268
1.197788119316101
1.1946361064910889
1.1103830337524414
1.3629052639007568
1.0242949724197388
1.340499758720398
1.0986500978469849
1.130965232849121
1.2465659379959106
1.1517466306686401
1.1599622964859009
1.0673776865005493
1.2278422117233276
1.2088429927825928
1.0798605680465698
1.0612359046936035
1.1538245677947998
0.9242141246795654
1.030923843383789
1.1778385639190674
1.2569760084152222
1.1189987659454346
1.064429521560669
0.9822713136672974
1.072818636894226
1.0246042013168335
1.013785481452942
0.9666118621826172
0.9565854668617249
0.940648078918457
0.9097618460655212
0.9750434756278992
0.9388409852981567
0.9308523535728455
0.9196961522102356
0.7246118187904358
0.8369001150131226
1.0708268880844116
1.0434497594833374
0.8959835767745972
1.0736197233200073
0.9272815585136414
0.8099188208580017
0.9554640054702759
1.0283037424087524
0.842497706413269
0.6849508285522461
0.988513708114624
0.8256827592849731
0.9706947803497314
0.8943515419960022
0.8220072388648987
0.828056275844574
0.8491324782371521
0.8871968388557434
1.1176797151565552
0.8098981380462646
0.9409990310668945
0.9011936783790588
0.9089819192886353
0.8205207586288452
0.8459939956665039
0.7321520447731018
0.8329347372055054
0.8705745935440063
0.8249583840370178
0.8344025611877441
0.7655773162841797
0.790231466293335
0.8106005191802979
0.8187482953071594
0.9260638356208801
0.8253418207168579
0.8230440020561218
0.7318049073219299
0.9085124731063843
0.7183812856674194
0.8723313808441162
0.7010219097137451
0.8732072114944458
0.7566114068031311
0.8944408893585205
0.7577312588691711
0.6468142867088318
0.6762687563896179
0.7500140070915222
0.7329635620117188
0.8102738261222839
0.9529893398284912
0.8386803865432739
0.7383860349655151
0.6889330148696899
0.7682666778564453
0.6917607188224792
0.6801568269729614
0.6253588795661926
0.6382157206535339
0.7003970742225647
0.7656051516532898
0.7482094764709473
0.7384968996047974
0.7633371353149414
0.7468779683113098
0.7446720600128174
0.6183182001113892
0.653437614440918
0.7154140472412109
0.6346046924591064
0.6954125165939331
0.7040641903877258
0.9229930639266968
0.6408964395523071
0.6800147294998169
0.6051272749900818
0.6892553567886353
0.7858089804649353
0.7709543704986572
0.7058329582214355
0.7953673601150513
0.5548828840255737
0.6131096482276917
0.5838306546211243
0.6870315670967102
0.537834107875824
0.5700594782829285
0.6876287460327148
0.5922420024871826
0.6147055625915527
0.7025260329246521
0.41445454955101013
0.6100877523422241
0.6120404005050659
0.5319019556045532
0.6241170167922974
0.6495208740234375
0.753724992275238
0.5996227264404297
0.6773124933242798
0.6904768943786621
0.6240008473396301
0.6347314119338989
0.5666646361351013
0.5697941780090332
0.6329179406166077
0.6813979744911194
0.5818454623222351
0.5321250557899475
0.8767015337944031
0.7232638001441956
0.5681384205818176
0.5726650953292847
0.7068848609924316
0.7757503986358643
0.8642832636833191
0.6283661127090454
0.516931414604187
0.817812979221344
0.6011008024215698
0.5448272228240967
0.664238452911377
0.361606627702713
0.5734208226203918
0.5093799233436584
0.46171149611473083
0.6020234227180481
0.7770704030990601
0.78828364610672
0.505293607711792
0.8744654655456543
0.7140429019927979
0.5636587738990784
0.70429927110672
0.4511162042617798
0.42226770520210266
0.6356209516525269
0.6880664825439453
0.8724474310874939
0.613949179649353
0.7215810418128967
0.420137494802475
0.5063678622245789
0.6323758363723755
0.540673553943634
0.6823118329048157
0.7045138478279114
0.5334603190422058
0.5707868933677673
0.6380048394203186
0.40053293108940125
0.615803062915802
0.7750018835067749
0.5054608583450317
0.5775485038757324
0.47629040479660034
0.6051951050758362
0.4944997727870941
0.7223008871078491
0.5249296426773071
0.4780940115451813
0.5574169158935547
0.6631186604499817
0.5169728994369507
0.5553515553474426
0.7631782293319702
0.5175362229347229
0.470779150724411
0.6265349984169006
0.659762978553772
0.6045652031898499
0.5645391941070557
0.519519567489624
0.43651390075683594
0.8709996342658997
0.5709032416343689
0.5195084810256958
0.5974174737930298
0.5330799221992493
0.49312394857406616
0.7302846312522888
0.5677789449691772
0.6535770297050476
0.5645524859428406
0.5637723207473755
0.41608673334121704
0.6319526433944702
0.7807880640029907
0.5930425524711609
0.6445778012275696
0.5718138217926025
0.4168599843978882
0.4247397184371948
0.32942625880241394
0.5292755365371704
0.5934474468231201
0.6179803013801575
0.5723974704742432
0.49583330750465393
0.5759000778198242
0.6945449709892273
0.6358992457389832
0.6550981402397156
0.5334189534187317
0.6752679347991943
0.5176098346710205
0.7718783617019653
0.5311061143875122
0.7885749936103821
0.606960117816925
0.6031688451766968
0.5161538124084473
0.5583871603012085
0.6550800204277039
0.5088955163955688
0.38595613837242126
0.5444262027740479
0.37080833315849304
0.49245592951774597
0.41424697637557983
0.647321879863739
0.7562249898910522
0.4481256902217865
0.6276412606239319
0.46781066060066223
0.5090046525001526
0.4170996844768524
0.5338413715362549
0.5184176564216614
0.6106287240982056
0.38742122054100037
0.6369940042495728
0.38670897483825684
0.4411551058292389
0.5912705063819885
0.4193113446235657
0.6332954168319702
0.4138116240501404
0.691257894039154
0.5060114860534668
0.6527266502380371
0.658430278301239
0.46250346302986145
0.5168145298957825
0.4698009788990021
0.49958574771881104
0.5584551692008972
0.40662750601768494
0.41075342893600464
0.7155707478523254
0.3249310851097107
0.4333503842353821
0.3454360067844391
0.5922584533691406
0.2714480757713318
0.554086446762085
0.6152195930480957
0.5923442244529724
0.42727425694465637
0.3735896944999695
0.5682776570320129
0.5665340423583984
0.5807873010635376
0.37169983983039856
0.40705105662345886
0.5220702290534973
0.48289820551872253
0.6375433206558228
0.4802514910697937
0.7843332886695862
0.49770310521125793
0.6382553577423096
0.4559815526008606
0.6414362192153931
0.6540981531143188
0.4045390784740448
0.3898490071296692
0.35480421781539917
0.5642499923706055
0.5783675909042358
0.5029518008232117
0.25850820541381836
0.6097294092178345
0.563178300857544
0.3656485378742218
0.4257752299308777
0.5024333596229553
0.7557215690612793
0.3586086928844452
0.40309077501296997
0.41542601585388184
0.5414425730705261
0.5613554120063782
0.4293100833892822
0.42140987515449524
0.4853060245513916
0.46214759349823
0.32728540897369385
0.5796130299568176
0.5342164039611816
0.652684211730957
0.5071775317192078
0.33579593896865845
0.4004402756690979
0.6134074926376343
0.44987058639526367
0.48668327927589417
0.3990548849105835
0.5354156494140625
0.37869080901145935
0.4305873215198517
0.4116339683532715
0.40060684084892273
0.5047809481620789
0.3752104938030243
0.34193992614746094
0.5726339221000671
0.5571432709693909
0.450916051864624
0.6154101490974426
0.5475334525108337
0.582252562046051
0.6626467108726501
0.3515205383300781
0.54051673412323
0.6122949719429016
0.5319673418998718
0.7668349146842957
0.3732817471027374
0.6357009410858154
0.35145971179008484
0.45723748207092285
0.65702223777771
0.5564601421356201
0.3798753023147583
0.3849637508392334
0.5651975870132446
0.6708769202232361
0.5806809067726135
0.39682286977767944
0.4356178939342499
0.6273723244667053
0.5244197845458984
0.45726799964904785
0.7303327322006226
0.6343393921852112
0.3204638659954071
0.40110236406326294
0.4048950970172882
0.3936743438243866
0.6906298398971558
0.448620080947876
0.5648006200790405
0.44154760241508484
0.4810722768306732
0.47534242272377014
0.5404211282730103
0.5888980031013489
0.46362847089767456
0.4197275936603546
0.5010807514190674
0.3328358829021454
0.44759759306907654
0.5427660942077637
0.48454728722572327
0.7380412817001343
0.41774439811706543
0.5001932382583618
0.4599759578704834
0.5198846459388733
0.5370125770568848
0.4647372364997864
0.3754565417766571
0.5041486024856567
0.6347504258155823
0.4697466492652893
0.36224839091300964
0.30205559730529785
0.4055487811565399
0.39908701181411743
0.3591279685497284
0.48477983474731445
0.38004645705223083
0.76910001039505
0.2932564616203308
0.5308588743209839
0.5342263579368591
0.433780312538147
0.522249162197113
0.4178020656108856
0.5387932658195496
0.37629398703575134
0.478176087141037
0.3546813130378723
0.5716756582260132
0.3573203980922699
0.2947479784488678
0.5435650944709778
0.3077026307582855
0.3553240895271301
0.41959190368652344
0.4826750159263611
0.5793927311897278
0.4374699890613556
0.4639851748943329
0.39027470350265503
0.5491681098937988
0.4321660101413727
0.5690857768058777
0.36078011989593506
0.849154531955719
0.49896684288978577
0.4242877960205078
0.46691545844078064
0.5737017393112183
0.5961363911628723
0.4276587963104248
0.4762001931667328
0.604796826839447
0.4117034375667572
0.48412078619003296
0.5659761428833008
0.3697454631328583
0.415172815322876
0.6713550090789795
0.3000110685825348
0.5678711533546448
0.39657604694366455
0.36609336733818054
0.4086424708366394
0.4847019910812378
0.3743950426578522
0.512808620929718
0.6748354434967041
0.41676580905914307
0.5020900368690491
0.3072787821292877
0.45990893244743347
0.4245247542858124
0.43460628390312195
0.3346167206764221
0.44913235306739807
0.5813113451004028
0.45290622115135193
0.5935181975364685
0.4675869643688202
0.5711216330528259
0.6827210783958435
0.33754709362983704
0.37318843603134155
0.4699786603450775
0.5219900608062744
0.6059988141059875
0.32600873708724976
0.33586424589157104
0.31016820669174194
0.34007713198661804
0.33994942903518677
0.37908604741096497
0.48007890582084656
0.40653297305107117
0.5923290848731995
0.44429680705070496
0.2841891646385193
0.37066909670829773
0.3821712136268616
0.39803561568260193
0.43490132689476013
0.40678921341896057
0.4539050757884979
0.5929308533668518
0.35287168622016907
0.34635284543037415
0.4901375472545624
0.7988657355308533
0.3990918695926666
0.49849143624305725
0.29820290207862854
0.6749657392501831
0.3616819679737091
0.39576172828674316
0.37169644236564636
0.45885953307151794
0.42999690771102905
0.26192858815193176
0.41079774498939514
0.25011035799980164
0.3412986099720001
0.4154788851737976
0.6179468035697937
0.478840708732605
0.6911717057228088
0.5860568284988403
0.44901028275489807
0.5423557758331299
0.6180891394615173
0.742792546749115
0.345432311296463
0.3546753227710724
0.4756399393081665
0.3428277373313904
0.4567459523677826
0.49401819705963135
0.3645192086696625
0.5443845987319946
0.32212474942207336
0.44842666387557983
0.312712699174881
0.512056827545166
0.5161317586898804
0.3364102244377136
0.5398820638656616
0.35624241828918457
0.58277428150177
0.5545011758804321
0.6145048141479492
0.4488128423690796
0.3941471576690674
0.6091260313987732
0.5507116317749023
0.3000902533531189
0.38393083214759827
0.3758013844490051
0.42666926980018616
0.2977990210056305
0.36694109439849854
0.24314382672309875
0.4222491979598999
0.3568746745586395
0.3943129777908325
0.38166654109954834
0.695652961730957
0.4491093158721924
0.6048459410667419
0.5029361844062805
0.3873974680900574
0.46372270584106445
0.41951078176498413
0.6225831508636475
0.32925280928611755
0.5763241648674011
0.266095906496048
0.33639493584632874
0.42368167638778687
0.3485788404941559
0.20068751275539398
0.33223864436149597
0.5574496984481812
0.40620216727256775
0.36435583233833313
0.4238746464252472
0.5457436442375183
0.4946838319301605
0.3784013092517853
0.4600653350353241
0.4448469281196594
0.456553190946579
0.4858989417552948
0.5605818629264832
0.3500572741031647
0.5658331513404846
0.2404433637857437
0.3575057089328766
0.30039182305336
0.3283292353153229
0.43997064232826233
0.46312740445137024
0.3784387707710266
0.6464667320251465
0.4038575291633606
0.5170053839683533
0.3434642553329468
0.5675050020217896
0.25797611474990845
0.5170314908027649
0.49213576316833496
0.4641949534416199
0.24728500843048096
0.5249660611152649
0.5445022583007813
0.4822629392147064
0.28289493918418884
0.35506072640419006
0.6008185744285583
0.4773039221763611
0.34366175532341003
0.5911830067634583
0.5675567388534546
0.34490758180618286
0.2726742625236511
0.34423828125
0.4992024302482605
0.6114497184753418
0.39801672101020813
0.49213144183158875
0.399076908826828
0.3679750859737396
0.3639848530292511
0.45999789237976074
0.5801020264625549
0.34074610471725464
0.41202419996261597
0.2675398588180542
0.43654876947402954
0.3834582567214966
0.30745306611061096
0.20751900970935822
0.38187018036842346
0.3331433832645416
0.3698633313179016
0.33078938722610474
0.408206582069397
0.36042162775993347
0.4499378502368927
0.7494924664497375
0.4310637414455414
0.423717200756073
0.45828312635421753
0.44580599665641785
0.5015031695365906
0.23729896545410156
0.3598765432834625
0.32883527874946594
0.4928165674209595
0.3783169686794281
0.18891912698745728
0.3061707615852356
0.4724108874797821
0.3727508783340454
0.2882542014122009
0.3285352289676666
0.39645448327064514
0.3891952633857727
0.4218783676624298
0.33472102880477905
0.3761037290096283
0.38534823060035706
0.504784882068634
0.29134756326675415
0.6588995456695557
0.39340582489967346
0.3613726496696472
0.2839348614215851
0.3609701991081238
0.46042361855506897
0.391463965177536
0.28990834951400757
0.39627182483673096
0.3428378403186798
0.22167286276817322
0.4033299684524536
0.7557573318481445
0.33331969380378723
0.4074394702911377
0.6696081757545471
0.3230782449245453
0.4214703440666199
0.47553983330726624
0.22162477672100067
0.34963446855545044
0.371986448764801
0.462104856967926
0.3889264464378357
0.36980026960372925
0.5268270373344421
0.5668863654136658
0.4550706446170807
0.6408194899559021
0.3341865539550781
0.35898908972740173
0.18736988306045532
0.40851452946662903
0.3101371228694916
0.501741886138916
0.48282548785209656
0.23574550449848175
0.5582249164581299
0.5504704117774963
0.37131085991859436
0.2796553075313568
0.6086196899414063
0.3781414330005646
0.31246596574783325
0.4885329306125641
0.27051863074302673
0.47672492265701294
0.281521201133728
0.46662962436676025
0.5283962488174438
0.39184749126434326
0.526969850063324
0.4945942759513855
0.3712086081504822
0.5578596591949463
0.2724149525165558
0.4049387276172638
0.33076515793800354
0.47019749879837036
0.6810848712921143
0.4745532274246216
0.6339269280433655
0.2282528430223465
0.19648770987987518
0.44614091515541077
0.3270666003227234
0.37845537066459656
0.5225569009780884
0.33330294489860535
0.5736621618270874
0.35862410068511963
0.5768600702285767
0.4657706916332245
0.4026182293891907
0.42013993859291077
0.38665691018104553
0.4526293873786926
0.5998535752296448
0.29848840832710266
0.34631022810935974
0.32900410890579224
0.3026849031448364
0.3812326192855835
0.5044298768043518
0.34826284646987915
0.2802276611328125
0.24321921169757843
0.3646071255207062
0.7454082369804382
0.5804707407951355
0.44985780119895935
0.37497565150260925
0.4726231098175049
0.16283226013183594
0.3248753547668457
0.29824745655059814
0.32414063811302185
0.5897960662841797
0.349649578332901
0.5191000699996948
0.33327776193618774
0.37761327624320984
0.3443900942802429
0.4342535436153412
0.11468669027090073
0.45511096715927124
0.42439723014831543
0.3691738545894623
0.3170585632324219
0.4382966160774231
0.3794022500514984
0.29301735758781433
0.24826112389564514
0.43488967418670654
0.17434488236904144
0.19081181287765503
