0.14957615733146667
0.17280137538909912
0.26768195629119873
0.11335597932338715
0.12124234437942505
0.15776163339614868
0.07804195582866669
0.19937516748905182
0.1303647756576538
0.11387774348258972
0.2941534221172333
0.281185120344162
0.09195034205913544
0.14344710111618042
0.0694919303059578
0.1257636696100235
0.25682395696640015
0.2577478587627411
0.17611029744148254
0.1682625710964203
0.4672553539276123
0.26684966683387756
0.20662528276443481
0.178166463971138
0.16258662939071655
0.1184258833527565
0.27482590079307556
0.11291974782943726
0.18617013096809387
0.2808327376842499
0.4032270610332489
0.16459563374519348
0.05423324555158615
0.14364340901374817
0.19728973507881165
0.3158108592033386
0.1661195605993271
0.18769986927509308
0.1454385221004486
0.18127110600471497
0.38891157507896423
0.08959241956472397
0.13718928396701813
0.1661633849143982
0.250099241733551
0.22526559233665466
0.12231814861297607
0.13097481429576874
0.20855073630809784
0.23692543804645538
0.35633790493011475
0.08877886086702347
0.31372538208961487
0.209180548787117
0.32203832268714905
0.3382238447666168
0.23610776662826538
0.13610239326953888
0.12166356295347214
0.2834215760231018
0.36148396134376526
0.2972566485404968
0.28730589151382446
0.29175111651420593
0.12782692909240723
0.20801368355751038
0.2805531322956085
0.15887264907360077
0.2354183942079544
0.27944281697273254
0.10164258629083633
0.2460346221923828
0.30194416642189026
0.09320775419473648
0.24920105934143066
0.21058793365955353
0.26750966906547546
0.26728764176368713
0.18641792237758636
0.12633013725280762
0.1240096315741539
0.22141414880752563
0.18168024718761444
0.1344301998615265
0.2423168569803238
0.2578122317790985
0.1350521296262741
0.20580358803272247
0.09768502414226532
0.13080814480781555
0.26165300607681274
0.28422683477401733
0.11312013864517212
0.1748700737953186
0.09552682936191559
0.2101345956325531
0.09483944624662399
0.2896101772785187
0.22514568269252777
0.49154528975486755
0.13929229974746704
0.320692241191864
0.45891350507736206
0.2534448802471161
0.19933532178401947
0.15105971693992615
0.17771309614181519
0.24034816026687622
0.37459614872932434
0.23183035850524902
0.22813810408115387
0.323397159576416
0.3388611078262329
0.1542080044746399
0.27903544902801514
0.22368142008781433
0.2990610897541046
0.230391725897789
0.21230542659759521
0.3222734332084656
0.3641200661659241
0.17263218760490417
0.18130917847156525
0.17429962754249573
0.13461260497570038
0.17464396357536316
0.1909770369529724
0.3655034899711609
0.09375274926424026
0.4853626489639282
0.1972237527370453
0.12665215134620667
0.18016432225704193
0.2786216139793396
0.3922065496444702
0.17773081362247467
0.20858126878738403
0.2873736023902893
0.10392336547374725
0.12428383529186249
0.21424278616905212
0.1636582463979721
0.37277063727378845
0.10169624537229538
0.17857588827610016
0.1457466334104538
0.38940390944480896
0.09473158419132233
0.17074060440063477
0.19693049788475037
0.19638028740882874
0.10427036881446838
0.2909749150276184
0.24562548100948334
0.37909746170043945
0.35106784105300903
0.2030235081911087
0.31704241037368774
0.25692716240882874
0.2338210940361023
0.08666414022445679
0.324908584356308
0.2600637376308441
0.12789787352085114
0.16962148249149323
0.10741160064935684
0.1805214285850525
0.13980881869792938
0.19871509075164795
0.288133442401886
0.22337044775485992
0.29039591550827026
0.14312653243541718
0.2005372792482376
0.17836663126945496
0.23118197917938232
0.23185910284519196
0.16587963700294495
0.1708991527557373
0.29665398597717285
0.12846891582012177
0.24853861331939697
0.11612207442522049
0.1752718836069107
0.22111371159553528
0.218667671084404
0.3159959316253662
0.16854780912399292
0.19223229587078094
0.13878674805164337
0.06926971673965454
0.15024453401565552
0.1933574378490448
0.20903155207633972
0.30986329913139343
0.19715671241283417
0.09392011910676956
0.13067327439785004
0.22477254271507263
0.10592275857925415
0.3277836740016937
0.2752065062522888
0.08571459352970123
0.21884410083293915
0.1626964509487152
0.13004155457019806
0.08912795037031174
0.22968655824661255
0.09963417798280716
0.22255967557430267
0.27373090386390686
0.19143199920654297
0.2993353307247162
0.1955893188714981
0.19248536229133606
0.1279197335243225
0.22902333736419678
0.34022361040115356
0.11514916270971298
0.2185925990343094
0.2491830289363861
0.21049600839614868
0.24101456999778748
0.31173861026763916
0.4525552988052368
0.30584681034088135
0.12770642340183258
0.17131970822811127
0.29587021470069885
0.19995686411857605
0.1832089126110077
0.14543914794921875
0.211673766374588
0.33775794506073
0.3824618458747864
0.3508334755897522
0.07876822352409363
0.24242094159126282
0.19545556604862213
0.3067619204521179
0.26398560404777527
0.15427526831626892
0.14113593101501465
0.4079921841621399
0.276406466960907
0.12628576159477234
0.29436999559402466
0.33003050088882446
0.5579111576080322
0.2683911919593811
0.1644418090581894
0.1741570085287094
0.13840122520923615
0.24961501359939575
0.27461597323417664
0.2674028277397156
0.15148025751113892
0.43871423602104187
0.3356359899044037
0.4054042398929596
0.38543951511383057
0.1393233686685562
0.1893969625234604
0.13499313592910767
0.3169969618320465
0.19870461523532867
0.3758726418018341
0.07169786840677261
0.10239391028881073
0.13186533749103546
0.23083391785621643
0.3782394230365753
0.48128530383110046
0.1413136124610901
0.18529392778873444
0.41464731097221375
0.12716804444789886
0.3297162353992462
0.06497693061828613
0.1878564953804016
0.1894698292016983
0.2331434041261673
0.13494780659675598
0.09313280135393143
0.1646743267774582
0.31677332520484924
0.16453519463539124
0.12522363662719727
0.09633471816778183
0.23018281161785126
0.388899564743042
0.18530350923538208
0.1557289958000183
0.15446120500564575
0.11357974261045456
0.08700409531593323
0.14921429753303528
0.3825138509273529
0.13511838018894196
0.263999342918396
0.16790258884429932
0.13250018656253815
0.1934785693883896
0.3012406527996063
0.2564393877983093
0.3697793781757355
0.15371504426002502
0.23536552488803864
0.31305113434791565
0.2634124755859375
0.1569562554359436
0.21878312528133392
0.15218615531921387
0.34066087007522583
0.3699714243412018
0.1897834986448288
0.1627732366323471
0.26529717445373535
0.2575348913669586
0.20401692390441895
0.2079983651638031
0.18443816900253296
0.31254857778549194
0.17833860218524933
0.1659129112958908
0.1346691995859146
0.17771263420581818
0.23191826045513153
0.10761547833681107
0.17107339203357697
0.23222431540489197
0.1361655592918396
0.2168274074792862
0.2880791425704956
0.1258457750082016
0.2716238796710968
0.2803494930267334
0.18004265427589417
0.19664570689201355
0.2930675446987152
0.2135709673166275
0.2467622458934784
0.11941757798194885
0.15090671181678772
0.1066013053059578
0.20205219089984894
0.16745097935199738
0.19434790313243866
0.23035214841365814
0.23248329758644104
0.3304763436317444
0.2894808053970337
0.10829932987689972
0.2613322138786316
0.17617477476596832
0.07002612203359604
0.20663711428642273
0.19542182981967926
0.11726009845733643
0.3743600845336914
0.2648297846317291
0.19497166574001312
0.2938234806060791
0.09002039581537247
0.45530417561531067
0.36226001381874084
0.2874516248703003
0.3743714392185211
0.13839095830917358
0.1332857459783554
0.23014713823795319
0.14833907783031464
0.16569232940673828
0.19516324996948242
0.3844926357269287
0.31958532333374023
0.07419581711292267
0.2167440950870514
0.3520145118236542
0.08908399939537048
0.2068760246038437
0.5054819583892822
0.19254034757614136
0.35160139203071594
0.29546624422073364
0.20056530833244324
0.1573721170425415
0.2692936062812805
0.14284692704677582
0.2558222711086273
0.31391027569770813
0.18784484267234802
0.08308937400579453
0.22622498869895935
0.15111690759658813
0.14200855791568756
0.15468516945838928
0.10748890042304993
0.1991899460554123
0.15426260232925415
0.10508100688457489
0.27408045530319214
0.2535807192325592
0.08021175116300583
0.07115256786346436
0.13721820712089539
0.13706150650978088
0.19988416135311127
0.44006454944610596
0.21301528811454773
0.15021099150180817
0.1721428483724594
0.2730182409286499
0.2714768648147583
0.14877350628376007
0.15984828770160675
0.22637811303138733
0.30217650532722473
0.18143372237682343
0.07377266138792038
0.37081918120384216
0.19813096523284912
0.1239178404211998
0.29722699522972107
0.15748366713523865
0.254784494638443
0.21577952802181244
0.19641554355621338
0.23045770823955536
0.06526097655296326
0.14103767275810242
0.2559376060962677
0.23292621970176697
0.12064072489738464
0.2906995415687561
0.30006179213523865
0.24566878378391266
0.2524470090866089
0.18140651285648346
0.1905040591955185
0.19876210391521454
0.20082031190395355
0.3537285327911377
0.12745732069015503
0.178350567817688
0.13535383343696594
0.2392154037952423
0.2974640727043152
0.3376360535621643
0.23578821122646332
0.25978589057922363
0.11772036552429199
0.13957586884498596
0.16813816130161285
0.24935120344161987
0.22651895880699158
0.13481904566287994
0.20038962364196777
0.07795308530330658
0.18332861363887787
0.156018927693367
0.34567990899086
0.3436165750026703
0.10979421436786652
0.17520742118358612
0.3174391984939575
0.15117689967155457
0.2505442202091217
0.21431727707386017
0.2221805453300476
0.17508378624916077
0.1144794374704361
0.35032469034194946
0.20232626795768738
0.1681276261806488
0.13877524435520172
0.15812790393829346
0.14309310913085938
0.12059253454208374
0.3151366412639618
0.23901298642158508
0.20523187518119812
0.1510506272315979
0.16458027064800262
0.17227984964847565
0.10183160752058029
0.1831340193748474
0.15353327989578247
0.45636674761772156
0.11031045019626617
0.35455405712127686
0.17819610238075256
0.05781085416674614
0.33266502618789673
0.2542036473751068
0.33229365944862366
0.16086256504058838
0.280595988035202
0.04190292954444885
0.16235117614269257
0.15343378484249115
0.2419724315404892
0.12915384769439697
0.16580606997013092
0.4967317283153534
0.0861615538597107
0.21345600485801697
0.15202395617961884
0.20614604651927948
0.2470773160457611
0.17193716764450073
0.2367953658103943
0.15929129719734192
0.1929343044757843
0.2196454405784607
0.24882686138153076
0.3192204535007477
0.15329191088676453
0.13095678389072418
0.24887077510356903
0.11588793992996216
0.08293101191520691
0.2528305947780609
0.24750377237796783
0.11728763580322266
0.3340148329734802
0.241486057639122
0.2779114842414856
0.05355066806077957
0.16031549870967865
0.12418975681066513
0.1576593518257141
0.1613701730966568
0.23664012551307678
0.1175190657377243
0.24112112820148468
0.08081682026386261
0.1663481891155243
0.14796051383018494
0.15649467706680298
0.3166169822216034
0.28241485357284546
0.14305226504802704
0.14962880313396454
0.27281832695007324
0.2552793323993683
0.10707001388072968
0.17636600136756897
0.320974737405777
0.12133881449699402
0.14106546342372894
0.10362140089273453
0.09796855598688126
0.4205668866634369
0.42083168029785156
0.1098145917057991
0.27217647433280945
0.1717146635055542
0.11770925670862198
0.33976686000823975
0.26818209886550903
0.17542174458503723
0.1968248188495636
0.29484280943870544
0.08934924006462097
0.10779442638158798
0.20388442277908325
0.15289059281349182
0.17916260659694672
0.14317642152309418
0.1522139459848404
0.17151951789855957
0.24245493113994598
0.17713043093681335
0.26170843839645386
0.1686781644821167
0.283916711807251
0.14295779168605804
0.09671560674905777
0.13686177134513855
0.1823926419019699
0.20898009836673737
0.10941469669342041
0.07836765795946121
0.11074688285589218
0.1870000958442688
0.12832939624786377
0.16614066064357758
0.14961698651313782
0.19922423362731934
0.1177314892411232
0.10724534094333649
0.42790886759757996
0.3171159029006958
0.13848529756069183
0.08802415430545807
0.11415593326091766
0.5331659913063049
0.21284011006355286
0.17830298840999603
0.1297626793384552
0.36333367228507996
0.1761578619480133
0.17145849764347076
0.22858458757400513
0.19371458888053894
0.07888784259557724
0.18355411291122437
0.24209561944007874
0.10946130752563477
0.3559669554233551
0.4390887916088104
0.13263697922229767
0.26517507433891296
0.1729433387517929
0.20724231004714966
0.1488107144832611
0.13127577304840088
0.09586017578840256
0.1915166825056076
0.16379688680171967
0.1369849145412445
0.3034701347351074
0.27339205145835876
0.3644784688949585
0.15813659131526947
0.3118772506713867
0.1513654589653015
0.11841432750225067
0.18906062841415405
0.173280268907547
0.23123696446418762
0.3473231792449951
0.09982781112194061
0.38258635997772217
0.20054233074188232
0.162485271692276
0.1803213506937027
0.21029099822044373
0.1547153890132904
0.17993099987506866
0.15493351221084595
0.1530972123146057
0.18023084104061127
0.10512171685695648
0.3202771246433258
0.17179997265338898
0.12983737885951996
0.17225481569766998
0.23480816185474396
0.28968194127082825
0.25136515498161316
0.17109936475753784
0.17371761798858643
0.12199583649635315
0.21521475911140442
0.0861581414937973
0.21125830709934235
0.21713954210281372
0.16679322719573975
0.10905520617961884
0.24404993653297424
0.08144191652536392
0.13791635632514954
0.30567312240600586
0.17245624959468842
0.23380208015441895
0.10181912034749985
0.2291511744260788
0.2244839370250702
0.24792122840881348
0.09288407117128372
0.09255287051200867
0.28244325518608093
0.06665532290935516
0.08586077392101288
0.14777959883213043
0.2059025764465332
0.1473827064037323
0.3206004798412323
0.2008446305990219
0.17535622417926788
0.12576594948768616
0.33878031373023987
0.24897116422653198
0.12822265923023224
0.20190446078777313
0.23258726298809052
0.1664329171180725
0.1867959350347519
0.19213417172431946
0.16986961662769318
0.15389572083950043
0.18390537798404694
0.19126830995082855
0.23543792963027954
0.3585077226161957
0.15995265543460846
0.10579370707273483
0.2231227308511734
0.11994187533855438
0.1526511162519455
0.1662229299545288
0.29084861278533936
0.11089366674423218
0.14272823929786682
0.2017933577299118
0.2661252021789551
0.150810107588768
0.11603601276874542
0.24852654337882996
0.10515213012695313
0.2546043395996094
0.12389524281024933
0.179944708943367
0.12951159477233887
0.32562094926834106
0.21912825107574463
0.1630818396806717
0.2697131931781769
0.259038507938385
0.22299200296401978
0.2176164835691452
0.32181277871131897
0.14997832477092743
0.07084010541439056
0.19484858214855194
0.04881816729903221
0.07938510924577713
0.2019309401512146
0.12295956164598465
0.21795637905597687
0.1494254618883133
0.19572703540325165
0.2607993185520172
0.2401760220527649
0.28338807821273804
0.16799992322921753
0.2167493999004364
0.18014468252658844
0.09302756190299988
0.04060251638293266
0.13191008567810059
0.09227877855300903
0.32994934916496277
0.14676125347614288
0.10668854415416718
0.17634715139865875
0.30473968386650085
0.22493159770965576
0.1553635448217392
0.2141130119562149
0.1527186632156372
0.14433501660823822
0.24355490505695343
0.21456895768642426
0.15948191285133362
0.17275699973106384
0.23365001380443573
0.17287230491638184
0.167729452252388
0.11664366722106934
0.1600935459136963
0.3241870701313019
0.14201271533966064
0.25024154782295227
0.3149971663951874
0.18282999098300934
0.1514928638935089
0.3124154508113861
0.2175876498222351
0.3458220958709717
0.08762606978416443
0.07558333873748779
0.17337055504322052
0.22288019955158234
0.2935655117034912
0.25111931562423706
0.15926304459571838
0.14488665759563446
0.07615581899881363
0.16823439300060272
0.07743139564990997
0.19632196426391602
0.1650955080986023
0.3924657702445984
0.2350221574306488
0.051224663853645325
0.38607653975486755
0.11646990478038788
0.2333017885684967
0.3351479172706604
0.153721421957016
0.18180136382579803
0.2832387089729309
0.23293310403823853
0.11928581446409225
0.18074233829975128
0.1468600034713745
0.2873002886772156
0.23325414955615997
0.2566859722137451
0.29355400800704956
0.12580248713493347
0.2718968391418457
0.19757047295570374
0.36175376176834106
0.21606747806072235
0.18195627629756927
0.3364238739013672
0.27920469641685486
0.06240474805235863
0.24244698882102966
0.34678125381469727
0.2747430205345154
0.11855295300483704
0.28677263855934143
0.08824945986270905
0.0944441631436348
0.26375097036361694
0.11281119287014008
0.13832703232765198
0.12121745944023132
0.055838003754615784
0.2321023792028427
0.47222089767456055
0.06339023262262344
0.07848569005727768
0.25735390186309814
0.29330116510391235
0.15683159232139587
0.07863327860832214
0.16138562560081482
0.14463120698928833
0.25674083828926086
0.101355642080307
0.150886669754982
0.16251924633979797
0.22601181268692017
0.1667751669883728
0.2449508011341095
0.17152222990989685
0.34160834550857544
0.20626387000083923
0.146604523062706
0.18263888359069824
0.13107942044734955
0.1997603476047516
0.19307221472263336
0.20306845009326935
0.16184712946414948
0.32416853308677673
0.23748087882995605
0.13278672099113464
0.10514774918556213
0.15634000301361084
0.20142368972301483
0.07377451658248901
0.09681075811386108
0.20810452103614807
0.34485429525375366
0.13665099442005157
0.2891156077384949
0.6673490405082703
0.19357919692993164
0.2114563137292862
0.13696691393852234
0.2747572362422943
0.09943907707929611
0.14520655572414398
0.13887755572795868
0.16935910284519196
0.09891597926616669
0.1626608967781067
0.1585274040699005
0.2340971827507019
0.14186488091945648
0.23242336511611938
0.14936129748821259
0.25342246890068054
0.23760059475898743
0.11793536692857742
0.12732970714569092
0.3405287563800812
0.07264838367700577
0.3468833863735199
0.1644277125597
0.17934416234493256
0.36201298236846924
0.2468586415052414
0.19306179881095886
0.0644637942314148
0.16299839317798615
0.27608829736709595
0.08290845900774002
0.20107845962047577
0.3958246111869812
0.14611290395259857
0.2881692349910736
0.23284311592578888
0.1250968724489212
0.09865988045930862
0.2591015100479126
0.17522384226322174
0.29501762986183167
0.11510526388883591
0.10986477881669998
0.133443683385849
0.2204834520816803
0.19584862887859344
0.13624030351638794
0.157965749502182
0.09789787232875824
0.11511755734682083
0.21036472916603088
0.148018017411232
0.14602316915988922
0.13565374910831451
0.11880338937044144
0.2094721794128418
0.11455623805522919
0.12460916489362717
0.1304531693458557
0.15404227375984192
0.17077668011188507
0.14592568576335907
0.29623153805732727
0.18401247262954712
0.4601322114467621
0.1721697449684143
0.1293502002954483
0.12582622468471527
0.1515209674835205
0.1400001496076584
0.19785450398921967
0.1638815999031067
0.38040587306022644
0.13413342833518982
0.21977341175079346
0.1126987561583519
