0.05137567222118378
0.08957196772098541
0.11034063249826431
0.16320501267910004
0.210851788520813
0.2780599594116211
0.1777532547712326
0.1305696964263916
0.10616720467805862
0.07437638938426971
0.1709176003932953
0.2576451897621155
0.06823758035898209
0.19686610996723175
0.08053293824195862
0.06527097523212433
0.21155542135238647
0.05840363726019859
0.06760245561599731
0.1842418760061264
0.12271257489919662
0.13195614516735077
0.13765375316143036
0.15998154878616333
0.19352088868618011
0.10188226401805878
0.06489995121955872
0.20648132264614105
0.05997241660952568
0.04855954274535179
0.17711737751960754
0.13294777274131775
0.1799897849559784
0.10375787317752838
0.12368440628051758
0.08440852910280228
0.062143877148628235
0.1175992414355278
0.034023359417915344
0.06405655294656754
0.34833642840385437
0.10247749835252762
0.10060472041368484
0.14461471140384674
0.08562798798084259
0.13511714339256287
0.09932146221399307
0.08805615454912186
0.22731813788414001
0.321401983499527
0.11948379874229431
0.08612394332885742
0.04506507143378258
0.04968902841210365
0.104551300406456
0.11673549562692642
0.17680881917476654
0.24548806250095367
0.1508440375328064
0.11874741315841675
0.05847225338220596
0.08111631870269775
0.09553979337215424
0.055693548172712326
0.2941271662712097
0.1826125830411911
0.15394318103790283
0.11225196719169617
0.10443313419818878
0.2553592324256897
0.20031604170799255
0.20439212024211884
0.20751671493053436
0.06069759279489517
0.22302864491939545
0.13170728087425232
0.1696137636899948
0.15481598675251007
0.06275379657745361
0.1750725954771042
0.18038329482078552
0.1902088075876236
0.04070543497800827
0.2325071394443512
0.2734447121620178
0.18112440407276154
0.18919461965560913
0.14324985444545746
0.07381320744752884
0.13140729069709778
0.10074682533740997
0.2566019296646118
0.12458023428916931
0.07785636931657791
0.030680255964398384
0.08285355567932129
0.13442789018154144
0.21446265280246735
0.19954189658164978
0.049355581402778625
0.1826338768005371
0.17687106132507324
0.25069063901901245
0.08398857712745667
0.08207543194293976
0.08132830262184143
0.07787929475307465
0.1348767876625061
0.10323771834373474
0.09039203077554703
0.07589026540517807
0.23730488121509552
0.07074639946222305
0.17485518753528595
0.11448685824871063
0.21931274235248566
0.09240656346082687
0.06630683690309525
0.12239066511392593
0.051591530442237854
0.21171356737613678
0.12176252156496048
0.12987272441387177
0.25904664397239685
0.0811564102768898
0.1631215661764145
0.10256412625312805
0.0548381581902504
0.2409447431564331
0.08637821674346924
0.3147110342979431
0.04560202732682228
0.08096472918987274
0.15967747569084167
0.07305645942687988
0.11649519205093384
0.06432153284549713
0.17707118391990662
0.09219451248645782
0.168727844953537
0.14367100596427917
0.08750874549150467
0.2711902856826782
0.1455516368150711
0.1408093273639679
0.1393585056066513
0.08474782854318619
0.08120934665203094
0.06118348613381386
0.10284055024385452
0.15687599778175354
0.1239677146077156
0.175689697265625
0.03759663552045822
0.07275404036045074
0.019827377051115036
0.06393321603536606
0.2576088011264801
0.07833684235811234
0.2112165242433548
0.07439279556274414
0.21872498095035553
0.16162526607513428
0.14117734134197235
0.08804723620414734
0.19938810169696808
0.24309328198432922
0.1943308264017105
0.2181588113307953
0.15233640372753143
0.12328296154737473
0.1804412305355072
0.11605630815029144
0.2158772498369217
0.12679040431976318
0.15940769016742706
0.16163182258605957
0.1351190060377121
0.10730257630348206
0.05920318886637688
0.08327613770961761
0.0959218293428421
0.09974100440740585
0.07368577271699905
0.10621477663516998
0.05161454156041145
0.1295734941959381
0.2194151133298874
0.06621940433979034
0.13678519427776337
0.08347098529338837
0.14359325170516968
0.14656458795070648
0.12961529195308685
0.1829225867986679
0.24695608019828796
0.02838892862200737
0.06172158196568489
0.09190025925636292
0.07789968699216843
0.03751632571220398
0.1554623544216156
0.026848167181015015
0.13858245313167572
0.13727939128875732
0.17624931037425995
0.13756178319454193
0.08809667825698853
0.24856136739253998
0.10371806472539902
0.12318262457847595
0.16922467947006226
0.1549811214208603
0.15178616344928741
0.07348255813121796
0.1137005016207695
0.14737488329410553
0.02592758648097515
0.0839027464389801
0.09366927295923233
0.09196256101131439
0.11389577388763428
0.3077329099178314
0.048430562019348145
0.14420528709888458
0.08719503879547119
0.07402338832616806
0.03119475767016411
0.1223025768995285
0.12341712415218353
0.16868384182453156
0.03976728394627571
0.23323315382003784
0.14062419533729553
0.12193021923303604
0.2051071673631668
0.15167497098445892
0.10494212806224823
0.17604078352451324
0.10116839408874512
0.0867483988404274
0.02629709057509899
0.21013911068439484
0.050757862627506256
0.1051790863275528
0.07799994200468063
0.04356563091278076
0.3049396276473999
0.1583527773618698
0.046855296939611435
0.14248625934123993
0.08611540496349335
0.1891244351863861
0.14962494373321533
0.08003982156515121
0.3089447319507599
0.07922856509685516
0.06576152890920639
0.13141678273677826
0.09907080978155136
0.09813687205314636
0.07583501935005188
0.07859919965267181
0.12448056787252426
0.144476518034935
0.11032064259052277
0.22704701125621796
0.1556290239095688
0.15913033485412598
0.054963890463113785
0.051711902022361755
0.14504961669445038
0.09200946241617203
0.04091751202940941
0.34780848026275635
0.3150893747806549
0.16059428453445435
0.11557731032371521
0.08705887198448181
0.2330598384141922
0.1277029812335968
0.25486284494400024
0.11666722595691681
0.22855888307094574
0.21036764979362488
0.20677585899829865
0.1655467301607132
0.05217825993895531
0.3354455530643463
0.14581499993801117
0.1256095916032791
0.12729023396968842
0.10078432410955429
0.2179262340068817
0.20749615132808685
0.12817509472370148
0.053772617131471634
0.10024681687355042
0.08623376488685608
0.09340353310108185
0.07387204468250275
0.08723948895931244
0.24766193330287933
0.08605113625526428
0.06799425184726715
0.08006826043128967
0.11193107813596725
0.10791341215372086
0.12468530982732773
0.0399898886680603
0.08716480433940887
0.098453588783741
0.2504006028175354
0.2539263665676117
0.10003237426280975
0.10512567311525345
0.2209957391023636
0.16122408211231232
0.10864469408988953
0.22136911749839783
0.16829688847064972
0.025946971029043198
0.11164885759353638
0.06675641983747482
0.09370110183954239
0.22084547579288483
0.10968946665525436
0.20093582570552826
0.2669294476509094
0.10729272663593292
0.18954478204250336
0.056645747274160385
0.08204914629459381
0.1080716997385025
0.04284020513296127
0.09514287859201431
0.15641124546527863
0.14980150759220123
0.1431373655796051
0.10861102491617203
0.14341503381729126
0.128614142537117
0.15122005343437195
0.062285616993904114
0.24429231882095337
0.11090102791786194
0.058958470821380615
0.14218005537986755
0.22254469990730286
0.1574709713459015
0.1405995637178421
0.16025720536708832
0.20551860332489014
0.26054415106773376
0.11203079670667648
0.08341896533966064
0.16079741716384888
0.06886010617017746
0.13181720674037933
0.15643854439258575
0.10866676270961761
0.1389748454093933
0.20972777903079987
0.14556224644184113
0.24562324583530426
0.07185312360525131
0.2789731025695801
0.19266603887081146
0.1783774346113205
0.1794338971376419
0.170926034450531
0.09676413983106613
0.25657469034194946
0.10781195759773254
0.08791433274745941
0.14528508484363556
0.26935678720474243
0.07787831872701645
0.05188591778278351
0.11736538261175156
0.2362097054719925
0.21204642951488495
0.15836244821548462
0.09252696484327316
0.17993231117725372
0.06699753552675247
0.1984923779964447
0.07062772661447525
0.07625215500593185
0.049618642777204514
0.2094355970621109
0.0994819849729538
0.10607920587062836
0.14042936265468597
0.06300384551286697
0.1603347361087799
0.03043810836970806
0.11684878915548325
0.1075996607542038
0.2638425827026367
0.1652856022119522
0.04987566918134689
0.15747977793216705
0.12060923129320145
0.18551960587501526
0.10979766398668289
0.2255915105342865
0.11363819241523743
0.08939740806818008
0.09970290958881378
0.0907796323299408
0.0858197957277298
0.11480136215686798
0.06754246354103088
0.3686753809452057
0.3711366653442383
0.07325045764446259
0.15806466341018677
0.1527809053659439
0.11002517491579056
0.21028053760528564
0.11883832514286041
0.04676134139299393
0.10877733677625656
0.09136592596769333
0.19617797434329987
0.2092268168926239
0.23802486062049866
0.21374991536140442
0.08406203985214233
0.04673599824309349
0.22723688185214996
0.08773857355117798
0.07261841744184494
0.08094310015439987
0.09556306898593903
0.07919933646917343
0.19639110565185547
0.10935302823781967
0.11616425961256027
0.07714486867189407
0.2722393870353699
0.1143207848072052
0.046788137406110764
0.10265805572271347
0.16105464100837708
0.12103382498025894
0.18543986976146698
0.1434934288263321
0.08273922652006149
0.11193936318159103
0.22313204407691956
0.08647768944501877
0.09483891725540161
0.26238352060317993
0.09151403605937958
0.1626460999250412
0.0343085341155529
0.14452770352363586
0.09483138471841812
0.09282702952623367
0.08898695558309555
0.10797659307718277
0.09769701957702637
0.1310354322195053
0.0866021141409874
0.17188774049282074
0.07392842322587967
0.11708391457796097
0.049251850694417953
0.15683607757091522
0.15890853106975555
0.1338387280702591
0.10599678754806519
0.27504342794418335
0.06632163375616074
0.11843739449977875
0.14553391933441162
0.1818801462650299
0.05486193671822548
0.10627502202987671
0.18961703777313232
0.07768471539020538
0.0690927505493164
0.11290040612220764
0.12341640144586563
0.10602397471666336
0.17176833748817444
0.15772679448127747
0.05410315841436386
0.07854289561510086
0.07199710607528687
0.046791188418865204
0.09343881905078888
0.25275617837905884
0.08516440540552139
0.13810324668884277
0.1989290714263916
0.13677603006362915
0.06234676018357277
0.06893610209226608
0.18145617842674255
0.10381311178207397
0.03449277952313423
0.04269740730524063
0.10476946830749512
0.08914652466773987
0.045991577208042145
0.11634071916341782
0.038638126105070114
0.09011277556419373
0.050492703914642334
0.026961304247379303
0.1727944016456604
0.15356068313121796
0.0777871310710907
0.1580287665128708
0.12333961576223373
0.12269429117441177
0.019137850031256676
0.14453601837158203
0.13858674466609955
0.024844352155923843
0.19561757147312164
0.11453735828399658
0.0693264827132225
0.05250142887234688
0.2395050823688507
0.0664963647723198
0.06433684378862381
0.24526993930339813
0.18177537620067596
0.218325674533844
0.17157357931137085
0.09953348338603973
0.03425034508109093
0.07523282617330551
0.18726837635040283
0.11306612938642502
0.14019618928432465
0.12972933053970337
0.11297678202390671
0.12179504334926605
0.20225435495376587
0.2578544318675995
0.22136978805065155
0.13941726088523865
0.22426363825798035
0.05865396559238434
0.14336080849170685
0.11908821761608124
0.13216552138328552
0.04445834830403328
0.22585687041282654
0.10516123473644257
0.38955047726631165
0.23509187996387482
0.06729935109615326
0.07364672422409058
0.1356646567583084
0.19430869817733765
0.07563070952892303
0.03862732648849487
0.12990790605545044
0.23183932900428772
0.0716342180967331
0.12221144139766693
0.04700230434536934
0.24907186627388
0.06174350529909134
0.12030529975891113
0.1800345778465271
0.10122264921665192
0.2345670610666275
0.22010068595409393
0.09827464818954468
0.08220552653074265
0.05510309338569641
0.06713319569826126
0.12078279256820679
0.1766807734966278
0.1992989480495453
0.0952569767832756
0.1450348049402237
0.15462125837802887
0.23232401907444
0.24993956089019775
0.11920707672834396
0.09120459854602814
0.2517302334308624
0.09901965409517288
0.16001589596271515
0.11882486939430237
0.14537174999713898
0.11641672998666763
0.14794737100601196
0.2288958728313446
0.21060146391391754
0.06528814136981964
0.1522020399570465
0.2190387099981308
0.12537024915218353
0.06633727252483368
0.27658963203430176
0.06413725763559341
0.26619142293930054
0.0809878334403038
0.049151528626680374
0.06219690293073654
0.10901714861392975
0.22554633021354675
0.10524681210517883
0.1435849964618683
0.0453103631734848
0.041697848588228226
0.12034346163272858
0.11987525224685669
0.14072944223880768
0.2347760945558548
0.12994453310966492
0.10920654237270355
0.19482429325580597
0.09663480520248413
0.08045420795679092
0.11870727688074112
0.125028595328331
0.13347069919109344
0.2008836269378662
0.06407938152551651
0.15874309837818146
0.06671354919672012
0.24697883427143097
0.15820617973804474
0.11494772136211395
0.12088196724653244
0.10285791754722595
0.11228781193494797
0.11702286452054977
0.05866846442222595
0.1880732774734497
0.1360662430524826
0.23614110052585602
0.19991767406463623
0.12106765806674957
0.04254181683063507
0.14755508303642273
0.04736585170030594
0.31089237332344055
0.09272993355989456
0.1465865522623062
0.3479917645454407
0.08240082859992981
0.18568918108940125
0.04246094077825546
0.12915407121181488
0.045446690171957016
0.2408910095691681
0.06260667741298676
0.16141659021377563
0.15238924324512482
0.28458744287490845
0.11630856990814209
0.1000639870762825
0.42225345969200134
0.17202642560005188
0.2511027455329895
0.1933843046426773
0.05212758481502533
0.07180368155241013
0.20089232921600342
0.21678993105888367
0.12016770988702774
0.04915151000022888
0.26686111092567444
0.1067887619137764
0.18295477330684662
0.1738186627626419
0.0559074692428112
0.078700952231884
0.1239679753780365
0.09259980916976929
0.11658064275979996
0.20713846385478973
0.09499361366033554
0.1577892303466797
0.17987558245658875
0.02976883575320244
0.15209048986434937
0.17532892525196075
0.18542973697185516
0.13044944405555725
0.1032823920249939
0.07967779785394669
0.1441756635904312
0.29570984840393066
0.15010251104831696
0.12428181618452072
0.13867665827274323
0.11799878627061844
0.19863779842853546
0.13048666715621948
0.18779681622982025
0.1187891960144043
0.10440155118703842
0.16959013044834137
0.14642052352428436
0.17847266793251038
0.08355940133333206
0.10834169387817383
0.07197325676679611
0.12307648360729218
0.11249877512454987
0.11860086768865585
0.13914747536182404
0.075665183365345
0.23366080224514008
0.10601002722978592
0.12648563086986542
0.07080808281898499
0.17447122931480408
0.22138315439224243
0.10013199597597122
0.07844522595405579
0.1869358867406845
0.10249024629592896
0.20120124518871307
0.10520951449871063
0.08066663146018982
0.04894758388400078
0.16022396087646484
0.13135650753974915
0.10739967972040176
0.19718578457832336
0.04494262859225273
0.29512158036231995
0.16315846145153046
0.09420304000377655
0.11952659487724304
0.20034372806549072
0.21359790861606598
0.12998375296592712
0.04807840287685394
0.0890398845076561
0.05722145736217499
0.14793455600738525
0.07951833307743073
0.1941707730293274
0.10903263837099075
0.18939808011054993
0.16029760241508484
0.16031497716903687
0.07147112488746643
0.25254520773887634
0.13377776741981506
0.08515311777591705
0.09821370989084244
0.07075528055429459
0.08574703335762024
0.13765530288219452
0.14335615932941437
0.22867430746555328
0.15639172494411469
0.06539520621299744
0.03895651549100876
0.06829079985618591
0.11040861904621124
0.11223237961530685
0.1240878775715828
0.0916556864976883
0.0930543765425682
0.12530165910720825
0.1132001206278801
0.26147574186325073
0.14975425601005554
0.13266922533512115
0.15469476580619812
0.18512551486492157
0.11367863416671753
0.16795605421066284
0.1946181058883667
0.056178804486989975
0.0926414281129837
0.20755623281002045
0.0720190480351448
0.14623336493968964
0.17422319948673248
0.14002715051174164
0.12581166625022888
0.03850647062063217
0.08138355612754822
0.1297014057636261
0.21035179495811462
0.09036433696746826
0.062237903475761414
0.1835620105266571
0.10324163734912872
0.04316889867186546
0.06243963912129402
0.09509771317243576
0.13582739233970642
0.08395113050937653
0.03294846788048744
0.10002077370882034
0.26306483149528503
0.09852884709835052
0.029873229563236237
0.07584955543279648
0.20322923362255096
0.19847813248634338
0.13065184652805328
0.20793482661247253
0.15677902102470398
0.10866987705230713
0.12188825011253357
0.2511308193206787
0.0864037275314331
0.13792134821414948
0.1531461477279663
0.23984278738498688
0.0701381117105484
0.02968997322022915
0.03453407809138298
0.0917043536901474
0.0548582561314106
0.08970820158720016
0.2866518497467041
0.12173229455947876
0.2663103938102722
0.2887474596500397
0.24796855449676514
0.09117209166288376
0.20792484283447266
0.10839691758155823
0.19784410297870636
0.2150319516658783
0.3213028311729431
0.030542120337486267
0.16175320744514465
0.0796804428100586
0.11517905443906784
0.22654584050178528
0.14906874299049377
0.06937871873378754
0.0777951031923294
0.1295977681875229
0.07364078611135483
0.17547617852687836
0.11344067007303238
0.13374276459217072
0.10421337932348251
0.18866990506649017
0.11400244385004044
0.1866627037525177
0.11396404355764389
0.049820322543382645
0.2993912994861603
0.14151649177074432
0.1405228227376938
0.10076061636209488
0.04939049482345581
0.07451705634593964
0.023929229006171227
0.13204175233840942
0.17100922763347626
0.09716514497995377
0.14455729722976685
0.21403057873249054
0.15189889073371887
0.09075407683849335
0.18369141221046448
0.11870046705007553
0.06406833976507187
0.10293589532375336
0.1700202077627182
0.08743749558925629
0.05320184677839279
0.08865334838628769
0.10450641065835953
0.08124611526727676
0.109571672976017
0.16517913341522217
0.16416870057582855
0.07669748365879059
0.04076158255338669
0.12039176374673843
0.14020784199237823
0.1174614280462265
0.06507400423288345
0.018251365050673485
0.10524001717567444
0.17770294845104218
0.1380995362997055
0.0787755697965622
0.1497759222984314
0.1079602763056755
0.03176591917872429
0.047594379633665085
0.02381114475429058
0.09945521503686905
0.433614045381546
0.09137047082185745
0.06276439130306244
0.12282625585794449
0.13250508904457092
0.17172996699810028
0.10220621526241302
0.06903024017810822
0.17880278825759888
0.08684702962636948
0.15309065580368042
0.04898762330412865
0.1466972827911377
0.18857897818088531
0.10884279757738113
0.055065859109163284
0.04714749753475189
0.11694609373807907
0.08336278051137924
0.15127669274806976
0.25914379954338074
0.023721739649772644
0.04105575010180473
0.1631954461336136
0.13249965012073517
0.1080409362912178
0.04358908534049988
0.1834920197725296
0.14797918498516083
0.2078990787267685
0.12738262116909027
0.12612870335578918
0.17618431150913239
0.06760238111019135
0.05480299890041351
0.1109125167131424
0.14400362968444824
0.2007933259010315
0.2525905668735504
0.04815211519598961
0.2647288143634796
