0.14834295213222504
0.10463997721672058
0.24535256624221802
0.10748777538537979
0.12602145969867706
0.18366602063179016
0.06347765028476715
0.06535618752241135
0.08383765816688538
0.2633879780769348
0.3356865346431732
0.10992855578660965
0.15145914256572723
0.32732462882995605
0.19155903160572052
0.23595748841762543
0.14212045073509216
0.18451420962810516
0.1204395741224289
0.11460738629102707
0.12882526218891144
0.15660615265369415
0.1583932340145111
0.16914911568164825
0.2722666263580322
0.06910932809114456
0.15124572813510895
0.10476598143577576
0.3137691020965576
0.15007677674293518
0.16038532555103302
0.36651697754859924
0.13250243663787842
0.2040434330701828
0.16364671289920807
0.1575191468000412
0.06439578533172607
0.09507690370082855
0.11539444327354431
0.14799857139587402
0.06519519537687302
0.13710074126720428
0.13091924786567688
0.07286694645881653
0.2369919717311859
0.08975532650947571
0.19251596927642822
0.08894709497690201
0.13562320172786713
0.25231727957725525
0.10994532704353333
0.05430329218506813
0.09490195661783218
0.13849736750125885
0.13639084994792938
0.17859897017478943
0.15419137477874756
0.15917517244815826
0.16132113337516785
0.36816534399986267
0.14187844097614288
0.07034245133399963
0.05185220018029213
0.12233366072177887
0.3012538552284241
0.11019109934568405
0.06922320276498795
0.48535576462745667
0.1331111341714859
0.08410784602165222
0.1722271591424942
0.21891655027866364
0.09442973136901855
0.22149012982845306
0.19137592613697052
0.09547407180070877
0.06758051365613937
0.2166110873222351
0.162634938955307
0.14352534711360931
0.17490479350090027
0.10657966881990433
0.048889994621276855
0.03620009869337082
0.10802176594734192
0.16054482758045197
0.1470196396112442
0.09520518779754639
0.12175554037094116
0.1759868860244751
0.10264567285776138
0.1539115011692047
0.17175540328025818
0.07402028143405914
0.24300597608089447
0.13243421912193298
0.16625981032848358
0.07404877245426178
0.44125887751579285
0.24619369208812714
0.12451530247926712
0.08203175663948059
0.12663774192333221
0.08549197018146515
0.07850577682256699
0.10793596506118774
0.14936181902885437
0.12271201610565186
0.08076425641775131
0.22447945177555084
0.22717826068401337
0.09886926412582397
0.10633404552936554
0.08263079822063446
0.2741769552230835
0.11206664144992828
0.0789313092827797
0.10080637782812119
0.07855809479951859
0.10438341647386551
0.16531451046466827
0.12015413492918015
0.12641894817352295
0.22168079018592834
0.08632051199674606
0.1637386530637741
0.11128197610378265
0.11082080751657486
0.1382015198469162
0.16097711026668549
0.048747241497039795
0.12567758560180664
0.18373192846775055
0.15711286664009094
0.15821175277233124
0.10116437822580338
0.1207418143749237
0.3046466112136841
0.11458880454301834
0.24956020712852478
0.12821494042873383
0.13602539896965027
0.03298782929778099
0.09586724638938904
0.12571288645267487
0.1621607393026352
0.21662864089012146
0.11156558990478516
0.1259770691394806
0.2146681547164917
0.05122870206832886
0.17863093316555023
0.09587080776691437
0.08012350648641586
0.30167490243911743
0.10636206716299057
0.08833616226911545
0.05997692793607712
0.0501338392496109
0.08757248520851135
0.2922419607639313
0.1813669204711914
0.06433489173650742
0.24286256730556488
0.13429519534111023
0.12150244414806366
0.260113000869751
0.08657868206501007
0.1807718425989151
0.12902820110321045
0.2616261839866638
0.1475229114294052
0.20758995413780212
0.06141732633113861
0.1774473786354065
0.20517882704734802
0.1596406102180481
0.07051203399896622
0.23628096282482147
0.22898389399051666
0.2247973531484604
0.1486777514219284
0.11257921904325485
0.0953296646475792
0.1507079154253006
0.0554330050945282
0.13726992905139923
0.07607130706310272
0.0700247511267662
0.14325135946273804
0.1699538379907608
0.16016802191734314
0.14378896355628967
0.1845349669456482
0.28782302141189575
0.07426533102989197
0.23018430173397064
0.18933376669883728
0.21019801497459412
0.3335154056549072
0.2911859154701233
0.1161881610751152
0.26796284317970276
0.13045477867126465
0.08161826431751251
0.1642572432756424
0.11162592470645905
0.07987948507070541
0.16755253076553345
0.2880893051624298
0.06759347766637802
0.22965259850025177
0.07107451558113098
0.17656102776527405
0.170538529753685
0.11588333547115326
0.18599416315555573
0.07151254266500473
0.10514578223228455
0.1285870373249054
0.2770455479621887
0.1456930935382843
0.0749635249376297
0.15888558328151703
0.11230256408452988
0.16123110055923462
0.115326888859272
0.13392852246761322
0.24115309119224548
0.05856919661164284
0.15788964927196503
0.17060528695583344
0.16677677631378174
0.18706390261650085
0.2954673171043396
0.15185922384262085
0.10911717265844345
0.19452466070652008
0.22639182209968567
0.234805628657341
0.15334174036979675
0.08843103796243668
0.22917534410953522
0.14773070812225342
0.17209474742412567
0.0791521817445755
0.23308658599853516
0.1926860362291336
0.28796181082725525
0.08073229342699051
0.0998770073056221
0.265839159488678
0.15846671164035797
0.17931897938251495
0.22823189198970795
0.11204550415277481
0.08282249420881271
0.1336042284965515
0.14488834142684937
0.2055291086435318
0.08789810538291931
0.07948426157236099
0.13331595063209534
0.2029932141304016
0.1702861189842224
0.19512642920017242
0.13501283526420593
0.09133224934339523
0.2173622101545334
0.12965039908885956
0.14092735946178436
0.13349021971225739
0.132623553276062
0.23554417490959167
0.21185490489006042
0.20529168844223022
0.20749805867671967
0.13481639325618744
0.16842049360275269
0.20114409923553467
0.06248233839869499
0.1483924835920334
0.15269380807876587
0.35953837633132935
0.0840650349855423
0.09174438565969467
0.2824704349040985
0.2862563133239746
0.1381988674402237
0.16738533973693848
0.09183592349290848
0.2062917947769165
0.09525618702173233
0.14341041445732117
0.08146380633115768
0.1336745172739029
0.34277600049972534
0.17820234596729279
0.07550045102834702
0.13909845054149628
0.16188092529773712
0.1417095959186554
0.11761180311441422
0.153970405459404
0.18751394748687744
0.38978061079978943
0.20611794292926788
0.03765873983502388
0.10824351012706757
0.1885724812746048
0.11866861581802368
0.061282262206077576
0.1480836719274521
0.20834402740001678
0.16911248862743378
0.15054647624492645
0.09142544120550156
0.22407086193561554
0.09757320582866669
0.1190205067396164
0.4317728579044342
0.2655440866947174
0.1897771805524826
0.1570134162902832
0.13819611072540283
0.29316839575767517
0.08273779600858688
0.11316100507974625
0.062391459941864014
0.2898203730583191
0.04210538789629936
0.19156987965106964
0.1697489470243454
0.17887093126773834
0.1108638346195221
0.15640002489089966
0.0368371345102787
0.17043536901474
0.13806189596652985
0.03322489932179451
0.49774232506752014
0.12629298865795135
0.28040701150894165
0.15266616642475128
0.10059390217065811
0.37676867842674255
0.07842450588941574
0.23237304389476776
0.10833771526813507
0.15165787935256958
0.29036715626716614
0.12214365601539612
0.10826463252305984
0.09105358272790909
0.11347340792417526
0.0795433446764946
0.09014127403497696
0.13099560141563416
0.15579113364219666
0.28504419326782227
0.09490851312875748
0.05948725342750549
0.16060537099838257
0.12380193173885345
0.06067175790667534
0.09781552106142044
0.06929178535938263
0.09248688817024231
0.10600942373275757
0.05693332478404045
0.09725949168205261
0.20365791022777557
0.11185745894908905
0.1784733682870865
0.20180371403694153
0.10156752914190292
0.0496184341609478
0.17835991084575653
0.10448066890239716
0.2521028220653534
0.1336759477853775
0.13930092751979828
0.1588415652513504
0.10304492712020874
0.07915140688419342
0.18993701040744781
0.292452871799469
0.15528029203414917
0.08940452337265015
0.07710179686546326
0.15699350833892822
0.11192937940359116
0.08423091471195221
0.3175466060638428
0.030187411233782768
0.3484937846660614
0.23625217378139496
0.07215642184019089
0.34840816259384155
0.07900232076644897
0.14014099538326263
0.13538499176502228
0.08627786487340927
0.1454038918018341
0.07716558128595352
0.13826557993888855
0.3191015422344208
0.08091245591640472
0.10346610099077225
0.11613738536834717
0.2612770199775696
0.197461798787117
0.18965250253677368
0.1320611983537674
0.12570202350616455
0.20839464664459229
0.22718507051467896
0.21740423142910004
0.10227806866168976
0.17646870017051697
0.07486351579427719
0.39832615852355957
0.2129598706960678
0.13629207015037537
0.08460304886102676
0.32227957248687744
0.13141532242298126
0.15111111104488373
0.19093379378318787
0.1746627241373062
0.23305849730968475
0.07908361405134201
0.16053837537765503
0.12002347409725189
0.20842024683952332
0.2512185573577881
0.2390284538269043
0.3438660800457001
0.21445226669311523
0.09732712805271149
0.18972177803516388
0.22378255426883698
0.15650764107704163
0.20090216398239136
0.11626259982585907
0.1442563384771347
0.20666907727718353
0.06631872802972794
0.2614578306674957
0.23143324255943298
0.09950238466262817
0.4049137830734253
0.09612864255905151
0.19991879165172577
0.08196050673723221
0.1389584094285965
0.2253434956073761
0.14954882860183716
0.22746820747852325
0.24424897134304047
0.10049217939376831
0.13536468148231506
0.14806388318538666
0.25272244215011597
0.11249493807554245
0.07070598006248474
0.034461986273527145
0.22633187472820282
0.15737572312355042
0.09421475231647491
0.04040493443608284
0.14916592836380005
0.31713205575942993
0.1748727709054947
0.1198575496673584
0.06999582797288895
0.11033559590578079
0.20098020136356354
0.2079148143529892
0.2798692584037781
0.14970023930072784
0.17817474901676178
0.24869534373283386
0.13561543822288513
0.11152255535125732
0.19434842467308044
0.13997386395931244
0.10291221737861633
0.16005627810955048
0.13159073889255524
0.06588689982891083
0.235128253698349
0.2705726623535156
0.17956355214118958
0.16935287415981293
0.07219938188791275
0.19282414019107819
0.17152652144432068
0.14380571246147156
0.15325315296649933
0.2751762270927429
0.1883077770471573
0.11145757138729095
0.08552353829145432
0.06860382109880447
0.14224976301193237
0.23783080279827118
0.1935175359249115
0.16750994324684143
0.13999097049236298
0.34460702538490295
0.35086631774902344
0.07949351519346237
0.12050608545541763
0.0433335117995739
0.1131497323513031
0.07991662621498108
0.18900001049041748
0.18157218396663666
0.11042282730340958
0.22543120384216309
0.10081306099891663
0.10470537096261978
0.2475634515285492
0.29033419489860535
0.13179342448711395
0.11872164160013199
0.2339015156030655
0.21159863471984863
0.13196425139904022
0.07216446101665497
0.20548896491527557
0.079830102622509
0.07445648312568665
0.05903172120451927
0.20799030363559723
0.11576050519943237
0.23776662349700928
0.16883283853530884
0.15484865009784698
0.11934249848127365
0.18023739755153656
0.13494525849819183
0.22200007736682892
0.17585928738117218
0.1942208707332611
0.23253729939460754
0.18528899550437927
0.21598227322101593
0.25382739305496216
0.101981982588768
0.1400860995054245
0.18290309607982635
0.06316042691469193
0.2826840579509735
0.17853836715221405
0.09659729897975922
0.15867793560028076
0.13807110488414764
0.1931869089603424
0.20912262797355652
0.20236526429653168
0.3522946238517761
0.09098805487155914
0.2568959593772888
0.18451452255249023
0.29754310846328735
0.12356813997030258
0.09415525943040848
0.3119755685329437
0.14152956008911133
0.19666995108127594
0.14668236672878265
0.1464552879333496
0.1341874599456787
0.1141754686832428
0.16606318950653076
0.23432275652885437
0.047601792961359024
0.12158813327550888
0.11935806274414063
0.05076344683766365
0.1423196643590927
0.04058578610420227
0.142312154173851
0.16755573451519012
0.0807599276304245
0.15258623659610748
0.1763191521167755
0.03670412674546242
0.09789934009313583
0.13289593160152435
0.2053765207529068
0.15620668232440948
0.055860549211502075
0.14965331554412842
0.2776651978492737
0.060366347432136536
0.19504262506961823
0.16732639074325562
0.10650892555713654
0.16988863050937653
0.17026741802692413
0.14025777578353882
0.24121569097042084
0.24055375158786774
0.483524888753891
0.12843158841133118
0.20258140563964844
0.13273698091506958
0.08999355137348175
0.2405729591846466
0.06610071659088135
0.10214370489120483
0.15733258426189423
0.10684546828269958
0.24097999930381775
0.03294602409005165
0.10160232335329056
0.13586236536502838
0.11865168064832687
0.08339725434780121
0.25779420137405396
0.09153714776039124
0.08503658324480057
0.2727072536945343
0.22475746273994446
0.2067500799894333
0.19483795762062073
0.13212241232395172
0.20411396026611328
0.2416265904903412
0.07036596536636353
0.23060277104377747
0.13772700726985931
0.2685757577419281
0.07697030901908875
0.2492973655462265
0.08461519330739975
0.05553959682583809
0.08240307122468948
0.15349180996418
0.1589275449514389
0.05185183137655258
0.26535555720329285
0.24158146977424622
0.057749997824430466
0.13808393478393555
0.14492179453372955
0.22829419374465942
0.20017863810062408
0.3515240252017975
0.23704682290554047
0.12871310114860535
0.11649320274591446
0.09786882996559143
0.11943870037794113
0.16589240729808807
0.163984015583992
0.04542963579297066
0.135923370718956
0.16746701300144196
0.047560401260852814
0.23309534788131714
0.16060379147529602
0.129469096660614
0.3057481050491333
0.2909027934074402
0.1099986806511879
0.11925072968006134
0.09346690773963928
0.2645745277404785
0.1570907086133957
0.2979641556739807
0.09148179739713669
0.2060498595237732
0.1562223881483078
0.09633740037679672
0.22967654466629028
0.08531532436609268
0.23686648905277252
0.22582538425922394
0.14491823315620422
0.12562473118305206
0.2509600818157196
0.22737665474414825
0.20790532231330872
0.09091338515281677
0.16281351447105408
0.2272891104221344
0.19979673624038696
0.13605226576328278
0.1772822141647339
0.06864922493696213
0.03729178383946419
0.17814375460147858
0.23793381452560425
0.07897379249334335
0.2152096927165985
0.06540445983409882
0.12973208725452423
0.1958499699831009
0.06387468427419662
0.21014179289340973
0.39661112427711487
0.32736116647720337
0.11399196088314056
0.07837212085723877
0.08632051199674606
0.06036142632365227
0.1436803787946701
0.1570352017879486
0.34081459045410156
0.1189405545592308
0.2979162335395813
0.13033629953861237
0.13298086822032928
0.11419083178043365
0.23582611978054047
0.14776454865932465
0.11020652949810028
0.14263738691806793
0.2533046305179596
0.3688540458679199
0.145041823387146
0.09214288741350174
0.24597391486167908
0.3202328085899353
0.22880762815475464
0.07956639677286148
0.2223321944475174
0.15521551668643951
0.15982553362846375
0.10715626925230026
0.19906918704509735
0.07817424833774567
0.09902340918779373
0.08825497329235077
0.06704012304544449
0.16366422176361084
0.10136957466602325
0.11558249592781067
0.09258241206407547
0.1119951531291008
0.24739974737167358
0.08702784776687622
0.16538682579994202
0.14843575656414032
0.07802633941173553
0.11424921452999115
0.1696532964706421
0.24968434870243073
0.14848311245441437
0.3004239499568939
0.03809788078069687
0.1770874410867691
0.06491390615701675
0.07677866518497467
0.1308763474225998
0.07757757604122162
0.09082972258329391
0.1898280531167984
0.1620127558708191
0.31078672409057617
0.1425458937883377
0.20359447598457336
0.18664957582950592
0.040410611778497696
0.264800101518631
0.09094157814979553
0.14979231357574463
0.2022600919008255
0.30472299456596375
0.1936151683330536
0.2741440236568451
0.17208877205848694
0.08926692605018616
0.05557430163025856
0.27458861470222473
0.08009052276611328
0.08554986864328384
0.14521433413028717
0.18727149069309235
0.13408339023590088
0.10749979317188263
0.10743284225463867
0.24709157645702362
0.16675765812397003
0.16117437183856964
0.08991852402687073
0.020304890349507332
0.16177348792552948
0.0962890237569809
0.26059260964393616
0.20038339495658875
0.12074080854654312
0.1258794218301773
0.02841830439865589
0.08201640099287033
0.1160774752497673
0.2551730275154114
0.17885547876358032
0.13237403333187103
0.11204827576875687
0.18166573345661163
0.0579090379178524
0.12648643553256989
0.08677778393030167
0.2069062888622284
0.11588366329669952
0.1493350714445114
0.18950393795967102
0.18807311356067657
0.22336117923259735
0.2125285565853119
0.1662670224905014
0.11176443099975586
0.13272355496883392
0.13707707822322845
0.13970108330249786
0.08170174062252045
0.07846201956272125
0.09910387545824051
0.11053942143917084
0.22588637471199036
0.24032191932201385
0.22733508050441742
0.18222522735595703
0.06800255924463272
0.0753752812743187
0.07740790396928787
0.24345211684703827
0.3598790764808655
0.08151668310165405
0.21981923282146454
0.10513636469841003
0.27460479736328125
0.2086477130651474
0.16960324347019196
0.12370450794696808
0.1700907200574875
0.22531332075595856
0.18553097546100616
0.1423262655735016
0.46517303586006165
0.1830233335494995
0.25542181730270386
0.15212586522102356
0.18147073686122894
0.19377122819423676
0.11436493694782257
0.05870628356933594
0.13455599546432495
0.03606777638196945
0.07084077596664429
0.27643492817878723
0.26662808656692505
0.14536753296852112
0.0798611119389534
0.04967768117785454
0.056498900055885315
0.09337718784809113
0.12947843968868256
0.07677033543586731
0.14746791124343872
0.13556024432182312
0.08244503289461136
0.18412528932094574
0.1021667867898941
0.0979844257235527
0.21543018519878387
0.2423771172761917
0.15297628939151764
0.21590560674667358
0.10571755468845367
0.17285270988941193
0.07218736410140991
0.23403677344322205
0.19112730026245117
0.1831536442041397
0.13104084134101868
0.10575122386217117
0.23029713332653046
0.09362485259771347
0.2031460404396057
0.09370915591716766
0.093590147793293
0.15015538036823273
0.03629784658551216
0.09011879563331604
0.10086394846439362
0.17204715311527252
0.14966844022274017
0.14159588515758514
0.10650715976953506
0.19588306546211243
0.10867723822593689
0.23934194445610046
0.13935042917728424
0.11448447406291962
0.1512811779975891
0.07880298048257828
0.1792316883802414
0.19915807247161865
0.3583877682685852
0.08826127648353577
0.09966034442186356
0.06042388454079628
0.057114724069833755
0.09314186125993729
0.07358405739068985
0.0360349677503109
0.15838906168937683
0.16252879798412323
0.1941528171300888
0.13685645163059235
0.09827006608247757
0.23702102899551392
0.1745135486125946
0.13286283612251282
0.1768360137939453
0.019897257909178734
0.30734556913375854
0.13277316093444824
0.06964416801929474
0.3407861590385437
0.1286689043045044
0.21199557185173035
0.43990957736968994
0.04466751590371132
0.09739186614751816
0.0742281824350357
0.028707105666399002
0.11640401929616928
0.04957349970936775
0.04737967252731323
0.10996316373348236
0.11513832956552505
0.0760938972234726
0.03467836230993271
