0.29299819469451904
0.25267452001571655
0.20666992664337158
0.07383619248867035
0.23617681860923767
0.21509158611297607
0.30109742283821106
0.2654494047164917
0.2421887367963791
0.30971473455429077
0.434133917093277
0.15686912834644318
0.2197268307209015
0.35046714544296265
0.3088873326778412
0.22557201981544495
0.3223433494567871
0.3139161169528961
0.2343234419822693
0.3373323380947113
0.5179567933082581
0.25300657749176025
0.13991308212280273
0.16220363974571228
0.1373303234577179
0.39044344425201416
0.22554057836532593
0.1909056156873703
0.41730237007141113
0.2461826354265213
0.4491827189922333
0.20620320737361908
0.3250533640384674
0.31609395146369934
0.25283220410346985
0.2795989215373993
0.4201824963092804
0.40186813473701477
0.45518845319747925
0.35213324427604675
0.597291886806488
0.197211354970932
0.1703650951385498
0.4102497696876526
0.16899220645427704
0.20155556499958038
0.40132564306259155
0.3481549024581909
0.3955249488353729
0.5535317063331604
0.44870972633361816
0.2306557446718216
0.354084849357605
0.20309656858444214
0.3205752968788147
0.2707405686378479
0.4140399098396301
0.2673722803592682
0.23684737086296082
0.18752725422382355
0.28585201501846313
0.19877780973911285
0.21561329066753387
0.4245668351650238
0.3212009072303772
0.2640356123447418
0.19008144736289978
0.10872873663902283
0.13929159939289093
0.1961599886417389
0.16162541508674622
0.3064265549182892
0.42285555601119995
0.326570063829422
0.4260706305503845
0.43877744674682617
0.2449640929698944
0.20438458025455475
0.23319722712039948
0.34371399879455566
0.2589908242225647
0.27948179841041565
0.3901403248310089
0.15885770320892334
0.3342342674732208
0.27395495772361755
0.24739044904708862
0.372074156999588
0.2253166288137436
0.3953835070133209
0.15715190768241882
0.1467612385749817
0.15815334022045135
0.38772907853126526
0.18277963995933533
0.24719585478305817
0.11017492413520813
0.25427839159965515
0.18605691194534302
0.37020641565322876
0.1363346129655838
0.34522518515586853
0.24252986907958984
0.326387882232666
0.24136090278625488
0.14389489591121674
0.2049306184053421
0.31242480874061584
0.15169848501682281
0.40596455335617065
0.15890733897686005
0.40641117095947266
0.306637704372406
0.18444569408893585
0.26338762044906616
0.37973544001579285
0.23551586270332336
0.3410262167453766
0.30587154626846313
0.2359982430934906
0.3245002031326294
0.23774373531341553
0.3307581841945648
0.21754921972751617
0.07671009004116058
0.201422318816185
0.31668367981910706
0.21491491794586182
0.5560795068740845
0.2508111298084259
0.3665650486946106
0.2736847698688507
0.3183152377605438
0.32261666655540466
0.26668304204940796
0.18232682347297668
0.2891049087047577
0.27389955520629883
0.26749923825263977
0.23878714442253113
0.42181020975112915
0.21248342096805573
0.2874663770198822
0.25000181794166565
0.12386613339185715
0.24342581629753113
0.37450137734413147
0.15648257732391357
0.43183305859565735
0.33460381627082825
0.18885019421577454
0.4025344252586365
0.28116747736930847
0.1726950854063034
0.19310115277767181
0.18152768909931183
0.32579505443573
0.38277575373649597
0.37396442890167236
0.5563545823097229
0.21660007536411285
0.39719128608703613
0.39818182587623596
0.2905881702899933
0.3515996038913727
0.4165779650211334
0.25178611278533936
0.18623705208301544
0.10241740196943283
0.17516201734542847
0.21104730665683746
0.23479722440242767
0.2411251813173294
0.27631813287734985
0.27196863293647766
0.2559207081794739
0.2356768250465393
0.17129075527191162
0.2099565714597702
0.2861332297325134
0.22307100892066956
0.23030498623847961
0.4038776755332947
0.17076852917671204
0.20608122646808624
0.14749287068843842
0.4109976887702942
0.44392624497413635
0.11637697368860245
0.14812490344047546
0.21825487911701202
0.3662690818309784
0.2115401029586792
0.2728188931941986
0.3631017506122589
0.2195306122303009
0.32386353611946106
0.22767873108386993
0.3195941746234894
0.1781483143568039
0.1617763489484787
0.4166412055492401
0.1535634994506836
0.25402411818504333
0.20206408202648163
0.22778581082820892
0.21884897351264954
0.15989844501018524
0.23354065418243408
0.4067704379558563
0.1529718041419983
0.16320878267288208
0.16482752561569214
0.4785582721233368
0.20025180280208588
0.23496827483177185
0.3847143054008484
0.3042758107185364
0.3784482479095459
0.1228356659412384
0.1128450557589531
0.15186254680156708
0.1057838648557663
0.2326785922050476
0.2956778109073639
0.35617029666900635
0.27934208512306213
0.24991744756698608
0.3104298412799835
0.09353111684322357
0.2527512013912201
0.06497194617986679
0.28687214851379395
0.46166014671325684
0.14857453107833862
0.20171134173870087
0.19886501133441925
0.5858696103096008
0.3599773049354553
0.1963178962469101
0.1699584722518921
0.3665727972984314
0.2538997530937195
0.16146573424339294
0.415765643119812
0.17375630140304565
0.18481847643852234
0.24492661654949188
0.17417331039905548
0.1224059984087944
0.2631815969944
0.14246372878551483
0.21681538224220276
0.1825026571750641
0.16845497488975525
0.40751293301582336
0.44006118178367615
0.25023144483566284
0.19129212200641632
0.12466545403003693
0.24468618631362915
0.1989397257566452
0.4437064230442047
0.18311597406864166
0.3353671431541443
0.4483964145183563
0.41752609610557556
0.30148616433143616
0.11707433313131332
0.28696519136428833
0.16148751974105835
0.314907044172287
0.1843467801809311
0.1312306970357895
0.37833037972450256
0.5056559443473816
0.10871465504169464
0.28847095370292664
0.23038451373577118
0.16124171018600464
0.27307572960853577
0.2369767129421234
0.1710882931947708
0.24726490676403046
0.32243603467941284
0.20363320410251617
0.10964205116033554
0.22344852983951569
0.18693959712982178
0.31464287638664246
0.18960560858249664
0.22890858352184296
0.43996262550354004
0.27146169543266296
0.21094277501106262
0.2208731472492218
0.22950085997581482
0.3365519344806671
0.26923292875289917
0.3572865128517151
0.252144455909729
0.14983566105365753
0.13287413120269775
0.394692987203598
0.18739154934883118
0.3696759343147278
0.18099625408649445
0.2491525411605835
0.1266700029373169
0.15079164505004883
0.19687965512275696
0.28237590193748474
0.1645585000514984
0.42816615104675293
0.34178003668785095
0.32935336232185364
0.17891938984394073
0.0853549912571907
0.2343384325504303
0.17495378851890564
0.3304460942745209
0.20187725126743317
0.3498539626598358
0.1755160689353943
0.2575697898864746
0.25369274616241455
0.3443358242511749
0.291244775056839
0.27974221110343933
0.22896867990493774
0.1780136525630951
0.21674664318561554
0.12779295444488525
0.09374018013477325
0.21877607703208923
0.16670279204845428
0.13848014175891876
0.2945156395435333
0.27794429659843445
0.37632742524147034
0.23019854724407196
0.23341436684131622
0.16589580476284027
0.20642882585525513
0.25013381242752075
0.2852889895439148
0.34497398138046265
0.6510052680969238
0.2687179744243622
0.25574907660484314
0.1719830334186554
0.2722666263580322
0.31117814779281616
0.22255587577819824
0.2570049464702606
0.15858256816864014
0.21400578320026398
0.2874755561351776
0.2274334579706192
0.19482415914535522
0.23629507422447205
0.35163792967796326
0.14333988726139069
0.3290467858314514
0.27015334367752075
0.185434490442276
0.334560751914978
0.248568594455719
0.45057374238967896
0.1135842576622963
0.11706694215536118
0.15353146195411682
0.3533402383327484
0.5176362991333008
0.22294658422470093
0.28695914149284363
0.18618543446063995
0.18056780099868774
0.2871548533439636
0.12548768520355225
0.16510972380638123
0.21954943239688873
0.34735122323036194
0.26809966564178467
0.24559351801872253
0.26925909519195557
0.32129722833633423
0.26706016063690186
0.28328612446784973
0.2889268398284912
0.2050996720790863
0.1542174518108368
0.2875964939594269
0.24423851072788239
0.08467159420251846
0.19064979255199432
0.2518311142921448
0.3778260052204132
0.22479860484600067
0.3075508773326874
0.1564067155122757
0.2368999421596527
0.17058226466178894
0.256985604763031
0.309739351272583
0.4546355605125427
0.3235616981983185
0.378184050321579
0.2800125181674957
0.4676015377044678
0.22617551684379578
0.39941126108169556
0.2685095965862274
0.2761934697628021
0.18611320853233337
0.330232173204422
0.235057532787323
0.28481268882751465
0.16716013848781586
0.2947491407394409
0.20423415303230286
0.3014739155769348
0.17934733629226685
0.30372506380081177
0.1941981315612793
0.2771123945713043
0.25405341386795044
0.11304374784231186
0.21911902725696564
0.21365630626678467
0.2719860374927521
0.2868473529815674
0.1851886510848999
0.3038451075553894
0.1884268820285797
0.24904564023017883
0.3163585364818573
0.2881607413291931
0.30042406916618347
0.17178399860858917
0.2976202964782715
0.15486504137516022
0.24375979602336884
0.21822500228881836
0.17982974648475647
0.27628904581069946
0.2787207067012787
0.16017501056194305
0.169364333152771
0.16804562509059906
0.21818441152572632
0.24369502067565918
0.16829238831996918
0.2768951654434204
0.22340941429138184
0.07529677450656891
0.25706472992897034
0.20571261644363403
0.2752470374107361
0.33546385169029236
0.16435286402702332
0.2565877139568329
0.21513834595680237
0.12655062973499298
0.21514365077018738
0.19147558510303497
0.3273634612560272
0.1950451284646988
0.23448942601680756
0.36212074756622314
0.21360540390014648
0.13005796074867249
0.2480587512254715
0.24965471029281616
0.29038527607917786
0.37475675344467163
0.3275957703590393
0.33113065361976624
0.21779043972492218
0.25679320096969604
0.2691109776496887
0.27943435311317444
0.2232927531003952
0.10723777860403061
0.2115909904241562
0.4205928146839142
0.46010246872901917
0.07145970314741135
0.23056474328041077
0.2898228168487549
0.18196842074394226
0.20603477954864502
0.2326383739709854
0.3740694522857666
0.12362180650234222
0.3756653368473053
0.17986726760864258
0.2378203421831131
0.29328063130378723
0.19392706453800201
0.28666138648986816
0.20559577643871307
0.25573840737342834
0.18260106444358826
0.5333319306373596
0.21323662996292114
0.3839164674282074
0.24338121712207794
0.34623509645462036
0.3672344386577606
0.18462836742401123
0.29912713170051575
0.1004326194524765
0.20232641696929932
0.2937524616718292
0.21464619040489197
0.218981072306633
0.24568231403827667
0.3529857099056244
0.2886802852153778
0.2294008731842041
0.17030300199985504
0.3417437672615051
0.20555737614631653
0.15079210698604584
0.5161839127540588
0.15942789614200592
0.30989065766334534
0.21564194560050964
0.26263904571533203
0.16503436863422394
0.34490349888801575
0.25806620717048645
0.1296086460351944
0.4731912910938263
0.09966246783733368
0.33568233251571655
0.23080365359783173
0.1664443463087082
0.20374566316604614
0.23102781176567078
0.16915391385555267
0.2545410990715027
0.11238230764865875
0.616959810256958
0.09296292066574097
0.20089447498321533
0.20450839400291443
0.2336762696504593
0.21929410099983215
0.13536009192466736
0.1761625111103058
0.1695713996887207
0.17082197964191437
0.24945244193077087
0.17226587235927582
0.12570737302303314
0.1887013167142868
0.35678258538246155
0.12838014960289001
0.20968608558177948
0.344953715801239
0.2894810736179352
0.21110054850578308
0.1843373328447342
0.3758586347103119
0.13332059979438782
0.14041173458099365
0.30538296699523926
0.14017753303050995
0.10115768015384674
0.348898321390152
0.16180074214935303
0.22799798846244812
0.1789323091506958
0.17250917851924896
0.16721126437187195
0.15246087312698364
0.13279566168785095
0.23611849546432495
0.27035748958587646
0.1930994689464569
0.14433400332927704
0.1844176948070526
0.305471807718277
0.3646532893180847
0.4141451120376587
0.13432319462299347
0.12339334189891815
0.2966786026954651
0.20004978775978088
0.32332468032836914
0.3401707708835602
0.2570197880268097
0.1809464991092682
0.18375259637832642
0.3053724765777588
0.1267985850572586
0.22541671991348267
0.31341543793678284
0.20878981053829193
0.2753911316394806
0.4423884451389313
0.2947840392589569
0.257821649312973
0.19942252337932587
0.21028552949428558
0.6106594800949097
0.2501712143421173
0.20880743861198425
0.19085559248924255
0.08572142571210861
0.2263566553592682
0.15495802462100983
0.1511639654636383
0.2532113492488861
0.2248043566942215
0.10340269654989243
0.1885254830121994
0.24870611727237701
0.25957611203193665
0.19655369222164154
0.38190653920173645
0.31509143114089966
0.33199343085289
0.2638576328754425
0.4564085006713867
0.4477074444293976
0.22323742508888245
0.16721737384796143
0.11825088411569595
0.21003669500350952
0.09686043113470078
0.3098416328430176
0.21506139636039734
0.279371052980423
0.1502268761396408
0.18339604139328003
0.33214089274406433
0.27217793464660645
0.25848206877708435
0.23599259555339813
0.05141260102391243
0.2121698558330536
0.27908557653427124
0.35216179490089417
0.20204001665115356
0.19049222767353058
0.3318881094455719
0.34112033247947693
0.19587431848049164
0.2951999008655548
0.1731090247631073
0.254291296005249
0.2180134505033493
0.25545063614845276
0.18569926917552948
0.38694125413894653
0.2795243263244629
0.15941168367862701
0.3108213245868683
0.3629140257835388
0.23085816204547882
0.26364728808403015
0.26724883913993835
0.1828506886959076
0.6281274557113647
0.17844104766845703
0.18215236067771912
0.3856238126754761
0.3826857805252075
0.3033420145511627
0.09417006373405457
0.15069709718227386
0.20724768936634064
0.3269585967063904
0.24988332390785217
0.3746013045310974
0.18180738389492035
0.3553972542285919
0.14777347445487976
0.49221277236938477
0.24401681125164032
0.12867827713489532
0.26980575919151306
0.13294807076454163
0.29445943236351013
0.14976878464221954
0.12445617467164993
0.1592351496219635
0.19623427093029022
0.2746739685535431
0.30855444073677063
0.16316621005535126
0.27507245540618896
0.1995992511510849
0.3642518222332001
0.25202399492263794
0.2752012014389038
0.2587946653366089
0.2262590378522873
0.12182414531707764
0.15642161667346954
0.2962571084499359
0.2589978575706482
0.20591990649700165
0.1604549139738083
0.3169606924057007
0.190131276845932
0.15076446533203125
0.4261694550514221
0.4066094160079956
0.2457074075937271
0.21212053298950195
0.24669422209262848
0.26638299226760864
0.1566789448261261
0.22959807515144348
0.14450260996818542
0.18987302482128143
0.26653993129730225
0.3064977526664734
0.18986132740974426
0.3446994423866272
0.12904424965381622
0.12142054736614227
0.09877225011587143
0.2278110533952713
0.15610642731189728
0.14154306054115295
0.1350395530462265
0.29352715611457825
0.31710362434387207
0.12811298668384552
0.25320950150489807
0.16804885864257813
0.1900492012500763
0.30229368805885315
0.3880508840084076
0.21131470799446106
0.26896345615386963
0.34555739164352417
0.12965400516986847
0.23701557517051697
0.17086412012577057
0.1385394185781479
0.12582723796367645
0.37239739298820496
0.181006520986557
0.17818297445774078
0.19113537669181824
0.24816370010375977
0.2629646062850952
0.31303465366363525
0.06905622035264969
0.24607746303081512
0.23788203299045563
0.14419612288475037
0.14875628054141998
0.11000338196754456
0.25840774178504944
0.09309756010770798
0.17240408062934875
0.16832317411899567
0.3068619668483734
0.24597059190273285
0.3703773617744446
0.446749210357666
0.2571012079715729
0.33234086632728577
0.16729585826396942
0.18642303347587585
0.23110197484493256
0.2507421672344208
0.32605254650115967
0.146204873919487
0.17067304253578186
0.10903795808553696
0.2644888460636139
0.28167644143104553
0.2900161147117615
0.1859808713197708
0.16571438312530518
0.28088802099227905
0.10835253447294235
0.14836201071739197
0.22579799592494965
0.32439249753952026
0.3654758632183075
0.17846915125846863
0.276755154132843
0.2733628749847412
0.2675977349281311
0.20829114317893982
0.1650359332561493
0.15460950136184692
0.18504926562309265
0.2788349390029907
0.21118366718292236
0.10391045361757278
0.24989278614521027
0.2495521605014801
0.28244343400001526
0.17061682045459747
0.2671118974685669
0.33761775493621826
0.3200666308403015
0.3172447383403778
0.4119185209274292
0.21206068992614746
0.16672417521476746
0.22018957138061523
0.27948957681655884
0.2556491494178772
0.17975807189941406
0.1722375601530075
0.1763639599084854
0.1973762959241867
0.24254204332828522
0.20520228147506714
0.2865317165851593
0.1661856770515442
0.19301950931549072
0.19497205317020416
0.20873838663101196
0.3392593562602997
0.3120676577091217
0.37409916520118713
0.13005344569683075
0.2252083122730255
0.2568340301513672
0.15985621511936188
0.17332550883293152
0.13788564503192902
0.3110601603984833
0.22487860918045044
0.2749776542186737
0.23566405475139618
0.10724317282438278
0.19766837358474731
0.12995545566082
0.23991242051124573
0.20815320312976837
0.22635148465633392
0.23795798420906067
0.20682917535305023
0.17495979368686676
0.23522353172302246
0.1633128821849823
0.2795752286911011
0.1177348643541336
0.12187910079956055
0.4741821885108948
0.15947236120700836
0.1563238799571991
0.2524156868457794
0.18921370804309845
0.27353715896606445
0.13485893607139587
0.28906986117362976
0.214467853307724
0.31303757429122925
0.44758278131484985
0.10469938814640045
0.31162476539611816
0.21885265409946442
0.2287243753671646
0.23534667491912842
0.27776825428009033
0.31562554836273193
0.27914291620254517
0.0817127376794815
0.5095123648643494
0.3742537796497345
0.2190590649843216
0.16481207311153412
0.34580183029174805
0.19828566908836365
0.22790943086147308
0.23342546820640564
0.1343570351600647
0.16535584628582
0.27804651856422424
0.26605260372161865
0.0691201239824295
0.1831263154745102
0.29036346077919006
0.1792435646057129
0.28370702266693115
0.08461117744445801
0.27975696325302124
0.17198148369789124
0.2918277680873871
0.3107340335845947
0.31206947565078735
0.1175587922334671
0.16330088675022125
0.13103950023651123
0.303320050239563
0.2222805619239807
0.1935928910970688
0.26505714654922485
0.21921803057193756
0.189006507396698
0.4506496489048004
0.22649085521697998
0.1777215152978897
0.15726497769355774
0.18640749156475067
0.31231582164764404
0.26727086305618286
0.19704172015190125
0.1132751926779747
0.1861603856086731
0.1373250037431717
0.14339350163936615
0.18239563703536987
0.2163785994052887
0.23121723532676697
0.1923244297504425
0.2889280319213867
0.0787108913064003
0.22497472167015076
0.23460693657398224
0.44408172369003296
0.2915937304496765
0.22104932367801666
0.22998405992984772
0.18342776596546173
0.11075492948293686
0.15047253668308258
0.14455176889896393
0.281704306602478
0.21501243114471436
0.10727246850728989
0.4010429382324219
0.27338460087776184
0.10590014606714249
0.20374812185764313
0.539267897605896
