0.18065916001796722
0.07542756199836731
0.051681965589523315
0.07376070320606232
0.06937132030725479
0.2631893455982208
0.14114142954349518
0.2272835671901703
0.11207912862300873
0.08522289246320724
0.09751798957586288
0.0695665255188942
0.13865187764167786
0.22781117260456085
0.07569723576307297
0.06895162165164948
0.1005527600646019
0.07270322740077972
0.10695911198854446
0.07337678223848343
0.09474921971559525
0.03331340104341507
0.12602001428604126
0.29314836859703064
0.15330521762371063
0.12676629424095154
0.049596741795539856
0.20188571512699127
0.10090731829404831
0.15512028336524963
0.05748653784394264
0.22783373296260834
0.13044266402721405
0.08761396259069443
0.08776656538248062
0.12096639722585678
0.05764986574649811
0.09920880943536758
0.2468240112066269
0.047330182045698166
0.06869664788246155
0.06928575038909912
0.15225373208522797
0.17689630389213562
0.0644255205988884
0.05417678505182266
0.15877355635166168
0.08844044804573059
0.14540301263332367
0.03645231947302818
0.05045868828892708
0.2893740236759186
0.07149066776037216
0.09520824253559113
0.1724075973033905
0.02604634501039982
0.1441250741481781
0.17151695489883423
0.09185836464166641
0.044094268232584
0.3014976680278778
0.0599927082657814
0.11758025735616684
0.051934462040662766
0.15440526604652405
0.07744660973548889
0.08375997841358185
0.07764481753110886
0.2706492841243744
0.19185270369052887
0.10743055492639542
0.04949404299259186
0.10675913840532303
0.026953011751174927
0.07099863141775131
0.10996099561452866
0.09406060725450516
0.06104905158281326
0.05899537354707718
0.04058234766125679
0.22439105808734894
0.17413797974586487
0.39098963141441345
0.24608004093170166
0.1296663135290146
0.052374616265296936
0.06514842063188553
0.058211710304021835
0.10266928374767303
0.16433760523796082
0.17928838729858398
0.0682772770524025
0.08862993866205215
0.039177920669317245
0.08914916962385178
0.10813461244106293
0.13926750421524048
0.06694052368402481
0.15709355473518372
0.10655030608177185
0.08789636194705963
0.11820977926254272
0.12623196840286255
0.0708802118897438
0.21970340609550476
0.16436751186847687
0.1336437612771988
0.11307837069034576
0.050725243985652924
0.07832738757133484
0.18808934092521667
0.0327356718480587
0.09092892706394196
0.1927877962589264
0.018740210682153702
0.0959634780883789
0.07796068489551544
0.32536306977272034
0.1049300879240036
0.09092715382575989
0.024696649983525276
0.05092260614037514
0.27257415652275085
0.04302237927913666
0.0853138118982315
0.12784305214881897
0.07829258590936661
0.11780442297458649
0.18929053843021393
0.15429560840129852
0.32314878702163696
0.12250041961669922
0.2612597644329071
0.09685394167900085
0.24350425601005554
0.13833676278591156
0.15135081112384796
0.1048283576965332
0.11600477248430252
0.042849887162446976
0.07012911140918732
0.06300356239080429
0.20527446269989014
0.1159096360206604
0.2154480367898941
0.04328436031937599
0.07359129935503006
0.20151987671852112
0.17594343423843384
0.176869735121727
0.0660649761557579
0.18242211639881134
0.1350250244140625
0.14788255095481873
0.1406177580356598
0.10019578039646149
0.2908100485801697
0.05986768752336502
0.14566078782081604
0.08447254449129105
0.07932411134243011
0.10585558414459229
0.16917775571346283
0.21604105830192566
0.07383297383785248
0.05288064107298851
0.20009863376617432
0.13160787522792816
0.15319600701332092
0.16862896084785461
0.10722699016332626
0.11653725057840347
0.07384293526411057
0.08468740433454514
0.07479845732450485
0.08456140756607056
0.10810970515012741
0.11097996681928635
0.12618787586688995
0.09640487283468246
0.13536377251148224
0.11390607059001923
0.05532989650964737
0.09644220024347305
0.2508399486541748
0.12335420399904251
0.13586708903312683
0.0702434554696083
0.2199009656906128
0.11989782005548477
0.03324466571211815
0.18713434040546417
0.08876929432153702
0.0899365246295929
0.08056552708148956
0.05069510266184807
0.36124473810195923
0.03475240617990494
0.1504347324371338
0.19902782142162323
0.20379091799259186
0.11681240797042847
0.08843233436346054
0.1277618706226349
0.047974634915590286
0.273083359003067
0.0493580587208271
0.052635662257671356
0.2261197715997696
0.07401657849550247
0.13970161974430084
0.0954604223370552
0.1664888858795166
0.10024603456258774
0.11139918118715286
0.18083582818508148
0.06461072713136673
0.08593252301216125
0.07611270993947983
0.07059135288000107
0.2648787200450897
0.09585755318403244
0.20743544399738312
0.05550478771328926
0.0546083077788353
0.12622204422950745
0.12685626745224
0.26277485489845276
0.08362385630607605
0.15022680163383484
0.11466018855571747
0.06702249497175217
0.021918833255767822
0.523331344127655
0.09882526844739914
0.1627448946237564
0.17969059944152832
0.017178740352392197
0.03728949651122093
0.2633814215660095
0.11779171228408813
0.11329709738492966
0.08141647279262543
0.13110849261283875
0.20931461453437805
0.0886291041970253
0.058095406740903854
0.27152737975120544
0.14825233817100525
0.18752619624137878
0.15360520780086517
0.12357772141695023
0.145548015832901
0.10617521405220032
0.14684949815273285
0.14146088063716888
0.10330332070589066
0.1706547737121582
0.32366710901260376
0.2857086658477783
0.21263928711414337
0.15255479514598846
0.13016441464424133
0.027890266850590706
0.14432622492313385
0.07336887717247009
0.17596535384655
0.09329784661531448
0.16130787134170532
0.017334220930933952
0.057190705090761185
0.17160546779632568
0.06645742058753967
0.0833960548043251
0.24036213755607605
0.14946578443050385
0.11948169022798538
0.20663458108901978
0.14540639519691467
0.09599453210830688
0.21862103044986725
0.06787361204624176
0.23279453814029694
0.1940128058195114
0.15859459340572357
0.11314275860786438
0.03758750110864639
0.18626177310943604
0.12362183630466461
0.0551854632794857
0.09718333184719086
0.10402195155620575
0.06317982077598572
0.14142371714115143
0.07538111507892609
0.0772714614868164
0.05867854878306389
0.04186629131436348
0.073489248752594
0.13598984479904175
0.14313463866710663
0.13675180077552795
0.22658176720142365
0.21952806413173676
0.041686490178108215
0.1406477838754654
0.17033280432224274
0.1207866445183754
0.17100045084953308
0.12086956202983856
0.20345593988895416
0.1361915022134781
0.06667770445346832
0.05338282138109207
0.1548900157213211
0.09547868371009827
0.15864458680152893
0.110309898853302
0.09830156713724136
0.11511536687612534
0.08687085658311844
0.026297785341739655
0.15925869345664978
0.1659880429506302
0.08660192787647247
0.2872740924358368
0.15164916217327118
0.0736151933670044
0.19525831937789917
0.14117559790611267
0.07953131198883057
0.13245245814323425
0.17006802558898926
0.08377417922019958
0.13391733169555664
0.12066058814525604
0.09652025252580643
0.06459975242614746
0.1308714896440506
0.11583761870861053
0.04861057922244072
0.2196161299943924
0.22456420958042145
0.14807741343975067
0.18050812184810638
0.17695462703704834
0.20816980302333832
0.020467892289161682
0.20350763201713562
0.19580525159835815
0.20734673738479614
0.16355590522289276
0.16839852929115295
0.0920669436454773
0.06799902766942978
0.07236947119235992
0.03980202600359917
0.08964905887842178
0.1402771919965744
0.1719038039445877
0.026133254170417786
0.2936207056045532
0.030110526829957962
0.15469470620155334
0.11806067079305649
0.04842890053987503
0.22341512143611908
0.041706718504428864
0.11553529649972916
0.10594891011714935
0.02693934366106987
0.09918518364429474
0.11267569661140442
0.10235455632209778
0.06921498477458954
0.08811502903699875
0.0458354726433754
0.31402090191841125
0.0652555301785469
0.0918426662683487
0.059673842042684555
0.06385491043329239
0.0552736297249794
0.09408530592918396
0.09104754030704498
0.0762404054403305
0.12539640069007874
0.05912875756621361
0.28316494822502136
0.1146252229809761
0.049404971301555634
0.07567933201789856
0.1358160376548767
0.04175470024347305
0.10004819184541702
0.12191587686538696
0.07992851734161377
0.03977407142519951
0.0689447671175003
0.08136845380067825
0.08069941401481628
0.19964732229709625
0.17141535878181458
0.1571102887392044
0.22611244022846222
0.029329638928174973
0.0820033848285675
0.24189816415309906
0.04883012920618057
0.14399279654026031
0.09888370335102081
0.14724737405776978
0.11443047225475311
0.14799439907073975
0.03519655391573906
0.06148223206400871
0.13472482562065125
0.1924552321434021
0.11175736039876938
0.11877485364675522
0.0657968670129776
0.22500494122505188
0.16455166041851044
0.0757821574807167
0.1526457667350769
0.12730740010738373
0.05909813567996025
0.21901296079158783
0.1544726938009262
0.05540609732270241
0.29744458198547363
0.04101094603538513
0.09009739756584167
0.07288362085819244
0.28639206290245056
0.1320343315601349
0.032302431762218475
0.10210388898849487
0.04086998850107193
0.19992420077323914
0.25173211097717285
0.22097139060497284
0.10341029614210129
0.4327027201652527
0.21633444726467133
0.08200841397047043
0.13959917426109314
0.13028950989246368
0.04670644551515579
0.1281508207321167
0.06913674622774124
0.15946851670742035
0.13331568241119385
0.2522270679473877
0.08106840401887894
0.11057452112436295
0.03160136193037033
0.04456677287817001
0.07588323950767517
0.1863703429698944
0.12469779700040817
0.2414560765028
0.12888726592063904
0.13244052231311798
0.0495489127933979
0.23252959549427032
0.08923853188753128
0.050569090992212296
0.21648460626602173
0.23325839638710022
0.18729552626609802
0.018807383254170418
0.0833665058016777
0.086127869784832
0.1512739658355713
0.15998423099517822
0.1149783656001091
0.16351355612277985
0.2150096595287323
0.1241760104894638
0.1131373792886734
0.18935757875442505
0.06140381842851639
0.12515275180339813
0.08471288532018661
0.1221463680267334
0.10390346497297287
0.08540746569633484
0.11781049519777298
0.2053249478340149
0.1629946082830429
0.11580993235111237
0.29228898882865906
0.12651321291923523
0.10311048477888107
0.10180312395095825
0.10754532366991043
0.07895544171333313
0.16455063223838806
0.1436297744512558
0.31919822096824646
0.23538178205490112
0.14486369490623474
0.03598508983850479
0.06846389919519424
0.12309738993644714
0.13426385819911957
0.15663419663906097
0.13897067308425903
0.1721569150686264
0.08864804357290268
0.2527131140232086
0.09863392263650894
0.13702701032161713
0.051108766347169876
0.10950230807065964
0.12344279140233994
0.08114645630121231
0.2024303674697876
0.08080114424228668
0.28406408429145813
0.07309690117835999
0.06103457510471344
0.14610277116298676
0.14351488649845123
0.2127726972103119
0.06353430449962616
0.07025524973869324
0.11784875392913818
0.07980120927095413
0.2631426751613617
0.08790454268455505
0.12973056733608246
0.04827386513352394
0.12730923295021057
0.10195030272006989
0.05288488417863846
0.048720598220825195
0.1410117894411087
0.09869000315666199
0.13807056844234467
0.05061167851090431
0.20931732654571533
0.08268043398857117
0.07894481718540192
0.19079744815826416
0.09800901263952255
0.08144330233335495
0.0860225111246109
0.06202045455574989
0.06623931974172592
0.048129886388778687
0.07448115199804306
0.18884523212909698
0.04963916540145874
0.07567298412322998
0.019357817247509956
0.14086151123046875
0.2869788110256195
0.04305531457066536
0.05363838002085686
0.05117708444595337
0.2177869826555252
0.16446471214294434
0.2664767801761627
0.053598321974277496
0.15352179110050201
0.09253665059804916
0.061672039330005646
0.099219411611557
0.1271698772907257
0.17161649465560913
0.10851676017045975
0.11227098852396011
0.20349647104740143
0.2341202199459076
0.06494216620922089
0.04453620687127113
0.058418355882167816
0.33461305499076843
0.05385163798928261
0.07388913631439209
0.1720106601715088
0.18915387988090515
0.05071306601166725
0.12959520518779755
0.14223212003707886
0.09455706924200058
0.14783978462219238
0.173678919672966
0.19651676714420319
0.06598855555057526
0.14850233495235443
0.1224016547203064
0.18964892625808716
0.20500633120536804
0.2719440758228302
0.10621145367622375
0.20507699251174927
0.04610418900847435
0.0429384782910347
0.17158953845500946
0.1531272977590561
0.14243431389331818
0.3550986349582672
0.22288069128990173
0.06492982804775238
0.2671532928943634
0.23480361700057983
0.05285555124282837
0.1153481975197792
0.07412000000476837
0.18962562084197998
0.02915055863559246
0.30378076434135437
0.07549405843019485
0.20983026921749115
0.1631632000207901
0.1032300591468811
0.11159583926200867
0.056446243077516556
0.09924858808517456
0.07555383443832397
0.11656694114208221
0.0740329921245575
0.12729714810848236
0.05381598323583603
0.11854992061853409
0.07953791320323944
0.12225683033466339
0.044603824615478516
0.13256755471229553
0.0383104644715786
0.11224491894245148
0.1424318104982376
0.12239731848239899
0.11577211320400238
0.07555154711008072
0.1506432592868805
0.10474586486816406
0.11685970425605774
0.1017163097858429
0.16160154342651367
0.11758313328027725
0.07755820453166962
0.1212073266506195
0.16515785455703735
0.054244935512542725
0.1108647957444191
0.2618215084075928
0.2191941887140274
0.030634960159659386
0.12675249576568604
0.09576757252216339
0.16938015818595886
0.08919169008731842
0.11200577020645142
0.15431322157382965
0.06149737536907196
0.07291097193956375
0.14613224565982819
0.29655298590660095
0.08526436984539032
0.17468327283859253
0.07693899422883987
0.37548986077308655
0.04844728484749794
0.17928822338581085
0.17847169935703278
0.11578033119440079
0.2175246924161911
0.04745369032025337
0.05457453429698944
0.057649336755275726
0.16012656688690186
0.10053946077823639
0.2430851310491562
0.04392668232321739
0.19169268012046814
0.11040571331977844
0.09594587981700897
0.07031888514757156
0.08417095988988876
0.23891326785087585
0.2783801555633545
0.11527696251869202
0.022950047627091408
0.07197703421115875
0.19119779765605927
0.10072487592697144
0.13047930598258972
0.24402332305908203
0.15858349204063416
0.21038281917572021
0.0690203607082367
0.10182711482048035
0.14700531959533691
0.19589842855930328
0.022196903824806213
0.06629958003759384
0.1980666220188141
0.0685722753405571
0.13281789422035217
0.12401264905929565
0.1318669617176056
0.21933740377426147
0.1737276166677475
0.10301467031240463
0.1581527441740036
0.15095561742782593
0.0434800386428833
0.05199618637561798
0.23089736700057983
0.10363023728132248
0.13718904554843903
0.07518711686134338
0.09982655942440033
0.17487896978855133
0.089017353951931
0.13970451056957245
0.19092006981372833
0.10628464818000793
0.11326414346694946
0.12886327505111694
0.0806090235710144
0.08128977566957474
0.10780613869428635
0.1759578436613083
0.09554489701986313
0.06582701951265335
0.08798877894878387
0.18487204611301422
0.13969002664089203
0.037784069776535034
0.18958066403865814
0.08266301453113556
0.02924620732665062
0.19459673762321472
0.13074472546577454
0.044221192598342896
0.09566479921340942
0.06659671664237976
0.09700626879930496
0.12059421837329865
0.015731841325759888
0.19551564753055573
0.06055467575788498
0.058875713497400284
0.07197358459234238
0.20344260334968567
0.16447384655475616
0.04320380836725235
0.0283618476241827
0.08219298720359802
0.05462200939655304
0.12080268561840057
0.115534707903862
0.2241697460412979
0.20295250415802002
0.20572693645954132
0.14487524330615997
0.166320338845253
0.06321369111537933
0.11517797410488129
0.11194171011447906
0.12721320986747742
0.05761794373393059
0.0751165822148323
0.014547308906912804
0.08981701731681824
0.2041374295949936
0.2508092224597931
0.1801968812942505
0.15605203807353973
0.1750311255455017
0.15490108728408813
0.2210606038570404
0.10253103077411652
0.08244326710700989
0.12203282117843628
0.1455415040254593
0.10746359825134277
0.06676637381315231
0.1226179301738739
0.024002332240343094
0.2097255438566208
0.05702131986618042
0.06392813473939896
0.22734126448631287
0.10217755287885666
0.266664057970047
0.05681443214416504
0.07399473339319229
0.17162147164344788
0.09687373042106628
0.12282112240791321
0.2175702005624771
0.058300867676734924
0.1120326891541481
0.1445252150297165
0.27432504296302795
0.07025071978569031
0.06684563308954239
0.24243861436843872
0.17515119910240173
0.22043806314468384
0.08856865018606186
0.08337492495775223
0.08050966262817383
0.035257793962955475
0.07239925861358643
0.11182690411806107
0.08724718540906906
0.3339066803455353
0.08570706844329834
0.03603045642375946
0.15531592071056366
0.043765000998973846
0.0860101729631424
0.06082503870129585
0.14664126932621002
0.042953066527843475
0.24213626980781555
0.19133053719997406
0.09178999066352844
0.15494148433208466
0.14436854422092438
0.10046350955963135
0.13058315217494965
0.06585066765546799
0.20011188089847565
0.1480819135904312
0.10646767914295197
0.08413976430892944
0.09251228719949722
0.04608460143208504
0.1269214153289795
0.15456730127334595
0.09627197682857513
0.1244780495762825
0.11617574095726013
0.1776105910539627
0.07359324395656586
0.18382534384727478
0.1587727814912796
0.2966405749320984
0.17361459136009216
0.13141679763793945
0.19132693111896515
0.11389526724815369
0.1155305877327919
0.2666839361190796
0.166159525513649
0.16476984322071075
0.10992035269737244
0.22168968617916107
0.043512918055057526
0.08425845205783844
0.15222783386707306
0.031140519306063652
0.11813119053840637
0.11294832825660706
0.12933069467544556
0.27729135751724243
0.3262985348701477
0.055804476141929626
0.19663091003894806
0.08602388203144073
0.18858927488327026
0.18611949682235718
0.08234097063541412
0.21148009598255157
0.04124317690730095
0.2917419672012329
0.09759894013404846
0.06687509268522263
0.267498254776001
0.1887378692626953
0.15048523247241974
0.3379129469394684
0.048992473632097244
0.121104896068573
0.029716603457927704
0.23874934017658234
0.10022742301225662
0.16868151724338531
0.09429750591516495
0.07143417000770569
0.1513681858778
0.19057108461856842
0.07355395704507828
0.18558825552463531
0.18079297244548798
0.051605697721242905
0.08806991577148438
0.1632557064294815
0.17826487123966217
0.04402495548129082
0.20310164988040924
0.18360938131809235
0.08429349958896637
0.10936903208494186
0.08946770429611206
0.0895257443189621
0.02883904054760933
0.15410888195037842
0.1113867461681366
0.12040182203054428
0.05816612392663956
0.19245310127735138
0.053743716329336166
0.2147846519947052
0.22859494388103485
0.13852740824222565
0.1265910118818283
0.12318496406078339
0.33073052763938904
0.14138458669185638
0.13651873171329498
0.21160250902175903
0.11750577390193939
0.2753208875656128
0.06401833146810532
0.2369285523891449
0.10943318158388138
0.1686933934688568
0.08080463856458664
0.12386702746152878
0.12380664795637131
0.26401811838150024
0.07866846024990082
0.13489806652069092
0.042119789868593216
0.09141654521226883
0.31078457832336426
0.07539427280426025
0.16477327048778534
0.07682812213897705
0.12354862689971924
0.01481049507856369
