0.2466244101524353
0.051494043320417404
0.05499397963285446
0.04817808419466019
0.1076633408665657
0.07440560311079025
0.1407919079065323
0.13890166580677032
0.12061663717031479
0.0682675763964653
0.06478151679039001
0.10920515656471252
0.08683786541223526
0.11683464795351028
0.09039526432752609
0.061455272138118744
0.0999491736292839
0.05888594314455986
0.08469513058662415
0.18742722272872925
0.10677818208932877
0.11097022145986557
0.23802804946899414
0.16192714869976044
0.06681954860687256
0.058581531047821045
0.08589443564414978
0.04583925008773804
0.1437724083662033
0.19098271429538727
0.046073392033576965
0.04573507606983185
0.1550840139389038
0.10077551007270813
0.2231699526309967
0.058948028832674026
0.11125282943248749
0.1369515061378479
0.24120302498340607
0.07401658594608307
0.15542469918727875
0.2650783658027649
0.3474220931529999
0.04881051927804947
0.03904939070343971
0.06750123202800751
0.1492367535829544
0.18487268686294556
0.11913711577653885
0.13112179934978485
0.1207900419831276
0.12171267718076706
0.1278473287820816
0.11966712027788162
0.16106031835079193
0.08432324230670929
0.16752561926841736
0.04741566255688667
0.1755131632089615
0.047894589602947235
0.16411735117435455
0.07137449085712433
0.20382721722126007
0.1203644648194313
0.04910862818360329
0.11286148428916931
0.0851379781961441
0.17289593815803528
0.13558247685432434
0.06719832867383957
0.0658562034368515
0.09194404631853104
0.21658918261528015
0.1780199259519577
0.13923977315425873
0.16285774111747742
0.20645347237586975
0.07650372385978699
0.06806450337171555
0.047131188213825226
0.1746392399072647
0.09852779656648636
0.11930450052022934
0.06483661383390427
0.2625591456890106
0.08819359540939331
0.05747520923614502
0.17950350046157837
0.15685981512069702
0.08878864347934723
0.0813138484954834
0.03122992068529129
0.15184801816940308
0.07503882050514221
0.1604911834001541
0.18127143383026123
0.07387141138315201
0.07658841460943222
0.07131290435791016
0.45635557174682617
0.1951243281364441
0.1629403829574585
0.15841561555862427
0.09775302559137344
0.13936345279216766
0.04267386719584465
0.027549009770154953
0.11529725044965744
0.08771256357431412
0.06809390336275101
0.16451838612556458
0.08028412610292435
0.07042323797941208
0.05599896237254143
0.05367665737867355
0.04637497290968895
0.06301099807024002
0.043738823384046555
0.11518526077270508
0.08861026167869568
0.213314950466156
0.16868093609809875
0.09944574534893036
0.10855350643396378
0.21422414481639862
0.04618941247463226
0.0992058515548706
0.030301250517368317
0.15338952839374542
0.2526169419288635
0.2061096578836441
0.09574776887893677
0.0945543423295021
0.0351862832903862
0.09409253299236298
0.1095968633890152
0.2691117823123932
0.03261540085077286
0.08155687898397446
0.14316816627979279
0.14975301921367645
0.041260071098804474
0.04245121404528618
0.2220669835805893
0.08797317743301392
0.16499179601669312
0.11067359894514084
0.15111234784126282
0.3172608017921448
0.15721184015274048
0.03883878514170647
0.04010753333568573
0.14245355129241943
0.1342274248600006
0.30279430747032166
0.25344327092170715
0.09100083261728287
0.10813283920288086
0.11444731056690216
0.26778683066368103
0.0895933210849762
0.17911650240421295
0.11303362250328064
0.16670972108840942
0.12933418154716492
0.06215846538543701
0.12606213986873627
0.05354829132556915
0.05815378949046135
0.16954398155212402
0.09970895200967789
0.11371360719203949
0.09812376648187637
0.13851818442344666
0.07065392285585403
0.18879997730255127
0.0352625735104084
0.10336339473724365
0.03475812077522278
0.07840727269649506
0.1765177994966507
0.04953622445464134
0.16258755326271057
0.20646971464157104
0.08683522045612335
0.07337009906768799
0.13471780717372894
0.06503279507160187
0.07889760285615921
0.09097137302160263
0.20513410866260529
0.10862787812948227
0.20818208158016205
0.08287004381418228
0.018789537250995636
0.1925913244485855
0.1265600323677063
0.28519290685653687
0.08583840727806091
0.1481277495622635
0.10778806358575821
0.17064285278320313
0.16127610206604004
0.07731691002845764
0.05110796168446541
0.08083560317754745
0.10321787744760513
0.05742661654949188
0.15010415017604828
0.09792380779981613
0.12185678631067276
0.10140581429004669
0.2319570928812027
0.13612768054008484
0.18827314674854279
0.09778562933206558
0.08477604389190674
0.07007394731044769
0.08582191169261932
0.19467289745807648
0.15697523951530457
0.16412052512168884
0.13711556792259216
0.07268357276916504
0.11358658224344254
0.05231567844748497
0.10833742469549179
0.1812952309846878
0.12610821425914764
0.05335652083158493
0.012694944627583027
0.03141982853412628
0.0779072716832161
0.1953359842300415
0.029529694467782974
0.10096258670091629
0.13539816439151764
0.038580749183893204
0.21205447614192963
0.11325658857822418
0.16600511968135834
0.33707836270332336
0.09257009625434875
0.04061160981655121
0.08077320456504822
0.1415160894393921
0.04789924994111061
0.12221870571374893
0.06348225474357605
0.07769148051738739
0.08605177700519562
0.15026625990867615
0.0961601585149765
0.057093363255262375
0.04745488613843918
0.23048041760921478
0.040912825614213943
0.1022183746099472
0.09473884850740433
0.025172438472509384
0.03467325121164322
0.16764824092388153
0.1428338885307312
0.1055036261677742
0.06768950819969177
0.0355939082801342
0.3092292547225952
0.11440647393465042
0.2184317708015442
0.2938159704208374
0.21469992399215698
0.11907462775707245
0.20973710715770721
0.10638371109962463
0.06556551158428192
0.04091133549809456
0.3828890025615692
0.1566331535577774
0.05211903154850006
0.08632449805736542
0.06296352297067642
0.14500238001346588
0.09537846595048904
0.07864382117986679
0.09875946491956711
0.16521970927715302
0.1593243032693863
0.08982862532138824
0.08863954246044159
0.1779141128063202
0.1163664311170578
0.12177841365337372
0.09740258753299713
0.12294735759496689
0.14479543268680573
0.037233006209135056
0.10210417211055756
0.051621995866298676
0.13848382234573364
0.2132255584001541
0.16784116625785828
0.09780526161193848
0.18941953778266907
0.11199761182069778
0.10128477960824966
0.059874944388866425
0.08383067697286606
0.19458410143852234
0.15329565107822418
0.12648461759090424
0.14395341277122498
0.05751471221446991
0.11338518559932709
0.13106349110603333
0.04988110065460205
0.1781843602657318
0.17547570168972015
0.04307210072875023
0.05111197382211685
0.24513137340545654
0.06604618579149246
0.04169836267828941
0.23508349061012268
0.051272325217723846
0.04555916786193848
0.08774068206548691
0.12735512852668762
0.26403266191482544
0.17887379229068756
0.05333668366074562
0.13567490875720978
0.20613062381744385
0.08788195252418518
0.05994656682014465
0.06799790263175964
0.09837884455919266
0.20570769906044006
0.028543569147586823
0.07644027471542358
0.10287827253341675
0.04482518509030342
0.07227098196744919
0.12775225937366486
0.406373530626297
0.1591968983411789
0.07068024575710297
0.0225333534181118
0.07581765204668045
0.10302030295133591
0.1316642016172409
0.03832438960671425
0.1605391949415207
0.1384979486465454
0.01899106614291668
0.21191443502902985
0.052406445145606995
0.04921872168779373
0.11186607927083969
0.1516883224248886
0.03391507267951965
0.2591220736503601
0.20317327976226807
0.1569063812494278
0.131037175655365
0.07107997685670853
0.15019641816616058
0.10937614738941193
0.17036350071430206
0.4085578918457031
0.43998852372169495
0.07086092233657837
0.13782568275928497
0.40597838163375854
0.13427706062793732
0.04570765420794487
0.10204685479402542
0.15410609543323517
0.10266098380088806
0.11188820004463196
0.17472755908966064
0.193854421377182
0.1083763837814331
0.06255917251110077
0.15252064168453217
0.06596716493368149
0.05983223766088486
0.1852688491344452
0.07779280841350555
0.05458223819732666
0.04813685268163681
0.06608240306377411
0.1616835743188858
0.03834536299109459
0.14550381898880005
0.4874342381954193
0.08800018578767776
0.13671843707561493
0.018470080569386482
0.0742785856127739
0.06656984984874725
0.11797640472650528
0.030625658109784126
0.11455747485160828
0.20892028510570526
0.05430453643202782
0.19821776449680328
0.06501451879739761
0.04020697996020317
0.04833459481596947
0.22508805990219116
0.23267564177513123
0.0397968553006649
0.15359850227832794
0.07993290573358536
0.05235893279314041
0.0916033387184143
0.11570250988006592
0.2245793640613556
0.08484183996915817
0.20715850591659546
0.1550258994102478
0.07295946031808853
0.050848543643951416
0.028540220111608505
0.11362435668706894
0.06594806909561157
0.11623508483171463
0.03890159726142883
0.18856175243854523
0.0729404166340828
0.10795727372169495
0.04155423492193222
0.04581180214881897
0.04183889925479889
0.118691585958004
0.061867013573646545
0.11551372706890106
0.10548960417509079
0.1414356529712677
0.19147510826587677
0.06703728437423706
0.05808413773775101
0.12645384669303894
0.06729965656995773
0.04159579426050186
0.04412299394607544
0.06003866717219353
0.18657338619232178
0.08604170382022858
0.08685755729675293
0.1789059191942215
0.05484123155474663
0.1488012820482254
0.07652159035205841
0.036302149295806885
0.05177325755357742
0.15973031520843506
0.12974679470062256
0.20858098566532135
0.16322344541549683
0.06294193118810654
0.09693404287099838
0.03652412071824074
0.27589675784111023
0.03255372866988182
0.02977100759744644
0.20862562954425812
0.11536076664924622
0.4418582618236542
0.07650551199913025
0.08117152005434036
0.3212153911590576
0.09576574712991714
0.11273694783449173
0.08163001388311386
0.08865483105182648
0.035452522337436676
0.10039512068033218
0.1329927146434784
0.24819712340831757
0.06893523782491684
0.04105983301997185
0.019486458972096443
0.17777948081493378
0.019532958045601845
0.19586506485939026
0.16589191555976868
0.17519371211528778
0.05868695676326752
0.056422702968120575
0.09092097729444504
0.11738220602273941
0.07595460116863251
0.2100694179534912
0.15010866522789001
0.09763060510158539
0.018411973491311073
0.10586068034172058
0.1846015751361847
0.34625476598739624
0.12111163884401321
0.14222614467144012
0.11012492328882217
0.1456359326839447
0.29923003911972046
0.08773791044950485
0.09971074014902115
0.07071903347969055
0.06893571466207504
0.22957727313041687
0.16096213459968567
0.1315113753080368
0.057031143456697464
0.07975628226995468
0.02519412897527218
0.3891303241252899
0.13114193081855774
0.15853402018547058
0.0981050580739975
0.03321224823594093
0.306631863117218
0.3282504975795746
0.033545006066560745
0.06609232723712921
0.23741695284843445
0.18130746483802795
0.19489391148090363
0.06824398785829544
0.0885663777589798
0.34217578172683716
0.10548220574855804
0.023946670815348625
0.03742741793394089
0.14277419447898865
0.03553425520658493
0.10462374240159988
0.03783847764134407
0.11187201738357544
0.10232388973236084
0.07062435150146484
0.0760836973786354
0.16347993910312653
0.15793128311634064
0.21595418453216553
0.04149148240685463
0.18091052770614624
0.16062399744987488
0.2291928380727768
0.10614123940467834
0.07257760316133499
0.05882400646805763
0.057386934757232666
0.1590379923582077
0.10181999206542969
0.1784067153930664
0.11452379077672958
0.09176146984100342
0.057100582867860794
0.04092537239193916
0.03243866190314293
0.1573992669582367
0.08970428258180618
0.0949525460600853
0.14104995131492615
0.1251220405101776
0.05045922100543976
0.11127007752656937
0.19729097187519073
0.1028740406036377
0.10970139503479004
0.10970953851938248
0.05132542550563812
0.15821689367294312
0.05379330739378929
0.10452669858932495
0.07731107622385025
0.0651753693819046
0.10287853330373764
0.20435261726379395
0.11649687588214874
0.09014273434877396
0.14342743158340454
0.05703653767704964
0.10885700583457947
0.19260838627815247
0.016713617369532585
0.11538299173116684
0.045531220734119415
0.16539813578128815
0.06907790154218674
0.014313447289168835
0.21979328989982605
0.11984967440366745
0.07750838994979858
0.0942828506231308
0.03366462513804436
0.020657073706388474
0.11163496971130371
0.1310097575187683
0.12494562566280365
0.054393112659454346
0.1673409789800644
0.1278114914894104
0.1585795283317566
0.01524852029979229
0.03091811202466488
0.21480220556259155
0.12647201120853424
0.1522037237882614
0.06293703615665436
0.08396375924348831
0.030250266194343567
0.051712971180677414
0.15134549140930176
0.08895757794380188
0.1341271549463272
0.27528896927833557
0.145650714635849
0.1682502031326294
0.11809533089399338
0.13526949286460876
0.040474049746990204
0.10727710276842117
0.14359204471111298
0.10988526791334152
0.12869904935359955
0.036444686353206635
0.1276179850101471
0.11620879173278809
0.14717493951320648
0.07971186935901642
0.062192652374506
0.06204916536808014
0.060550346970558167
0.15605294704437256
0.06855694949626923
0.07488264888525009
0.05047662928700447
0.24895775318145752
0.18806251883506775
0.13481922447681427
0.155489981174469
0.07864956557750702
0.29049599170684814
0.0350516177713871
0.0904630646109581
0.057396262884140015
0.06295044720172882
0.09756915271282196
0.07889539003372192
0.12180786579847336
0.16982796788215637
0.05989115685224533
0.19776426255702972
0.14998625218868256
0.02367272600531578
0.16550123691558838
0.13678185641765594
0.23863454163074493
0.07356005162000656
0.04540971666574478
0.12044946104288101
0.06282942742109299
0.19421368837356567
0.06779489666223526
0.1432817280292511
0.18550217151641846
0.17514896392822266
0.022669320926070213
0.0474269762635231
0.20263004302978516
0.03609221428632736
0.15046173334121704
0.3584086000919342
0.19108662009239197
0.10262703895568848
0.04805036261677742
0.09392447769641876
0.20473618805408478
0.13995733857154846
0.05870486795902252
0.02464897930622101
0.16813258826732635
0.22507207095623016
0.05819698050618172
0.19767418503761292
0.048529479652643204
0.04933055117726326
0.042685218155384064
0.22629554569721222
0.10320247709751129
0.13845708966255188
0.16603049635887146
0.026355843991041183
0.1301070600748062
0.11310166865587234
0.0739695131778717
0.12386690825223923
0.146737739443779
0.1249934509396553
0.10944031178951263
0.12984585762023926
0.11677967756986618
0.06801658123731613
0.11648692935705185
0.051823485642671585
0.08077721297740936
0.0862061157822609
0.2957723140716553
0.29558318853378296
0.025382835417985916
0.1376703679561615
0.07184185087680817
0.08089108020067215
0.15253804624080658
0.14659620821475983
0.26243358850479126
0.151406392455101
0.182441845536232
0.0740884318947792
0.028591854497790337
0.07866068929433823
0.1468924880027771
0.11764498800039291
0.1995275765657425
0.23861005902290344
0.03249110281467438
0.18420448899269104
0.29512202739715576
0.09619242697954178
0.046111810952425
0.14226706326007843
0.17895372211933136
0.06301169842481613
0.16141429543495178
0.1344660073518753
0.029512597247958183
0.09439360350370407
0.14305981993675232
0.13861620426177979
0.14818955957889557
0.11073698103427887
0.36434563994407654
0.20661307871341705
0.01371261477470398
0.07159052789211273
0.056838445365428925
0.15364687144756317
0.23423804342746735
0.20794835686683655
0.103502556681633
0.0985793024301529
0.07671339809894562
0.07852651178836823
0.10170692205429077
0.07116398215293884
0.09392188489437103
0.28435370326042175
0.05155332013964653
0.051803864538669586
0.0870063304901123
0.028240328654646873
0.3009742498397827
0.16379275918006897
0.07920686900615692
0.22768674790859222
0.069663405418396
0.15864631533622742
0.11570047587156296
0.101127989590168
0.09848922491073608
0.0492306724190712
0.13757896423339844
0.05837768688797951
0.2317764312028885
0.20617163181304932
0.24345482885837555
0.032724276185035706
0.06845524907112122
0.2694278359413147
0.07241737097501755
0.11687668412923813
0.08854804933071136
0.1646760255098343
0.12291353940963745
0.06596434861421585
0.13164526224136353
0.044004928320646286
0.13297884166240692
0.061627477407455444
0.0860590711236
0.10242991149425507
0.04768402874469757
0.11745864897966385
0.20627571642398834
0.08542981743812561
0.027445871382951736
0.11129733175039291
0.1263865828514099
0.0660148486495018
0.08592534065246582
0.044516671448946
0.08709210902452469
0.07169192284345627
0.044109225273132324
0.12048481404781342
0.20963972806930542
0.042704563587903976
0.059912651777267456
0.07234539091587067
0.07017222046852112
0.1682070940732956
0.1083584576845169
0.118418850004673
0.06958843022584915
0.2652646005153656
0.246413916349411
0.05955622345209122
0.035520315170288086
0.04014860838651657
0.20055820047855377
0.20437589287757874
0.06813637167215347
0.22690461575984955
0.10168730467557907
0.14295227825641632
0.1702888309955597
0.05301545187830925
0.19203437864780426
0.08675933629274368
0.22875677049160004
0.1492975652217865
0.10322003811597824
0.2643827497959137
0.10346534103155136
0.06542851030826569
0.08442818373441696
0.09113138914108276
0.08462965488433838
0.16267836093902588
0.16741211712360382
0.09198226779699326
0.13208073377609253
0.02544535882771015
0.15223725140094757
0.10980599373579025
0.05248803645372391
0.07660431414842606
0.05877599120140076
0.20783841609954834
0.25274786353111267
0.105305977165699
0.21711254119873047
0.12908123433589935
0.07032185792922974
0.14484873414039612
0.03216443583369255
0.1125849112868309
0.06275885552167892
0.12091506272554398
0.05138227343559265
0.11258697509765625
0.18638113141059875
0.16799911856651306
0.21570834517478943
0.04825964570045471
0.17281067371368408
0.12068047374486923
0.07119295001029968
0.03597831726074219
0.052962526679039
0.1143021360039711
0.10084427148103714
0.12701262533664703
0.20924654603004456
0.06843013316392899
0.08158544450998306
0.10299107432365417
0.10675888508558273
0.08426684886217117
0.11457466334104538
0.10535236448049545
0.16390560567378998
0.033003803342580795
0.07482161372900009
0.05125388503074646
0.12261423468589783
0.051730331033468246
0.10599780082702637
0.1430063247680664
0.11302489042282104
0.06874114274978638
0.1174519807100296
0.07064859569072723
0.15795336663722992
0.15591946244239807
0.17547178268432617
0.1486765295267105
0.1264263242483139
0.1329789161682129
0.12847578525543213
0.16841936111450195
0.043047722429037094
0.12776944041252136
0.27248212695121765
0.08926572650671005
0.06854371726512909
0.07543966919183731
0.03542884811758995
0.05306704342365265
0.04114148020744324
0.047528378665447235
0.0700518786907196
0.16094310581684113
0.043110840022563934
0.0724603608250618
0.10604534298181534
0.02600761130452156
0.06757262349128723
0.05588351562619209
0.18825632333755493
0.02684582956135273
0.04091547429561615
0.10102806985378265
0.12126191705465317
0.03592376038432121
0.2689778804779053
0.09200453013181686
0.10253506153821945
0.15627515316009521
0.28202539682388306
0.07333966344594955
0.10652195662260056
0.18729081749916077
0.09614551067352295
0.1988820880651474
0.0983504205942154
0.06373291462659836
0.15231280028820038
0.15759679675102234
